Release 14.7 - xst P.20131013 (nt64)
Copyright (c) 1995-2013 Xilinx, Inc.  All rights reserved.
--> Parameter TMPDIR set to xst/projnav.tmp


Total REAL time to Xst completion: 0.00 secs
Total CPU time to Xst completion: 0.13 secs
 
--> Parameter xsthdpdir set to xst


Total REAL time to Xst completion: 0.00 secs
Total CPU time to Xst completion: 0.13 secs
 
--> Reading design: alu_IPCore.prj

TABLE OF CONTENTS
  1) Synthesis Options Summary
  2) HDL Parsing
  3) HDL Elaboration
  4) HDL Synthesis
       4.1) HDL Synthesis Report
  5) Advanced HDL Synthesis
       5.1) Advanced HDL Synthesis Report
  6) Low Level Synthesis
  7) Partition Report
  8) Design Summary
       8.1) Primitive and Black Box Usage
       8.2) Device utilization summary
       8.3) Partition Resource Summary
       8.4) Timing Report
            8.4.1) Clock Information
            8.4.2) Asynchronous Control Signals Information
            8.4.3) Timing Summary
            8.4.4) Timing Details
            8.4.5) Cross Clock Domains Report


=========================================================================
*                      Synthesis Options Summary                        *
=========================================================================
---- Source Parameters
Input File Name                    : "alu_IPCore.prj"
Ignore Synthesis Constraint File   : NO

---- Target Parameters
Output File Name                   : "alu_IPCore"
Output Format                      : NGC
Target Device                      : xc7vx330t-1-ffg1761

---- Source Options
Top Module Name                    : alu_IPCore
Automatic FSM Extraction           : YES
FSM Encoding Algorithm             : Auto
Safe Implementation                : No
FSM Style                          : LUT
RAM Extraction                     : Yes
RAM Style                          : Auto
ROM Extraction                     : Yes
Shift Register Extraction          : YES
ROM Style                          : Auto
Resource Sharing                   : YES
Asynchronous To Synchronous        : NO
Shift Register Minimum Size        : 2
Use DSP Block                      : Auto
Automatic Register Balancing       : No

---- Target Options
LUT Combining                      : Auto
Reduce Control Sets                : Auto
Add IO Buffers                     : YES
Global Maximum Fanout              : 100000
Add Generic Clock Buffer(BUFG)     : 32
Register Duplication               : YES
Optimize Instantiated Primitives   : NO
Use Clock Enable                   : Auto
Use Synchronous Set                : Auto
Use Synchronous Reset              : Auto
Pack IO Registers into IOBs        : Auto
Equivalent register Removal        : YES

---- General Options
Optimization Goal                  : Speed
Optimization Effort                : 1
Power Reduction                    : NO
Keep Hierarchy                     : No
Netlist Hierarchy                  : As_Optimized
RTL Output                         : Yes
Global Optimization                : AllClockNets
Read Cores                         : YES
Write Timing Constraints           : NO
Cross Clock Analysis               : NO
Hierarchy Separator                : /
Bus Delimiter                      : <>
Case Specifier                     : Maintain
Slice Utilization Ratio            : 100
BRAM Utilization Ratio             : 100
DSP48 Utilization Ratio            : 100
Auto BRAM Packing                  : NO
Slice Utilization Ratio Delta      : 5

---- Other Options
Cores Search Directories           : {"ipcore_dir"  }

=========================================================================


=========================================================================
*                          HDL Parsing                                  *
=========================================================================
Analyzing Verilog file "C:\Users\gilan\Projects\ISEProjects\part1\ipcore_dir\Multiplication.v" into library work
Parsing module <Multiplication>.
Analyzing Verilog file "C:\Users\gilan\Projects\ISEProjects\part1\ipcore_dir\Addition_Subtraction.v" into library work
Parsing module <Addition_Subtraction>.
Analyzing Verilog file "C:\Users\gilan\Projects\ISEProjects\part1\alu.v" into library work
Parsing module <alu_IPCore>.

=========================================================================
*                            HDL Elaboration                            *
=========================================================================

Elaborating module <alu_IPCore>.

Elaborating module <Multiplication>.
WARNING:HDLCompiler:189 - "C:\Users\gilan\Projects\ISEProjects\part1\alu.v" Line 21: Size mismatch in connection of port <s_axis_a_tvalid>. Formal port size is 1-bit while actual signal size is 32-bit.
WARNING:HDLCompiler:189 - "C:\Users\gilan\Projects\ISEProjects\part1\alu.v" Line 24: Size mismatch in connection of port <s_axis_b_tvalid>. Formal port size is 1-bit while actual signal size is 32-bit.
WARNING:HDLCompiler:189 - "C:\Users\gilan\Projects\ISEProjects\part1\alu.v" Line 28: Size mismatch in connection of port <m_axis_result_tready>. Formal port size is 1-bit while actual signal size is 32-bit.

Elaborating module <Addition_Subtraction>.
WARNING:HDLCompiler:189 - "C:\Users\gilan\Projects\ISEProjects\part1\alu.v" Line 35: Size mismatch in connection of port <s_axis_a_tvalid>. Formal port size is 1-bit while actual signal size is 32-bit.
WARNING:HDLCompiler:189 - "C:\Users\gilan\Projects\ISEProjects\part1\alu.v" Line 38: Size mismatch in connection of port <s_axis_b_tvalid>. Formal port size is 1-bit while actual signal size is 32-bit.
WARNING:HDLCompiler:189 - "C:\Users\gilan\Projects\ISEProjects\part1\alu.v" Line 41: Size mismatch in connection of port <s_axis_operation_tvalid>. Formal port size is 1-bit while actual signal size is 32-bit.
WARNING:HDLCompiler:189 - "C:\Users\gilan\Projects\ISEProjects\part1\alu.v" Line 43: Size mismatch in connection of port <s_axis_operation_tdata>. Formal port size is 8-bit while actual signal size is 1-bit.
WARNING:HDLCompiler:189 - "C:\Users\gilan\Projects\ISEProjects\part1\alu.v" Line 45: Size mismatch in connection of port <m_axis_result_tready>. Formal port size is 1-bit while actual signal size is 32-bit.

=========================================================================
*                           HDL Synthesis                               *
=========================================================================

Synthesizing Unit <alu_IPCore>.
    Related source file is "C:\Users\gilan\Projects\ISEProjects\part1\alu.v".
INFO:Xst:3210 - "C:\Users\gilan\Projects\ISEProjects\part1\alu.v" line 19: Output port <s_axis_a_tready> of the instance <mult_core> is unconnected or connected to loadless signal.
INFO:Xst:3210 - "C:\Users\gilan\Projects\ISEProjects\part1\alu.v" line 19: Output port <s_axis_b_tready> of the instance <mult_core> is unconnected or connected to loadless signal.
INFO:Xst:3210 - "C:\Users\gilan\Projects\ISEProjects\part1\alu.v" line 33: Output port <s_axis_a_tready> of the instance <add_core> is unconnected or connected to loadless signal.
INFO:Xst:3210 - "C:\Users\gilan\Projects\ISEProjects\part1\alu.v" line 33: Output port <s_axis_b_tready> of the instance <add_core> is unconnected or connected to loadless signal.
INFO:Xst:3210 - "C:\Users\gilan\Projects\ISEProjects\part1\alu.v" line 33: Output port <s_axis_operation_tready> of the instance <add_core> is unconnected or connected to loadless signal.
    Summary:
	inferred   3 Multiplexer(s).
Unit <alu_IPCore> synthesized.

=========================================================================
HDL Synthesis Report

Macro Statistics
# Multiplexers                                         : 3
 1-bit 2-to-1 multiplexer                              : 2
 32-bit 2-to-1 multiplexer                             : 1

=========================================================================

=========================================================================
*                       Advanced HDL Synthesis                          *
=========================================================================

Reading core <ipcore_dir/Multiplication.ngc>.
Reading Secure Unit <blk00000001>.
Reading core <ipcore_dir/Addition_Subtraction.ngc>.
Reading Secure Unit <blk00000001>.
Loading core <Multiplication> for timing and area information for instance <mult_core>.
Loading core <Addition_Subtraction> for timing and area information for instance <add_core>.

=========================================================================
Advanced HDL Synthesis Report

Macro Statistics
# Multiplexers                                         : 3
 1-bit 2-to-1 multiplexer                              : 2
 32-bit 2-to-1 multiplexer                             : 1

=========================================================================

=========================================================================
*                         Low Level Synthesis                           *
=========================================================================

Optimizing unit <alu_IPCore> ...

Mapping all equations...
Building and optimizing final netlist ...
Found area constraint ratio of 100 (+ 5) on block alu_IPCore, actual ratio is 0.

Final Macro Processing ...

=========================================================================
Final Register Report

Found no macro
=========================================================================

=========================================================================
*                           Partition Report                            *
=========================================================================

Partition Implementation Status
-------------------------------

  No Partitions were found in this design.

-------------------------------

=========================================================================
*                            Design Summary                             *
=========================================================================

Top Level Output File Name         : alu_IPCore.ngc

Primitive and Black Box Usage:
------------------------------
# BELS                             : 1255
#      GND                         : 4
#      INV                         : 5
#      LUT1                        : 22
#      LUT2                        : 60
#      LUT3                        : 267
#      LUT4                        : 103
#      LUT5                        : 153
#      LUT6                        : 204
#      LUT6_2                      : 18
#      MUXCY                       : 219
#      MUXF7                       : 13
#      MUXF8                       : 1
#      VCC                         : 4
#      XORCY                       : 182
# FlipFlops/Latches                : 1084
#      FD                          : 80
#      FDE                         : 1004
# Shift Registers                  : 67
#      SRLC16E                     : 67
# Clock Buffers                    : 1
#      BUFGP                       : 1
# IO Buffers                       : 100
#      IBUF                        : 66
#      OBUF                        : 34
# DSPs                             : 2
#      DSP48E1                     : 2

Device utilization summary:
---------------------------

Selected Device : 7vx330tffg1761-1 


Slice Logic Utilization: 
 Number of Slice Registers:            1084  out of  408000     0%  
 Number of Slice LUTs:                  899  out of  204000     0%  
    Number used as Logic:               832  out of  204000     0%  
    Number used as Memory:               67  out of  70200     0%  
       Number used as SRL:               67

Slice Logic Distribution: 
 Number of LUT Flip Flop pairs used:   1983
   Number with an unused Flip Flop:     899  out of   1983    45%  
   Number with an unused LUT:          1084  out of   1983    54%  
   Number of fully used LUT-FF pairs:     0  out of   1983     0%  
   Number of unique control sets:         0

IO Utilization: 
 Number of IOs:                         101
 Number of bonded IOBs:                 101  out of    700    14%  

Specific Feature Utilization:
 Number of BUFG/BUFGCTRLs:                1  out of     32     3%  
 Number of DSP48E1s:                      2  out of   1120     0%  

---------------------------
Partition Resource Summary:
---------------------------

  No Partitions were found in this design.

---------------------------


=========================================================================
Timing Report

NOTE: THESE TIMING NUMBERS ARE ONLY A SYNTHESIS ESTIMATE.
      FOR ACCURATE TIMING INFORMATION PLEASE REFER TO THE TRACE REPORT
      GENERATED AFTER PLACE-and-ROUTE.

Clock Information:
------------------
-----------------------------------+------------------------+-------+
Clock Signal                       | Clock buffer(FF name)  | Load  |
-----------------------------------+------------------------+-------+
aclk                               | BUFGP                  | 1153  |
-----------------------------------+------------------------+-------+

Asynchronous Control Signals Information:
----------------------------------------
No asynchronous control signals found in this design

Timing Summary:
---------------
Speed Grade: -1

   Minimum period: 2.261ns (Maximum Frequency: 442.282MHz)
   Minimum input arrival time before clock: 1.246ns
   Maximum output required time after clock: 1.522ns
   Maximum combinational path delay: 1.344ns

Timing Details:
---------------
All values displayed in nanoseconds (ns)

=========================================================================
Timing constraint: Default period analysis for Clock 'aclk'
  Clock period: 2.261ns (frequency: 442.282MHz)
  Total number of paths / destination ports: 14307 / 2221
-------------------------------------------------------------------------
Delay:               2.261ns (Levels of Logic = 3)
  Source:            sec_inst (FF)
  Destination:       sec_inst (FF)
  Source Clock:      aclk rising
  Destination Clock: aclk rising

  Data Path: sec_inst to sec_inst
                                Gate     Net
    Cell:in->out      fanout   Delay   Delay  Logical Name (Net Name)
    ----------------------------------------  ------------
     SEC:C->out            7   0.282   0.675  sec_inst (sec_net)
     SEC:in->out           4   0.053   0.505  sec_inst (sec_net)
     SEC:in->out           5   0.053   0.629  sec_inst (sec_net)
     SEC:in->out           1   0.053   0.000  sec_inst (sec_net)
     SEC:in                    0.011          sec_inst
    ----------------------------------------
    Total                      2.261ns (0.452ns logic, 1.809ns route)
                                       (20.0% logic, 80.0% route)

=========================================================================
Timing constraint: Default OFFSET IN BEFORE for Clock 'aclk'
  Total number of paths / destination ports: 260 / 258
-------------------------------------------------------------------------
Offset:              1.246ns (Levels of Logic = 4)
  Source:            func<1> (PAD)
  Destination:       sec_inst (FF)
  Destination Clock: aclk rising

  Data Path: func<1> to sec_inst
                                Gate     Net
    Cell:in->out      fanout   Delay   Delay  Logical Name (Net Name)
    ----------------------------------------  ------------
     IBUF:I->O            35   0.000   0.638  func_1_IBUF (func_1_IBUF)
     LUT2:I0->O            2   0.053   0.491  GND_1_o_GND_1_o_equal_1_o<1>1 (GND_1_o_GND_1_o_equal_1_o)
     begin scope: 'add_core:s_axis_operation_tdata<0>'
     begin scope: 'add_core/blk00000001:s_axis_operation_tdata<0>'
     SEC:in->out           1   0.053   0.000  sec_inst (sec_net)
     SEC:in                    0.011          sec_inst
    ----------------------------------------
    Total                      1.246ns (0.117ns logic, 1.129ns route)
                                       (9.4% logic, 90.6% route)

=========================================================================
Timing constraint: Default OFFSET OUT AFTER for Clock 'aclk'
  Total number of paths / destination ports: 70 / 34
-------------------------------------------------------------------------
Offset:              1.522ns (Levels of Logic = 3)
  Source:            sec_inst (FF)
  Destination:       ready (PAD)
  Source Clock:      aclk rising

  Data Path: sec_inst to ready
                                Gate     Net
    Cell:in->out      fanout   Delay   Delay  Logical Name (Net Name)
    ----------------------------------------  ------------
     SEC:C->out           32   0.282   0.788  sec_inst (sec_net)
     end scope: 'add_core/blk00000001:m_axis_result_tvalid'
     end scope: 'add_core:m_axis_result_tvalid'
     LUT4:I0->O            1   0.053   0.399  Mmux_ready11 (ready_OBUF)
     OBUF:I->O                 0.000          ready_OBUF (ready)
    ----------------------------------------
    Total                      1.522ns (0.335ns logic, 1.187ns route)
                                       (22.0% logic, 78.0% route)

=========================================================================
Timing constraint: Default path analysis
  Total number of paths / destination ports: 68 / 34
-------------------------------------------------------------------------
Delay:               1.344ns (Levels of Logic = 3)
  Source:            func<1> (PAD)
  Destination:       error (PAD)

  Data Path: func<1> to error
                                Gate     Net
    Cell:in->out      fanout   Delay   Delay  Logical Name (Net Name)
    ----------------------------------------  ------------
     IBUF:I->O            35   0.000   0.892  func_1_IBUF (func_1_IBUF)
     LUT6:I0->O            1   0.053   0.399  Mmux_error11 (error_OBUF)
     OBUF:I->O                 0.000          error_OBUF (error)
    ----------------------------------------
    Total                      1.344ns (0.053ns logic, 1.291ns route)
                                       (3.9% logic, 96.1% route)

=========================================================================

Cross Clock Domains Report:
--------------------------

Clock to Setup on destination clock aclk
---------------+---------+---------+---------+---------+
               | Src:Rise| Src:Fall| Src:Rise| Src:Fall|
Source Clock   |Dest:Rise|Dest:Rise|Dest:Fall|Dest:Fall|
---------------+---------+---------+---------+---------+
aclk           |    2.261|         |         |         |
---------------+---------+---------+---------+---------+

=========================================================================


Total REAL time to Xst completion: 7.00 secs
Total CPU time to Xst completion: 6.88 secs
 
--> 

Total memory usage is 4633464 kilobytes

Number of errors   :    0 (   0 filtered)
Number of warnings :    8 (   0 filtered)
Number of infos    :    5 (   0 filtered)

