Analysis & Synthesis report for Part7a
Sun Mar 10 14:29:12 2024
Quartus II 64-Bit Version 13.0.1 Build 232 06/12/2013 Service Pack 1 SJ Web Edition


---------------------
; Table of Contents ;
---------------------
  1. Legal Notice
  2. Analysis & Synthesis Summary
  3. Analysis & Synthesis Settings
  4. Parallel Compilation
  5. Analysis & Synthesis Source Files Read
  6. Analysis & Synthesis Resource Usage Summary
  7. Analysis & Synthesis Resource Utilization by Entity
  8. State Machine - |Part7a|PS2_Controller:PS2|s_ps2_transceiver
  9. State Machine - |Part7a|PS2_Controller:PS2|Altera_UP_PS2_Command_Out:PS2_Command_Out|s_ps2_transmitter
 10. State Machine - |Part7a|PS2_Controller:PS2|Altera_UP_PS2_Data_In:PS2_Data_In|s_ps2_receiver
 11. Registers Removed During Synthesis
 12. Removed Registers Triggering Further Register Optimizations
 13. General Register Statistics
 14. Multiplexer Restructuring Statistics (Restructuring Performed)
 15. Parameter Settings for User Entity Instance: PS2_Controller:PS2|Altera_UP_PS2_Command_Out:PS2_Command_Out
 16. Port Connectivity Checks: "PS2_Controller:PS2"
 17. Elapsed Time Per Partition
 18. Analysis & Synthesis Messages



----------------
; Legal Notice ;
----------------
Copyright (C) 1991-2013 Altera Corporation
Your use of Altera Corporation's design tools, logic functions 
and other software and tools, and its AMPP partner logic 
functions, and any output files from any of the foregoing 
(including device programming or simulation files), and any 
associated documentation or information are expressly subject 
to the terms and conditions of the Altera Program License 
Subscription Agreement, Altera MegaCore Function License 
Agreement, or other applicable license agreement, including, 
without limitation, that your use is for the sole purpose of 
programming logic devices manufactured by Altera and sold by 
Altera or its authorized distributors.  Please refer to the 
applicable agreement for further details.



+--------------------------------------------------------------------------------------+
; Analysis & Synthesis Summary                                                         ;
+------------------------------------+-------------------------------------------------+
; Analysis & Synthesis Status        ; Successful - Sun Mar 10 14:29:12 2024           ;
; Quartus II 64-Bit Version          ; 13.0.1 Build 232 06/12/2013 SP 1 SJ Web Edition ;
; Revision Name                      ; Part7a                                          ;
; Top-level Entity Name              ; Part7a                                          ;
; Family                             ; Cyclone II                                      ;
; Total logic elements               ; 47                                              ;
;     Total combinational functions  ; 40                                              ;
;     Dedicated logic registers      ; 33                                              ;
; Total registers                    ; 33                                              ;
; Total pins                         ; 8                                               ;
; Total virtual pins                 ; 0                                               ;
; Total memory bits                  ; 0                                               ;
; Embedded Multiplier 9-bit elements ; 0                                               ;
; Total PLLs                         ; 0                                               ;
+------------------------------------+-------------------------------------------------+


+----------------------------------------------------------------------------------------------------------------------+
; Analysis & Synthesis Settings                                                                                        ;
+----------------------------------------------------------------------------+--------------------+--------------------+
; Option                                                                     ; Setting            ; Default Value      ;
+----------------------------------------------------------------------------+--------------------+--------------------+
; Device                                                                     ; EP2C35F672C6       ;                    ;
; Top-level entity name                                                      ; Part7a             ; Part7a             ;
; Family name                                                                ; Cyclone II         ; Cyclone IV GX      ;
; Use smart compilation                                                      ; Off                ; Off                ;
; Enable parallel Assembler and TimeQuest Timing Analyzer during compilation ; On                 ; On                 ;
; Enable compact report table                                                ; Off                ; Off                ;
; Restructure Multiplexers                                                   ; Auto               ; Auto               ;
; Create Debugging Nodes for IP Cores                                        ; Off                ; Off                ;
; Preserve fewer node names                                                  ; On                 ; On                 ;
; Disable OpenCore Plus hardware evaluation                                  ; Off                ; Off                ;
; Verilog Version                                                            ; Verilog_2001       ; Verilog_2001       ;
; VHDL Version                                                               ; VHDL_1993          ; VHDL_1993          ;
; State Machine Processing                                                   ; Auto               ; Auto               ;
; Safe State Machine                                                         ; Off                ; Off                ;
; Extract Verilog State Machines                                             ; On                 ; On                 ;
; Extract VHDL State Machines                                                ; On                 ; On                 ;
; Ignore Verilog initial constructs                                          ; Off                ; Off                ;
; Iteration limit for constant Verilog loops                                 ; 5000               ; 5000               ;
; Iteration limit for non-constant Verilog loops                             ; 250                ; 250                ;
; Add Pass-Through Logic to Inferred RAMs                                    ; On                 ; On                 ;
; Infer RAMs from Raw Logic                                                  ; On                 ; On                 ;
; Parallel Synthesis                                                         ; Off                ; Off                ;
; DSP Block Balancing                                                        ; Auto               ; Auto               ;
; NOT Gate Push-Back                                                         ; On                 ; On                 ;
; Power-Up Don't Care                                                        ; On                 ; On                 ;
; Remove Redundant Logic Cells                                               ; Off                ; Off                ;
; Remove Duplicate Registers                                                 ; On                 ; On                 ;
; Ignore CARRY Buffers                                                       ; Off                ; Off                ;
; Ignore CASCADE Buffers                                                     ; Off                ; Off                ;
; Ignore GLOBAL Buffers                                                      ; Off                ; Off                ;
; Ignore ROW GLOBAL Buffers                                                  ; Off                ; Off                ;
; Ignore LCELL Buffers                                                       ; Off                ; Off                ;
; Ignore SOFT Buffers                                                        ; On                 ; On                 ;
; Limit AHDL Integers to 32 Bits                                             ; Off                ; Off                ;
; Optimization Technique                                                     ; Balanced           ; Balanced           ;
; Carry Chain Length                                                         ; 70                 ; 70                 ;
; Auto Carry Chains                                                          ; On                 ; On                 ;
; Auto Open-Drain Pins                                                       ; On                 ; On                 ;
; Perform WYSIWYG Primitive Resynthesis                                      ; Off                ; Off                ;
; Auto ROM Replacement                                                       ; On                 ; On                 ;
; Auto RAM Replacement                                                       ; On                 ; On                 ;
; Auto Shift Register Replacement                                            ; Auto               ; Auto               ;
; Allow Shift Register Merging across Hierarchies                            ; Auto               ; Auto               ;
; Auto Clock Enable Replacement                                              ; On                 ; On                 ;
; Strict RAM Replacement                                                     ; Off                ; Off                ;
; Allow Synchronous Control Signals                                          ; On                 ; On                 ;
; Force Use of Synchronous Clear Signals                                     ; Off                ; Off                ;
; Auto RAM to Logic Cell Conversion                                          ; Off                ; Off                ;
; Auto Resource Sharing                                                      ; Off                ; Off                ;
; Allow Any RAM Size For Recognition                                         ; Off                ; Off                ;
; Allow Any ROM Size For Recognition                                         ; Off                ; Off                ;
; Allow Any Shift Register Size For Recognition                              ; Off                ; Off                ;
; Use LogicLock Constraints during Resource Balancing                        ; On                 ; On                 ;
; Ignore translate_off and synthesis_off directives                          ; Off                ; Off                ;
; Timing-Driven Synthesis                                                    ; Off                ; Off                ;
; Report Parameter Settings                                                  ; On                 ; On                 ;
; Report Source Assignments                                                  ; On                 ; On                 ;
; Report Connectivity Checks                                                 ; On                 ; On                 ;
; Ignore Maximum Fan-Out Assignments                                         ; Off                ; Off                ;
; Synchronization Register Chain Length                                      ; 2                  ; 2                  ;
; PowerPlay Power Optimization                                               ; Normal compilation ; Normal compilation ;
; HDL message level                                                          ; Level2             ; Level2             ;
; Suppress Register Optimization Related Messages                            ; Off                ; Off                ;
; Number of Removed Registers Reported in Synthesis Report                   ; 5000               ; 5000               ;
; Number of Swept Nodes Reported in Synthesis Report                         ; 5000               ; 5000               ;
; Number of Inverted Registers Reported in Synthesis Report                  ; 100                ; 100                ;
; Clock MUX Protection                                                       ; On                 ; On                 ;
; Auto Gated Clock Conversion                                                ; Off                ; Off                ;
; Block Design Naming                                                        ; Auto               ; Auto               ;
; SDC constraint protection                                                  ; Off                ; Off                ;
; Synthesis Effort                                                           ; Auto               ; Auto               ;
; Shift Register Replacement - Allow Asynchronous Clear Signal               ; On                 ; On                 ;
; Pre-Mapping Resynthesis Optimization                                       ; Off                ; Off                ;
; Analysis & Synthesis Message Level                                         ; Medium             ; Medium             ;
; Disable Register Merging Across Hierarchies                                ; Auto               ; Auto               ;
; Resource Aware Inference For Block RAM                                     ; On                 ; On                 ;
; Synthesis Seed                                                             ; 1                  ; 1                  ;
+----------------------------------------------------------------------------+--------------------+--------------------+


Parallel compilation was disabled, but you have multiple processors available. Enable parallel compilation to reduce compilation time.
+-------------------------------------+
; Parallel Compilation                ;
+----------------------------+--------+
; Processors                 ; Number ;
+----------------------------+--------+
; Number detected on machine ; 16     ;
; Maximum allowed            ; 1      ;
+----------------------------+--------+


+---------------------------------------------------------------------------------------------------------------------------------------------------------------------------------------------------------------------------------+
; Analysis & Synthesis Source Files Read                                                                                                                                                                                          ;
+----------------------------------+-----------------+------------------------------+-----------------------------------------------------------------------------------------------------------------------------------+---------+
; File Name with User-Entered Path ; Used in Netlist ; File Type                    ; File Name with Absolute Path                                                                                                      ; Library ;
+----------------------------------+-----------------+------------------------------+-----------------------------------------------------------------------------------------------------------------------------------+---------+
; ps2/PS2_Controller.v             ; yes             ; User Verilog HDL File        ; C:/Users/sadra/Documents/University/Sixth Semester/FPGA/Lab/Lab 1/Lab1_f/Assignment1/Part7/Part7a/ps2/PS2_Controller.v            ;         ;
; ps2/Altera_UP_PS2_Data_In.v      ; yes             ; User Verilog HDL File        ; C:/Users/sadra/Documents/University/Sixth Semester/FPGA/Lab/Lab 1/Lab1_f/Assignment1/Part7/Part7a/ps2/Altera_UP_PS2_Data_In.v     ;         ;
; ps2/Altera_UP_PS2_Command_Out.v  ; yes             ; User Verilog HDL File        ; C:/Users/sadra/Documents/University/Sixth Semester/FPGA/Lab/Lab 1/Lab1_f/Assignment1/Part7/Part7a/ps2/Altera_UP_PS2_Command_Out.v ;         ;
; part7a.v                         ; yes             ; Auto-Found Verilog HDL File  ; C:/Users/sadra/Documents/University/Sixth Semester/FPGA/Lab/Lab 1/Lab1_f/Assignment1/Part7/Part7a/part7a.v                        ;         ;
; handshake_p1.v                   ; yes             ; Auto-Found Verilog HDL File  ; C:/Users/sadra/Documents/University/Sixth Semester/FPGA/Lab/Lab 1/Lab1_f/Assignment1/Part7/Part7a/handshake_p1.v                  ;         ;
+----------------------------------+-----------------+------------------------------+-----------------------------------------------------------------------------------------------------------------------------------+---------+


+--------------------------------------------------------+
; Analysis & Synthesis Resource Usage Summary            ;
+---------------------------------------------+----------+
; Resource                                    ; Usage    ;
+---------------------------------------------+----------+
; Estimated Total logic elements              ; 47       ;
;                                             ;          ;
; Total combinational functions               ; 40       ;
; Logic element usage by number of LUT inputs ;          ;
;     -- 4 input functions                    ; 17       ;
;     -- 3 input functions                    ; 7        ;
;     -- <=2 input functions                  ; 16       ;
;                                             ;          ;
; Logic elements by mode                      ;          ;
;     -- normal mode                          ; 40       ;
;     -- arithmetic mode                      ; 0        ;
;                                             ;          ;
; Total registers                             ; 33       ;
;     -- Dedicated logic registers            ; 33       ;
;     -- I/O registers                        ; 0        ;
;                                             ;          ;
; I/O pins                                    ; 8        ;
; Embedded Multiplier 9-bit elements          ; 0        ;
; Maximum fan-out node                        ; CLOCK_50 ;
; Maximum fan-out                             ; 33       ;
; Total fan-out                               ; 218      ;
; Average fan-out                             ; 2.69     ;
+---------------------------------------------+----------+


+-------------------------------------------------------------------------------------------------------------------------------------------------------------------------------------------------------------------------------------+
; Analysis & Synthesis Resource Utilization by Entity                                                                                                                                                                                 ;
+-------------------------------------------+-------------------+--------------+-------------+--------------+---------+-----------+------+--------------+--------------------------------------------------------------+--------------+
; Compilation Hierarchy Node                ; LC Combinationals ; LC Registers ; Memory Bits ; DSP Elements ; DSP 9x9 ; DSP 18x18 ; Pins ; Virtual Pins ; Full Hierarchy Name                                          ; Library Name ;
+-------------------------------------------+-------------------+--------------+-------------+--------------+---------+-----------+------+--------------+--------------------------------------------------------------+--------------+
; |Part7a                                   ; 40 (0)            ; 33 (0)       ; 0           ; 0            ; 0       ; 0         ; 8    ; 0            ; |Part7a                                                      ; work         ;
;    |PS2_Controller:PS2|                   ; 40 (14)           ; 30 (5)       ; 0           ; 0            ; 0       ; 0         ; 0    ; 0            ; |Part7a|PS2_Controller:PS2                                   ; work         ;
;       |Altera_UP_PS2_Data_In:PS2_Data_In| ; 26 (26)           ; 25 (25)      ; 0           ; 0            ; 0       ; 0         ; 0    ; 0            ; |Part7a|PS2_Controller:PS2|Altera_UP_PS2_Data_In:PS2_Data_In ; work         ;
;    |handshake_p1:h|                       ; 0 (0)             ; 3 (3)        ; 0           ; 0            ; 0       ; 0         ; 0    ; 0            ; |Part7a|handshake_p1:h                                       ; work         ;
+-------------------------------------------+-------------------+--------------+-------------+--------------+---------+-----------+------+--------------+--------------------------------------------------------------+--------------+
Note: For table entries with two numbers listed, the numbers in parentheses indicate the number of resources of the given type used by the specific entity alone. The numbers listed outside of parentheses indicate the total resources of the given type used by the specific entity and all of its sub-entities in the hierarchy.


Encoding Type:  One-Hot
+--------------------------------------------------------------------------------------------------------------------------------------------------------------------------------------------------------------------------------------------------------------+
; State Machine - |Part7a|PS2_Controller:PS2|s_ps2_transceiver                                                                                                                                                                                                 ;
+--------------------------------------------+--------------------------------------------+-------------------------------------------+---------------------------------------+------------------------------------+-------------------------------------------+
; Name                                       ; s_ps2_transceiver.PS2_STATE_3_END_TRANSFER ; s_ps2_transceiver.PS2_STATE_2_COMMAND_OUT ; s_ps2_transceiver.PS2_STATE_1_DATA_IN ; s_ps2_transceiver.PS2_STATE_0_IDLE ; s_ps2_transceiver.PS2_STATE_4_END_DELAYED ;
+--------------------------------------------+--------------------------------------------+-------------------------------------------+---------------------------------------+------------------------------------+-------------------------------------------+
; s_ps2_transceiver.PS2_STATE_0_IDLE         ; 0                                          ; 0                                         ; 0                                     ; 0                                  ; 0                                         ;
; s_ps2_transceiver.PS2_STATE_1_DATA_IN      ; 0                                          ; 0                                         ; 1                                     ; 1                                  ; 0                                         ;
; s_ps2_transceiver.PS2_STATE_2_COMMAND_OUT  ; 0                                          ; 1                                         ; 0                                     ; 1                                  ; 0                                         ;
; s_ps2_transceiver.PS2_STATE_3_END_TRANSFER ; 1                                          ; 0                                         ; 0                                     ; 1                                  ; 0                                         ;
; s_ps2_transceiver.PS2_STATE_4_END_DELAYED  ; 0                                          ; 0                                         ; 0                                     ; 1                                  ; 1                                         ;
+--------------------------------------------+--------------------------------------------+-------------------------------------------+---------------------------------------+------------------------------------+-------------------------------------------+


Encoding Type:  One-Hot
+-----------------------------------------------------------------------------------------------------------------------------------------------------------------------------------------------------------------------------------------------------------------------------------------------------------------------------------------------------------------------------------------------------------------------------------------------------+
; State Machine - |Part7a|PS2_Controller:PS2|Altera_UP_PS2_Command_Out:PS2_Command_Out|s_ps2_transmitter                                                                                                                                                                                                                                                                                                                                              ;
+------------------------------------------------------+--------------------------------------------------+------------------------------------------------+-----------------------------------------------+-------------------------------------------------+---------------------------------------------+----------------------------------------------+------------------------------------------------------+------------------------------------+
; Name                                                 ; s_ps2_transmitter.PS2_STATE_7_TRANSMISSION_ERROR ; s_ps2_transmitter.PS2_STATE_6_COMMAND_WAS_SENT ; s_ps2_transmitter.PS2_STATE_5_RECEIVE_ACK_BIT ; s_ps2_transmitter.PS2_STATE_4_TRANSMIT_STOP_BIT ; s_ps2_transmitter.PS2_STATE_3_TRANSMIT_DATA ; s_ps2_transmitter.PS2_STATE_2_WAIT_FOR_CLOCK ; s_ps2_transmitter.PS2_STATE_1_INITIATE_COMMUNICATION ; s_ps2_transmitter.PS2_STATE_0_IDLE ;
+------------------------------------------------------+--------------------------------------------------+------------------------------------------------+-----------------------------------------------+-------------------------------------------------+---------------------------------------------+----------------------------------------------+------------------------------------------------------+------------------------------------+
; s_ps2_transmitter.PS2_STATE_0_IDLE                   ; 0                                                ; 0                                              ; 0                                             ; 0                                               ; 0                                           ; 0                                            ; 0                                                    ; 0                                  ;
; s_ps2_transmitter.PS2_STATE_1_INITIATE_COMMUNICATION ; 0                                                ; 0                                              ; 0                                             ; 0                                               ; 0                                           ; 0                                            ; 1                                                    ; 1                                  ;
; s_ps2_transmitter.PS2_STATE_2_WAIT_FOR_CLOCK         ; 0                                                ; 0                                              ; 0                                             ; 0                                               ; 0                                           ; 1                                            ; 0                                                    ; 1                                  ;
; s_ps2_transmitter.PS2_STATE_3_TRANSMIT_DATA          ; 0                                                ; 0                                              ; 0                                             ; 0                                               ; 1                                           ; 0                                            ; 0                                                    ; 1                                  ;
; s_ps2_transmitter.PS2_STATE_4_TRANSMIT_STOP_BIT      ; 0                                                ; 0                                              ; 0                                             ; 1                                               ; 0                                           ; 0                                            ; 0                                                    ; 1                                  ;
; s_ps2_transmitter.PS2_STATE_5_RECEIVE_ACK_BIT        ; 0                                                ; 0                                              ; 1                                             ; 0                                               ; 0                                           ; 0                                            ; 0                                                    ; 1                                  ;
; s_ps2_transmitter.PS2_STATE_6_COMMAND_WAS_SENT       ; 0                                                ; 1                                              ; 0                                             ; 0                                               ; 0                                           ; 0                                            ; 0                                                    ; 1                                  ;
; s_ps2_transmitter.PS2_STATE_7_TRANSMISSION_ERROR     ; 1                                                ; 0                                              ; 0                                             ; 0                                               ; 0                                           ; 0                                            ; 0                                                    ; 1                                  ;
+------------------------------------------------------+--------------------------------------------------+------------------------------------------------+-----------------------------------------------+-------------------------------------------------+---------------------------------------------+----------------------------------------------+------------------------------------------------------+------------------------------------+


Encoding Type:  One-Hot
+----------------------------------------------------------------------------------------------------------------------------------------------------------------------------------------------------------------------------------------+
; State Machine - |Part7a|PS2_Controller:PS2|Altera_UP_PS2_Data_In:PS2_Data_In|s_ps2_receiver                                                                                                                                            ;
+------------------------------------------+--------------------------------------+------------------------------------+------------------------------------------+---------------------------------+------------------------------------+
; Name                                     ; s_ps2_receiver.PS2_STATE_3_PARITY_IN ; s_ps2_receiver.PS2_STATE_2_DATA_IN ; s_ps2_receiver.PS2_STATE_1_WAIT_FOR_DATA ; s_ps2_receiver.PS2_STATE_0_IDLE ; s_ps2_receiver.PS2_STATE_4_STOP_IN ;
+------------------------------------------+--------------------------------------+------------------------------------+------------------------------------------+---------------------------------+------------------------------------+
; s_ps2_receiver.PS2_STATE_0_IDLE          ; 0                                    ; 0                                  ; 0                                        ; 0                               ; 0                                  ;
; s_ps2_receiver.PS2_STATE_1_WAIT_FOR_DATA ; 0                                    ; 0                                  ; 1                                        ; 1                               ; 0                                  ;
; s_ps2_receiver.PS2_STATE_2_DATA_IN       ; 0                                    ; 1                                  ; 0                                        ; 1                               ; 0                                  ;
; s_ps2_receiver.PS2_STATE_3_PARITY_IN     ; 1                                    ; 0                                  ; 0                                        ; 1                               ; 0                                  ;
; s_ps2_receiver.PS2_STATE_4_STOP_IN       ; 0                                    ; 0                                  ; 0                                        ; 1                               ; 1                                  ;
+------------------------------------------+--------------------------------------+------------------------------------+------------------------------------------+---------------------------------+------------------------------------+


+-------------------------------------------------------------------------------------------------------------------------------------------------------------------------------------------------------------+
; Registers Removed During Synthesis                                                                                                                                                                          ;
+-------------------------------------------------------------------------------------------------------------------+-----------------------------------------------------------------------------------------+
; Register name                                                                                                     ; Reason for Removal                                                                      ;
+-------------------------------------------------------------------------------------------------------------------+-----------------------------------------------------------------------------------------+
; handshake_p1:h|capturedData[3]                                                                                    ; Stuck at GND due to stuck port data_in                                                  ;
; PS2_Controller:PS2|idle_counter[0..7]                                                                             ; Lost fanout                                                                             ;
; PS2_Controller:PS2|Altera_UP_PS2_Command_Out:PS2_Command_Out|ps2_command[1..7]                                    ; Merged with PS2_Controller:PS2|Altera_UP_PS2_Command_Out:PS2_Command_Out|ps2_command[0] ;
; PS2_Controller:PS2|Altera_UP_PS2_Command_Out:PS2_Command_Out|ps2_command[0]                                       ; Stuck at GND due to stuck port data_in                                                  ;
; PS2_Controller:PS2|s_ps2_transceiver~2                                                                            ; Lost fanout                                                                             ;
; PS2_Controller:PS2|s_ps2_transceiver~3                                                                            ; Lost fanout                                                                             ;
; PS2_Controller:PS2|Altera_UP_PS2_Command_Out:PS2_Command_Out|s_ps2_transmitter~2                                  ; Lost fanout                                                                             ;
; PS2_Controller:PS2|Altera_UP_PS2_Command_Out:PS2_Command_Out|s_ps2_transmitter~3                                  ; Lost fanout                                                                             ;
; PS2_Controller:PS2|Altera_UP_PS2_Command_Out:PS2_Command_Out|s_ps2_transmitter~4                                  ; Lost fanout                                                                             ;
; PS2_Controller:PS2|Altera_UP_PS2_Data_In:PS2_Data_In|s_ps2_receiver~2                                             ; Lost fanout                                                                             ;
; PS2_Controller:PS2|Altera_UP_PS2_Data_In:PS2_Data_In|s_ps2_receiver~3                                             ; Lost fanout                                                                             ;
; PS2_Controller:PS2|Altera_UP_PS2_Command_Out:PS2_Command_Out|s_ps2_transmitter.PS2_STATE_1_INITIATE_COMMUNICATION ; Stuck at GND due to stuck port data_in                                                  ;
; PS2_Controller:PS2|s_ps2_transceiver.PS2_STATE_2_COMMAND_OUT                                                      ; Stuck at GND due to stuck port data_in                                                  ;
; PS2_Controller:PS2|s_ps2_transceiver.PS2_STATE_4_END_DELAYED                                                      ; Stuck at GND due to stuck port data_in                                                  ;
; PS2_Controller:PS2|Altera_UP_PS2_Command_Out:PS2_Command_Out|command_initiate_counter[1..13]                      ; Stuck at GND due to stuck port data_in                                                  ;
; PS2_Controller:PS2|s_ps2_transceiver.PS2_STATE_3_END_TRANSFER                                                     ; Stuck at GND due to stuck port data_in                                                  ;
; PS2_Controller:PS2|Altera_UP_PS2_Data_In:PS2_Data_In|s_ps2_receiver.PS2_STATE_1_WAIT_FOR_DATA                     ; Stuck at GND due to stuck port data_in                                                  ;
; PS2_Controller:PS2|Altera_UP_PS2_Command_Out:PS2_Command_Out|s_ps2_transmitter.PS2_STATE_2_WAIT_FOR_CLOCK         ; Stuck at GND due to stuck port data_in                                                  ;
; PS2_Controller:PS2|Altera_UP_PS2_Command_Out:PS2_Command_Out|waiting_counter[1..20]                               ; Stuck at GND due to stuck port data_in                                                  ;
; PS2_Controller:PS2|Altera_UP_PS2_Command_Out:PS2_Command_Out|s_ps2_transmitter.PS2_STATE_3_TRANSMIT_DATA          ; Stuck at GND due to stuck port data_in                                                  ;
; PS2_Controller:PS2|Altera_UP_PS2_Command_Out:PS2_Command_Out|cur_bit[0..3]                                        ; Stuck at GND due to stuck port data_in                                                  ;
; PS2_Controller:PS2|Altera_UP_PS2_Command_Out:PS2_Command_Out|s_ps2_transmitter.PS2_STATE_4_TRANSMIT_STOP_BIT      ; Stuck at GND due to stuck port data_in                                                  ;
; PS2_Controller:PS2|Altera_UP_PS2_Command_Out:PS2_Command_Out|s_ps2_transmitter.PS2_STATE_5_RECEIVE_ACK_BIT        ; Stuck at GND due to stuck port data_in                                                  ;
; PS2_Controller:PS2|Altera_UP_PS2_Command_Out:PS2_Command_Out|transfer_counter[1..17]                              ; Stuck at GND due to stuck port data_in                                                  ;
; PS2_Controller:PS2|Altera_UP_PS2_Command_Out:PS2_Command_Out|s_ps2_transmitter.PS2_STATE_6_COMMAND_WAS_SENT       ; Stuck at GND due to stuck port data_in                                                  ;
; PS2_Controller:PS2|Altera_UP_PS2_Command_Out:PS2_Command_Out|s_ps2_transmitter.PS2_STATE_7_TRANSMISSION_ERROR     ; Stuck at GND due to stuck port data_in                                                  ;
; PS2_Controller:PS2|Altera_UP_PS2_Command_Out:PS2_Command_Out|command_was_sent                                     ; Stuck at GND due to stuck port data_in                                                  ;
; PS2_Controller:PS2|Altera_UP_PS2_Command_Out:PS2_Command_Out|error_communication_timed_out                        ; Stuck at GND due to stuck port data_in                                                  ;
; Total Number of Removed Registers = 91                                                                            ;                                                                                         ;
+-------------------------------------------------------------------------------------------------------------------+-----------------------------------------------------------------------------------------+


+----------------------------------------------------------------------------------------------------------------------------------------------------------------------------------------------------------------------------------------------------------------+
; Removed Registers Triggering Further Register Optimizations                                                                                                                                                                                                    ;
+-------------------------------------------------------------------------------------------------------------------+---------------------------+----------------------------------------------------------------------------------------------------------------+
; Register name                                                                                                     ; Reason for Removal        ; Registers Removed due to This Register                                                                         ;
+-------------------------------------------------------------------------------------------------------------------+---------------------------+----------------------------------------------------------------------------------------------------------------+
; PS2_Controller:PS2|Altera_UP_PS2_Command_Out:PS2_Command_Out|s_ps2_transmitter.PS2_STATE_3_TRANSMIT_DATA          ; Stuck at GND              ; PS2_Controller:PS2|Altera_UP_PS2_Command_Out:PS2_Command_Out|s_ps2_transmitter.PS2_STATE_4_TRANSMIT_STOP_BIT,  ;
;                                                                                                                   ; due to stuck port data_in ; PS2_Controller:PS2|Altera_UP_PS2_Command_Out:PS2_Command_Out|s_ps2_transmitter.PS2_STATE_5_RECEIVE_ACK_BIT,    ;
;                                                                                                                   ;                           ; PS2_Controller:PS2|Altera_UP_PS2_Command_Out:PS2_Command_Out|transfer_counter[5],                              ;
;                                                                                                                   ;                           ; PS2_Controller:PS2|Altera_UP_PS2_Command_Out:PS2_Command_Out|transfer_counter[6],                              ;
;                                                                                                                   ;                           ; PS2_Controller:PS2|Altera_UP_PS2_Command_Out:PS2_Command_Out|transfer_counter[7],                              ;
;                                                                                                                   ;                           ; PS2_Controller:PS2|Altera_UP_PS2_Command_Out:PS2_Command_Out|transfer_counter[8],                              ;
;                                                                                                                   ;                           ; PS2_Controller:PS2|Altera_UP_PS2_Command_Out:PS2_Command_Out|transfer_counter[9],                              ;
;                                                                                                                   ;                           ; PS2_Controller:PS2|Altera_UP_PS2_Command_Out:PS2_Command_Out|transfer_counter[10],                             ;
;                                                                                                                   ;                           ; PS2_Controller:PS2|Altera_UP_PS2_Command_Out:PS2_Command_Out|transfer_counter[11],                             ;
;                                                                                                                   ;                           ; PS2_Controller:PS2|Altera_UP_PS2_Command_Out:PS2_Command_Out|transfer_counter[12],                             ;
;                                                                                                                   ;                           ; PS2_Controller:PS2|Altera_UP_PS2_Command_Out:PS2_Command_Out|transfer_counter[13],                             ;
;                                                                                                                   ;                           ; PS2_Controller:PS2|Altera_UP_PS2_Command_Out:PS2_Command_Out|transfer_counter[14],                             ;
;                                                                                                                   ;                           ; PS2_Controller:PS2|Altera_UP_PS2_Command_Out:PS2_Command_Out|transfer_counter[15],                             ;
;                                                                                                                   ;                           ; PS2_Controller:PS2|Altera_UP_PS2_Command_Out:PS2_Command_Out|transfer_counter[16],                             ;
;                                                                                                                   ;                           ; PS2_Controller:PS2|Altera_UP_PS2_Command_Out:PS2_Command_Out|transfer_counter[17],                             ;
;                                                                                                                   ;                           ; PS2_Controller:PS2|Altera_UP_PS2_Command_Out:PS2_Command_Out|s_ps2_transmitter.PS2_STATE_6_COMMAND_WAS_SENT,   ;
;                                                                                                                   ;                           ; PS2_Controller:PS2|Altera_UP_PS2_Command_Out:PS2_Command_Out|command_was_sent                                  ;
; PS2_Controller:PS2|Altera_UP_PS2_Command_Out:PS2_Command_Out|s_ps2_transmitter.PS2_STATE_2_WAIT_FOR_CLOCK         ; Stuck at GND              ; PS2_Controller:PS2|Altera_UP_PS2_Command_Out:PS2_Command_Out|waiting_counter[7],                               ;
;                                                                                                                   ; due to stuck port data_in ; PS2_Controller:PS2|Altera_UP_PS2_Command_Out:PS2_Command_Out|waiting_counter[8],                               ;
;                                                                                                                   ;                           ; PS2_Controller:PS2|Altera_UP_PS2_Command_Out:PS2_Command_Out|waiting_counter[9],                               ;
;                                                                                                                   ;                           ; PS2_Controller:PS2|Altera_UP_PS2_Command_Out:PS2_Command_Out|waiting_counter[10],                              ;
;                                                                                                                   ;                           ; PS2_Controller:PS2|Altera_UP_PS2_Command_Out:PS2_Command_Out|waiting_counter[11],                              ;
;                                                                                                                   ;                           ; PS2_Controller:PS2|Altera_UP_PS2_Command_Out:PS2_Command_Out|waiting_counter[12],                              ;
;                                                                                                                   ;                           ; PS2_Controller:PS2|Altera_UP_PS2_Command_Out:PS2_Command_Out|waiting_counter[13],                              ;
;                                                                                                                   ;                           ; PS2_Controller:PS2|Altera_UP_PS2_Command_Out:PS2_Command_Out|waiting_counter[14],                              ;
;                                                                                                                   ;                           ; PS2_Controller:PS2|Altera_UP_PS2_Command_Out:PS2_Command_Out|waiting_counter[15],                              ;
;                                                                                                                   ;                           ; PS2_Controller:PS2|Altera_UP_PS2_Command_Out:PS2_Command_Out|waiting_counter[16],                              ;
;                                                                                                                   ;                           ; PS2_Controller:PS2|Altera_UP_PS2_Command_Out:PS2_Command_Out|waiting_counter[17],                              ;
;                                                                                                                   ;                           ; PS2_Controller:PS2|Altera_UP_PS2_Command_Out:PS2_Command_Out|waiting_counter[18],                              ;
;                                                                                                                   ;                           ; PS2_Controller:PS2|Altera_UP_PS2_Command_Out:PS2_Command_Out|waiting_counter[19],                              ;
;                                                                                                                   ;                           ; PS2_Controller:PS2|Altera_UP_PS2_Command_Out:PS2_Command_Out|waiting_counter[20]                               ;
; PS2_Controller:PS2|Altera_UP_PS2_Command_Out:PS2_Command_Out|s_ps2_transmitter.PS2_STATE_1_INITIATE_COMMUNICATION ; Stuck at GND              ; PS2_Controller:PS2|Altera_UP_PS2_Command_Out:PS2_Command_Out|command_initiate_counter[7],                      ;
;                                                                                                                   ; due to stuck port data_in ; PS2_Controller:PS2|Altera_UP_PS2_Command_Out:PS2_Command_Out|command_initiate_counter[8],                      ;
;                                                                                                                   ;                           ; PS2_Controller:PS2|Altera_UP_PS2_Command_Out:PS2_Command_Out|command_initiate_counter[9],                      ;
;                                                                                                                   ;                           ; PS2_Controller:PS2|Altera_UP_PS2_Command_Out:PS2_Command_Out|command_initiate_counter[10],                     ;
;                                                                                                                   ;                           ; PS2_Controller:PS2|Altera_UP_PS2_Command_Out:PS2_Command_Out|command_initiate_counter[11],                     ;
;                                                                                                                   ;                           ; PS2_Controller:PS2|Altera_UP_PS2_Command_Out:PS2_Command_Out|command_initiate_counter[12],                     ;
;                                                                                                                   ;                           ; PS2_Controller:PS2|Altera_UP_PS2_Command_Out:PS2_Command_Out|s_ps2_transmitter.PS2_STATE_7_TRANSMISSION_ERROR, ;
;                                                                                                                   ;                           ; PS2_Controller:PS2|Altera_UP_PS2_Command_Out:PS2_Command_Out|error_communication_timed_out                     ;
; PS2_Controller:PS2|idle_counter[3]                                                                                ; Lost Fanouts              ; PS2_Controller:PS2|idle_counter[4], PS2_Controller:PS2|idle_counter[5],                                        ;
;                                                                                                                   ;                           ; PS2_Controller:PS2|idle_counter[6], PS2_Controller:PS2|idle_counter[7]                                         ;
; PS2_Controller:PS2|s_ps2_transceiver.PS2_STATE_3_END_TRANSFER                                                     ; Stuck at GND              ; PS2_Controller:PS2|Altera_UP_PS2_Data_In:PS2_Data_In|s_ps2_receiver.PS2_STATE_1_WAIT_FOR_DATA                  ;
;                                                                                                                   ; due to stuck port data_in ;                                                                                                                ;
+-------------------------------------------------------------------------------------------------------------------+---------------------------+----------------------------------------------------------------------------------------------------------------+


+------------------------------------------------------+
; General Register Statistics                          ;
+----------------------------------------------+-------+
; Statistic                                    ; Value ;
+----------------------------------------------+-------+
; Total registers                              ; 33    ;
; Number of registers using Synchronous Clear  ; 5     ;
; Number of registers using Synchronous Load   ; 0     ;
; Number of registers using Asynchronous Clear ; 0     ;
; Number of registers using Asynchronous Load  ; 0     ;
; Number of registers using Clock Enable       ; 23    ;
; Number of registers using Preset             ; 0     ;
+----------------------------------------------+-------+


+----------------------------------------------------------------------------------------------------------------------------------------------------------------------------------------------------------------+
; Multiplexer Restructuring Statistics (Restructuring Performed)                                                                                                                                                 ;
+--------------------+-----------+---------------+----------------------+------------------------+------------+--------------------------------------------------------------------------------------------------+
; Multiplexer Inputs ; Bus Width ; Baseline Area ; Area if Restructured ; Saving if Restructured ; Registered ; Example Multiplexer Output                                                                       ;
+--------------------+-----------+---------------+----------------------+------------------------+------------+--------------------------------------------------------------------------------------------------+
; 3:1                ; 8 bits    ; 16 LEs        ; 8 LEs                ; 8 LEs                  ; Yes        ; |Part7a|PS2_Controller:PS2|Altera_UP_PS2_Data_In:PS2_Data_In|received_data[0]                    ;
; 3:1                ; 8 bits    ; 16 LEs        ; 8 LEs                ; 8 LEs                  ; Yes        ; |Part7a|PS2_Controller:PS2|Altera_UP_PS2_Data_In:PS2_Data_In|data_shift_reg[0]                   ;
; 4:1                ; 17 bits   ; 34 LEs        ; 17 LEs               ; 17 LEs                 ; Yes        ; |Part7a|PS2_Controller:PS2|Altera_UP_PS2_Command_Out:PS2_Command_Out|transfer_counter[17]        ;
; 4:1                ; 13 bits   ; 26 LEs        ; 13 LEs               ; 13 LEs                 ; Yes        ; |Part7a|PS2_Controller:PS2|Altera_UP_PS2_Command_Out:PS2_Command_Out|command_initiate_counter[1] ;
; 4:1                ; 20 bits   ; 40 LEs        ; 20 LEs               ; 20 LEs                 ; Yes        ; |Part7a|PS2_Controller:PS2|Altera_UP_PS2_Command_Out:PS2_Command_Out|waiting_counter[12]         ;
; 4:1                ; 4 bits    ; 8 LEs         ; 4 LEs                ; 4 LEs                  ; Yes        ; |Part7a|PS2_Controller:PS2|Altera_UP_PS2_Command_Out:PS2_Command_Out|cur_bit[3]                  ;
; 4:1                ; 4 bits    ; 8 LEs         ; 4 LEs                ; 4 LEs                  ; Yes        ; |Part7a|PS2_Controller:PS2|Altera_UP_PS2_Data_In:PS2_Data_In|data_count[1]                       ;
+--------------------+-----------+---------------+----------------------+------------------------+------------+--------------------------------------------------------------------------------------------------+


+-----------------------------------------------------------------------------------------------------------+
; Parameter Settings for User Entity Instance: PS2_Controller:PS2|Altera_UP_PS2_Command_Out:PS2_Command_Out ;
+------------------------------------+----------------------+-----------------------------------------------+
; Parameter Name                     ; Value                ; Type                                          ;
+------------------------------------+----------------------+-----------------------------------------------+
; CLOCK_CYCLES_FOR_101US             ; 5050                 ; Signed Integer                                ;
; NUMBER_OF_BITS_FOR_101US           ; 13                   ; Signed Integer                                ;
; COUNTER_INCREMENT_FOR_101US        ; 0000000000001        ; Unsigned Binary                               ;
; CLOCK_CYCLES_FOR_15MS              ; 750000               ; Signed Integer                                ;
; NUMBER_OF_BITS_FOR_15MS            ; 20                   ; Signed Integer                                ;
; COUNTER_INCREMENT_FOR_15MS         ; 00000000000000000001 ; Unsigned Binary                               ;
; CLOCK_CYCLES_FOR_2MS               ; 100000               ; Signed Integer                                ;
; NUMBER_OF_BITS_FOR_2MS             ; 17                   ; Signed Integer                                ;
; COUNTER_INCREMENT_FOR_2MS          ; 00000000000000001    ; Unsigned Binary                               ;
; PS2_STATE_0_IDLE                   ; 000                  ; Unsigned Binary                               ;
; PS2_STATE_1_INITIATE_COMMUNICATION ; 001                  ; Unsigned Binary                               ;
; PS2_STATE_2_WAIT_FOR_CLOCK         ; 010                  ; Unsigned Binary                               ;
; PS2_STATE_3_TRANSMIT_DATA          ; 011                  ; Unsigned Binary                               ;
; PS2_STATE_4_TRANSMIT_STOP_BIT      ; 100                  ; Unsigned Binary                               ;
; PS2_STATE_5_RECEIVE_ACK_BIT        ; 101                  ; Unsigned Binary                               ;
; PS2_STATE_6_COMMAND_WAS_SENT       ; 110                  ; Unsigned Binary                               ;
; PS2_STATE_7_TRANSMISSION_ERROR     ; 111                  ; Unsigned Binary                               ;
+------------------------------------+----------------------+-----------------------------------------------+
Note: In order to hide this table in the UI and the text report file, please set the "Show Parameter Settings in Synthesis Report" option in "Analysis and Synthesis Settings -> More Settings" to "Off".


+--------------------------------------------------------------------------------------------------------------------------------------------------------------------------------------------------+
; Port Connectivity Checks: "PS2_Controller:PS2"                                                                                                                                                   ;
+-------------------------------+--------+----------+----------------------------------------------------------------------------------------------------------------------------------------------+
; Port                          ; Type   ; Severity ; Details                                                                                                                                      ;
+-------------------------------+--------+----------+----------------------------------------------------------------------------------------------------------------------------------------------+
; the_command                   ; Input  ; Warning  ; Declared by entity but not connected by instance. If a default value exists, it will be used.  Otherwise, the port will be connected to GND. ;
; send_command                  ; Input  ; Warning  ; Declared by entity but not connected by instance. If a default value exists, it will be used.  Otherwise, the port will be connected to GND. ;
; command_was_sent              ; Output ; Warning  ; Declared by entity but not connected by instance. Logic that only feeds a dangling port will be removed.                                     ;
; error_communication_timed_out ; Output ; Warning  ; Declared by entity but not connected by instance. Logic that only feeds a dangling port will be removed.                                     ;
+-------------------------------+--------+----------+----------------------------------------------------------------------------------------------------------------------------------------------+


+-------------------------------+
; Elapsed Time Per Partition    ;
+----------------+--------------+
; Partition Name ; Elapsed Time ;
+----------------+--------------+
; Top            ; 00:00:00     ;
+----------------+--------------+


+-------------------------------+
; Analysis & Synthesis Messages ;
+-------------------------------+
Info: *******************************************************************
Info: Running Quartus II 64-Bit Analysis & Synthesis
    Info: Version 13.0.1 Build 232 06/12/2013 Service Pack 1 SJ Web Edition
    Info: Processing started: Sun Mar 10 14:29:11 2024
Info: Command: quartus_map --read_settings_files=on --write_settings_files=off Part7a -c Part7a
Warning (20028): Parallel compilation is not licensed and has been disabled
Info (12021): Found 1 design units, including 1 entities, in source file ps2/ps2_controller.v
    Info (12023): Found entity 1: PS2_Controller
Info (12021): Found 1 design units, including 1 entities, in source file ps2/altera_up_ps2_data_in.v
    Info (12023): Found entity 1: Altera_UP_PS2_Data_In
Info (12021): Found 1 design units, including 1 entities, in source file ps2/altera_up_ps2_command_out.v
    Info (12023): Found entity 1: Altera_UP_PS2_Command_Out
Warning (12125): Using design file part7a.v, which is not specified as a design file for the current project, but contains definitions for 1 design units and 1 entities in project
    Info (12023): Found entity 1: Part7a
Info (12127): Elaborating entity "Part7a" for the top level hierarchy
Warning (12125): Using design file handshake_p1.v, which is not specified as a design file for the current project, but contains definitions for 1 design units and 1 entities in project
    Info (12023): Found entity 1: handshake_p1
Info (12128): Elaborating entity "handshake_p1" for hierarchy "handshake_p1:h"
Info (12128): Elaborating entity "PS2_Controller" for hierarchy "PS2_Controller:PS2"
Info (12128): Elaborating entity "Altera_UP_PS2_Data_In" for hierarchy "PS2_Controller:PS2|Altera_UP_PS2_Data_In:PS2_Data_In"
Info (12128): Elaborating entity "Altera_UP_PS2_Command_Out" for hierarchy "PS2_Controller:PS2|Altera_UP_PS2_Command_Out:PS2_Command_Out"
Warning (12241): 1 hierarchies have connectivity warnings - see the Connectivity Checks report folder
Warning (13024): Output pins are stuck at VCC or GND
    Warning (13410): Pin "LEDR[3]" is stuck at GND
Info (17049): 15 registers lost all their fanouts during netlist optimizations.
Info (16010): Generating hard_block partition "hard_block:auto_generated_inst"
    Info (16011): Adding 0 node(s), including 0 DDIO, 0 PLL, 0 transceiver and 0 LCELL
Info (21057): Implemented 62 device resources after synthesis - the final resource count might be different
    Info (21058): Implemented 2 input pins
    Info (21059): Implemented 4 output pins
    Info (21060): Implemented 2 bidirectional pins
    Info (21061): Implemented 54 logic cells
Info: Quartus II 64-Bit Analysis & Synthesis was successful. 0 errors, 6 warnings
    Info: Peak virtual memory: 4605 megabytes
    Info: Processing ended: Sun Mar 10 14:29:12 2024
    Info: Elapsed time: 00:00:01
    Info: Total CPU time (on all processors): 00:00:01


