Copyright 1986-2017 Xilinx, Inc. All Rights Reserved.
----------------------------------------------------------------------------------------------------------------------------------------------------------------------
| Tool Version     : Vivado v.2017.4 (win64) Build 2086221 Fri Dec 15 20:55:39 MST 2017
| Date             : Sat Sep 22 14:16:26 2018
| Host             : DESKTOP-DH1FU73 running 64-bit major release  (build 9200)
| Command          : report_power -file design_1_wrapper_power_routed.rpt -pb design_1_wrapper_power_summary_routed.pb -rpx design_1_wrapper_power_routed.rpx
| Design           : design_1_wrapper
| Device           : xc7z010clg400-1
| Design State     : routed
| Grade            : commercial
| Process          : typical
| Characterization : Production
----------------------------------------------------------------------------------------------------------------------------------------------------------------------

Power Report

Table of Contents
-----------------
1. Summary
1.1 On-Chip Components
1.2 Power Supply Summary
1.3 Confidence Level
2. Settings
2.1 Environment
2.2 Clock Constraints
3. Detailed Reports
3.1 By Hierarchy

1. Summary
----------

+--------------------------+--------------+
| Total On-Chip Power (W)  | 1.875        |
| Design Power Budget (W)  | Unspecified* |
| Power Budget Margin (W)  | NA           |
| Dynamic (W)              | 1.747        |
| Device Static (W)        | 0.129        |
| Effective TJA (C/W)      | 11.5         |
| Max Ambient (C)          | 63.4         |
| Junction Temperature (C) | 46.6         |
| Confidence Level         | Low          |
| Setting File             | ---          |
| Simulation Activity File | ---          |
| Design Nets Matched      | NA           |
+--------------------------+--------------+
* Specify Design Power Budget using, set_operating_conditions -design_power_budget <value in Watts>


1.1 On-Chip Components
----------------------

+--------------------------+-----------+----------+-----------+-----------------+
| On-Chip                  | Power (W) | Used     | Available | Utilization (%) |
+--------------------------+-----------+----------+-----------+-----------------+
| Clocks                   |     0.038 |        9 |       --- |             --- |
| Slice Logic              |     0.006 |    16254 |       --- |             --- |
|   LUT as Logic           |     0.004 |     4790 |     17600 |           27.22 |
|   CARRY4                 |    <0.001 |      218 |      4400 |            4.95 |
|   Register               |    <0.001 |     8984 |     35200 |           25.52 |
|   F7/F8 Muxes            |    <0.001 |      161 |     17600 |            0.91 |
|   LUT as Shift Register  |    <0.001 |      237 |      6000 |            3.95 |
|   Others                 |     0.000 |      754 |       --- |             --- |
|   LUT as Distributed RAM |     0.000 |       18 |      6000 |            0.30 |
| Signals                  |     0.009 |    12149 |       --- |             --- |
| Block RAM                |     0.002 |     11.5 |        60 |           19.17 |
| MMCM                     |     0.107 |        1 |         2 |           50.00 |
| I/O                      |     0.006 |       18 |       100 |           18.00 |
| PS7                      |     1.580 |        1 |       --- |             --- |
| Static Power             |     0.129 |          |           |                 |
| Total                    |     1.875 |          |           |                 |
+--------------------------+-----------+----------+-----------+-----------------+


1.2 Power Supply Summary
------------------------

+-----------+-------------+-----------+-------------+------------+
| Source    | Voltage (V) | Total (A) | Dynamic (A) | Static (A) |
+-----------+-------------+-----------+-------------+------------+
| Vccint    |       1.000 |     0.065 |       0.057 |      0.008 |
| Vccaux    |       1.800 |     0.068 |       0.059 |      0.009 |
| Vcco33    |       3.300 |     0.002 |       0.001 |      0.001 |
| Vcco25    |       2.500 |     0.000 |       0.000 |      0.000 |
| Vcco18    |       1.800 |     0.000 |       0.000 |      0.000 |
| Vcco15    |       1.500 |     0.000 |       0.000 |      0.000 |
| Vcco135   |       1.350 |     0.000 |       0.000 |      0.000 |
| Vcco12    |       1.200 |     0.000 |       0.000 |      0.000 |
| Vccaux_io |       1.800 |     0.000 |       0.000 |      0.000 |
| Vccbram   |       1.000 |     0.001 |       0.000 |      0.001 |
| MGTAVcc   |       1.000 |     0.000 |       0.000 |      0.000 |
| MGTAVtt   |       1.200 |     0.000 |       0.000 |      0.000 |
| MGTVccaux |       1.800 |     0.000 |       0.000 |      0.000 |
| Vccpint   |       1.000 |     0.756 |       0.724 |      0.032 |
| Vccpaux   |       1.800 |     0.085 |       0.075 |      0.010 |
| Vccpll    |       1.800 |     0.017 |       0.014 |      0.003 |
| Vcco_ddr  |       1.500 |     0.459 |       0.457 |      0.002 |
| Vcco_mio0 |       3.300 |     0.003 |       0.002 |      0.001 |
| Vcco_mio1 |       1.800 |     0.004 |       0.003 |      0.001 |
| Vccadc    |       1.800 |     0.020 |       0.000 |      0.020 |
+-----------+-------------+-----------+-------------+------------+


1.3 Confidence Level
--------------------

+-----------------------------+------------+--------------------------------------------------------+------------------------------------------------------------------------------------------------------------+
| User Input Data             | Confidence | Details                                                | Action                                                                                                     |
+-----------------------------+------------+--------------------------------------------------------+------------------------------------------------------------------------------------------------------------+
| Design implementation state | High       | Design is routed                                       |                                                                                                            |
| Clock nodes activity        | High       | User specified more than 95% of clocks                 |                                                                                                            |
| I/O nodes activity          | Low        | More than 75% of inputs are missing user specification | Provide missing input activity with simulation results or by editing the "By Resource Type -> I/Os" view   |
| Internal nodes activity     | Medium     | User specified less than 25% of internal nodes         | Provide missing internal nodes activity with simulation results or by editing the "By Resource Type" views |
| Device models               | High       | Device models are Production                           |                                                                                                            |
|                             |            |                                                        |                                                                                                            |
| Overall confidence level    | Low        |                                                        |                                                                                                            |
+-----------------------------+------------+--------------------------------------------------------+------------------------------------------------------------------------------------------------------------+


2. Settings
-----------

2.1 Environment
---------------

+-----------------------+------------------------+
| Ambient Temp (C)      | 25.0                   |
| ThetaJA (C/W)         | 11.5                   |
| Airflow (LFM)         | 250                    |
| Heat Sink             | none                   |
| ThetaSA (C/W)         | 0.0                    |
| Board Selection       | medium (10"x10")       |
| # of Board Layers     | 8to11 (8 to 11 Layers) |
| Board Temperature (C) | 25.0                   |
+-----------------------+------------------------+


2.2 Clock Constraints
---------------------

+------------------------+-------------------------------------------------------------+-----------------+
| Clock                  | Domain                                                      | Constraint (ns) |
+------------------------+-------------------------------------------------------------+-----------------+
| I                      | design_1_i/axi_dynclk_0/U0/Inst_mmcme2_drp/I                |             2.0 |
| I                      | design_1_i/axi_dynclk_0/U0/PXL_CLK_5X_O                     |             2.0 |
| axi_dynclk_0_PXL_CLK_O | design_1_i/axi_dynclk_0/U0/PXL_CLK_O                        |            10.0 |
| clk_fpga_0             | design_1_i/processing_system7_0/inst/FCLK_CLK_unbuffered[0] |            10.0 |
| clk_fpga_1             | design_1_i/processing_system7_0/inst/FCLK_CLK_unbuffered[1] |             7.0 |
| clk_fpga_2             | design_1_i/processing_system7_0/inst/FCLK_CLK_unbuffered[2] |            31.0 |
| mmcm_fbclk_out         | design_1_i/axi_dynclk_0/U0/Inst_mmcme2_drp/mmcm_fbclk_out   |            10.0 |
+------------------------+-------------------------------------------------------------+-----------------+


3. Detailed Reports
-------------------

3.1 By Hierarchy
----------------

+------------------------------------------------------------------------------------------------+-----------+
| Name                                                                                           | Power (W) |
+------------------------------------------------------------------------------------------------+-----------+
| design_1_wrapper                                                                               |     1.747 |
|   design_1_i                                                                                   |     1.743 |
|     ad9280_sample_0                                                                            |     0.003 |
|       inst                                                                                     |     0.003 |
|         ad9280_sample_v1_0_S00_AXI_inst                                                        |     0.003 |
|           sample_inst                                                                          |     0.002 |
|             afifo_inst                                                                         |    <0.001 |
|               U0                                                                               |    <0.001 |
|                 inst_fifo_gen                                                                  |    <0.001 |
|                   gconvfifo.rf                                                                 |    <0.001 |
|                     grf.rf                                                                     |    <0.001 |
|                       gntv_or_sync_fifo.gcx.clkx                                               |    <0.001 |
|                         rd_pntr_cdc_inst                                                       |    <0.001 |
|                         wr_pntr_cdc_inst                                                       |    <0.001 |
|                       gntv_or_sync_fifo.gl0.rd                                                 |    <0.001 |
|                         gras.grdc1.rdc                                                         |    <0.001 |
|                         gras.rsts                                                              |    <0.001 |
|                           c0                                                                   |    <0.001 |
|                           c1                                                                   |     0.000 |
|                         rpntr                                                                  |    <0.001 |
|                       gntv_or_sync_fifo.gl0.wr                                                 |    <0.001 |
|                         gwas.wsts                                                              |    <0.001 |
|                           c1                                                                   |     0.000 |
|                           c2                                                                   |    <0.001 |
|                         wpntr                                                                  |    <0.001 |
|                       gntv_or_sync_fifo.mem                                                    |    <0.001 |
|                         gbm.gbmg.gbmga.ngecc.bmg                                               |    <0.001 |
|                           inst_blk_mem_gen                                                     |    <0.001 |
|                             gnbram.gnativebmg.native_blk_mem_gen                               |    <0.001 |
|                               valid.cstr                                                       |    <0.001 |
|                                 ramloop[0].ram.r                                               |    <0.001 |
|                                   prim_noinit.ram                                              |    <0.001 |
|                       rstblk                                                                   |    <0.001 |
|                         ngwrdrst.grst.g7serrst.gnsckt_wrst.gic_rst.rst_rd_reg2_inst            |    <0.001 |
|                         ngwrdrst.grst.g7serrst.gnsckt_wrst.gic_rst.xpm_cdc_single_inst_rrst_wr |    <0.001 |
|                         ngwrdrst.grst.g7serrst.gnsckt_wrst.gic_rst.xpm_cdc_single_inst_wrst_rd |    <0.001 |
|                         ngwrdrst.grst.g7serrst.gnsckt_wrst.rst_wr_reg2_inst                    |    <0.001 |
|     axi_dma_0                                                                                  |     0.008 |
|       U0                                                                                       |     0.008 |
|         INCLUDE_S2MM_SOF_EOF_GENERATOR.I_S2MM_DMA_MNGR                                         |    <0.001 |
|           GEN_S2MM_DMA_CONTROL.GEN_SIMPLE_DMA_MODE.I_S2MM_SMPL_SM                              |    <0.001 |
|           GEN_S2MM_DMA_CONTROL.I_S2MM_CMDSTS                                                   |    <0.001 |
|           GEN_S2MM_DMA_CONTROL.I_S2MM_STS_MNGR                                                 |    <0.001 |
|             GEN_FOR_ASYNC.REG_TO_SECONDARY                                                     |    <0.001 |
|         I_AXI_DMA_REG_MODULE                                                                   |     0.002 |
|           GEN_AXI_LITE_IF.AXI_LITE_IF_I                                                        |     0.001 |
|             GEN_ASYNC_READ.REG_ARVALID_TO_IPCLK                                                |    <0.001 |
|             GEN_ASYNC_READ.REG_DATA2LITE_CLOCK                                                 |    <0.001 |
|             GEN_ASYNC_READ.REG_RADDR_TO_IPCLK                                                  |    <0.001 |
|             GEN_ASYNC_WRITE.AWVLD_CDC_TO                                                       |    <0.001 |
|             GEN_ASYNC_WRITE.REG2_WREADY                                                        |    <0.001 |
|             GEN_ASYNC_WRITE.REG3_WREADY                                                        |    <0.001 |
|             GEN_ASYNC_WRITE.REG_WADDR_TO_IPCLK                                                 |    <0.001 |
|             GEN_ASYNC_WRITE.REG_WADDR_TO_IPCLK1                                                |    <0.001 |
|             GEN_ASYNC_WRITE.WVLD_CDC_TO                                                        |    <0.001 |
|           GEN_S2MM_REGISTERS.GEN_INTROUT_ASYNC.PROC_REG_INTR2LITE                              |    <0.001 |
|           GEN_S2MM_REGISTERS.I_S2MM_DMA_REGISTER                                               |    <0.001 |
|         I_PRMRY_DATAMOVER                                                                      |     0.006 |
|           GEN_S2MM_FULL.I_S2MM_FULL_WRAPPER                                                    |     0.006 |
|             ENABLE_AXIS_SKID.I_S2MM_STRM_SKID_BUF                                              |    <0.001 |
|             GEN_ENABLE_INDET_BTT_SF.I_INDET_BTT                                                |     0.001 |
|               ENABLE_AXIS_SKID.I_INDET_BTT_SKID_BUF                                            |    <0.001 |
|               I_DATA_FIFO                                                                      |    <0.001 |
|                 BLK_MEM.I_SYNC_FIFOGEN_FIFO                                                    |    <0.001 |
|                   xpm_fifo_instance.xpm_fifo_sync_inst                                         |    <0.001 |
|                     xpm_fifo_base_inst                                                         |    <0.001 |
|                       gen_sdpram.xpm_memory_base_inst                                          |    <0.001 |
|                       rdp_inst                                                                 |    <0.001 |
|                       rdpp1_inst                                                               |    <0.001 |
|                       wrp_inst                                                                 |    <0.001 |
|                       wrpp1_inst                                                               |    <0.001 |
|                       xpm_fifo_rst_inst                                                        |    <0.001 |
|               I_XD_FIFO                                                                        |    <0.001 |
|                 NON_BLK_MEM.I_SYNC_FIFOGEN_FIFO                                                |    <0.001 |
|                   xpm_fifo_instance.xpm_fifo_sync_inst                                         |    <0.001 |
|                     xpm_fifo_base_inst                                                         |    <0.001 |
|                       gen_fwft.rdpp1_inst                                                      |    <0.001 |
|                       gen_sdpram.xpm_memory_base_inst                                          |    <0.001 |
|                         gen_wr_a.gen_word_narrow.mem_reg_0_15_0_5                              |    <0.001 |
|                         gen_wr_a.gen_word_narrow.mem_reg_0_15_6_11                             |    <0.001 |
|                       rdp_inst                                                                 |    <0.001 |
|                       rdpp1_inst                                                               |    <0.001 |
|                       wrp_inst                                                                 |    <0.001 |
|                       wrpp1_inst                                                               |    <0.001 |
|                       xpm_fifo_rst_inst                                                        |    <0.001 |
|             GEN_INCLUDE_IBTTCC.I_S2MM_MSTR_IBTTCC                                              |     0.001 |
|             GEN_INCLUDE_REALIGNER.I_S2MM_REALIGNER                                             |    <0.001 |
|               GEN_INCLUDE_SCATTER.I_S2MM_SCATTER                                               |    <0.001 |
|                 I_MSSAI_SKID_BUF                                                               |    <0.001 |
|                 I_TSTRB_FIFO                                                                   |    <0.001 |
|                   USE_SRL_FIFO.I_SYNC_FIFO                                                     |    <0.001 |
|                     I_SRL_FIFO_RBU_F                                                           |    <0.001 |
|                       CNTR_INCR_DECR_ADDN_F_I                                                  |    <0.001 |
|                       DYNSHREG_F_I                                                             |    <0.001 |
|                 SLICE_INSERTION                                                                |    <0.001 |
|               I_DRE_CNTL_FIFO                                                                  |    <0.001 |
|                 USE_SRL_FIFO.I_SYNC_FIFO                                                       |    <0.001 |
|                   I_SRL_FIFO_RBU_F                                                             |    <0.001 |
|                     CNTR_INCR_DECR_ADDN_F_I                                                    |    <0.001 |
|                     DYNSHREG_F_I                                                               |    <0.001 |
|             I_ADDR_CNTL                                                                        |    <0.001 |
|               GEN_ADDR_FIFO.I_ADDR_QUAL_FIFO                                                   |    <0.001 |
|                 USE_SRL_FIFO.I_SYNC_FIFO                                                       |    <0.001 |
|                   I_SRL_FIFO_RBU_F                                                             |    <0.001 |
|                     CNTR_INCR_DECR_ADDN_F_I                                                    |    <0.001 |
|                     DYNSHREG_F_I                                                               |    <0.001 |
|             I_CMD_STATUS                                                                       |    <0.001 |
|               GEN_INCLUDE_STATUS_FIFO.I_STS_FIFO                                               |    <0.001 |
|                 USE_ASYNC_FIFO.I_ASYNC_FIFO                                                    |    <0.001 |
|                   I_ASYNC_FIFOGEN_FIFO                                                         |    <0.001 |
|                     xpm_fifo_instance.xpm_fifo_async_inst                                      |    <0.001 |
|                       gnuram_async_fifo.xpm_fifo_base_inst                                     |    <0.001 |
|                         gen_cdc_pntr.rd_pntr_cdc_inst                                          |    <0.001 |
|                         gen_cdc_pntr.rpw_gray_reg                                              |    <0.001 |
|                         gen_cdc_pntr.wpr_gray_reg                                              |    <0.001 |
|                         gen_cdc_pntr.wr_pntr_cdc_inst                                          |    <0.001 |
|                         gen_sdpram.xpm_memory_base_inst                                        |    <0.001 |
|                         rdp_inst                                                               |    <0.001 |
|                         rdpp1_inst                                                             |    <0.001 |
|                         wrp_inst                                                               |    <0.001 |
|                         wrpp1_inst                                                             |    <0.001 |
|                         wrpp2_inst                                                             |    <0.001 |
|                         xpm_fifo_rst_inst                                                      |    <0.001 |
|                           gen_rst_ic.rrst_rd_inst                                              |    <0.001 |
|                             gen_pipe_bit[1].pipe_bit_inst                                      |    <0.001 |
|                             gen_pipe_bit[2].pipe_bit_inst                                      |    <0.001 |
|                           gen_rst_ic.rrst_wr_inst                                              |    <0.001 |
|                           gen_rst_ic.wrst_rd_inst                                              |    <0.001 |
|                           gen_rst_ic.wrst_wr_inst                                              |    <0.001 |
|                             gen_pipe_bit[0].pipe_bit_inst                                      |    <0.001 |
|                             gen_pipe_bit[1].pipe_bit_inst                                      |    <0.001 |
|               I_CMD_FIFO                                                                       |    <0.001 |
|                 USE_ASYNC_FIFO.I_ASYNC_FIFO                                                    |    <0.001 |
|                   I_ASYNC_FIFOGEN_FIFO                                                         |    <0.001 |
|                     xpm_fifo_instance.xpm_fifo_async_inst                                      |    <0.001 |
|                       gnuram_async_fifo.xpm_fifo_base_inst                                     |    <0.001 |
|                         gen_cdc_pntr.rd_pntr_cdc_inst                                          |    <0.001 |
|                         gen_cdc_pntr.rpw_gray_reg                                              |    <0.001 |
|                         gen_cdc_pntr.wpr_gray_reg                                              |    <0.001 |
|                         gen_cdc_pntr.wr_pntr_cdc_inst                                          |    <0.001 |
|                         gen_sdpram.xpm_memory_base_inst                                        |    <0.001 |
|                         rdp_inst                                                               |    <0.001 |
|                         rdpp1_inst                                                             |    <0.001 |
|                         wrp_inst                                                               |    <0.001 |
|                         wrpp1_inst                                                             |    <0.001 |
|                         wrpp2_inst                                                             |    <0.001 |
|                         xpm_fifo_rst_inst                                                      |    <0.001 |
|                           gen_rst_ic.rrst_rd_inst                                              |    <0.001 |
|                             gen_pipe_bit[1].pipe_bit_inst                                      |    <0.001 |
|                             gen_pipe_bit[2].pipe_bit_inst                                      |    <0.001 |
|                           gen_rst_ic.rrst_wr_inst                                              |    <0.001 |
|                           gen_rst_ic.wrst_rd_inst                                              |    <0.001 |
|                           gen_rst_ic.wrst_wr_inst                                              |    <0.001 |
|                             gen_pipe_bit[0].pipe_bit_inst                                      |    <0.001 |
|                             gen_pipe_bit[1].pipe_bit_inst                                      |    <0.001 |
|             I_RESET                                                                            |    <0.001 |
|               GEN_ASYNC_CMDSTAT_RESET.SEC2PRIM_RST_SYNCRO                                      |    <0.001 |
|               GEN_ASYNC_CMDSTAT_RESET.SEC2PRIM_RST_SYNCRO_2                                    |    <0.001 |
|               GEN_ASYNC_CMDSTAT_RESET.SYNC_PRIM2SEC_RST                                        |    <0.001 |
|             I_S2MM_MMAP_SKID_BUF                                                               |    <0.001 |
|             I_WR_DATA_CNTL                                                                     |    <0.001 |
|               GEN_DATA_CNTL_FIFO.I_DATA_CNTL_FIFO                                              |    <0.001 |
|                 USE_SRL_FIFO.I_SYNC_FIFO                                                       |    <0.001 |
|                   I_SRL_FIFO_RBU_F                                                             |    <0.001 |
|                     CNTR_INCR_DECR_ADDN_F_I                                                    |    <0.001 |
|                     DYNSHREG_F_I                                                               |    <0.001 |
|             I_WR_STATUS_CNTLR                                                                  |    <0.001 |
|               GEN_ENABLE_INDET_BTT.I_SF_DATA_CNTL_STATUS_FIFO                                  |    <0.001 |
|                 USE_SRL_FIFO.I_SYNC_FIFO                                                       |    <0.001 |
|                   I_SRL_FIFO_RBU_F                                                             |    <0.001 |
|                     CNTR_INCR_DECR_ADDN_F_I                                                    |    <0.001 |
|                     DYNSHREG_F_I                                                               |    <0.001 |
|               I_WRESP_STATUS_FIFO                                                              |    <0.001 |
|                 USE_SRL_FIFO.I_SYNC_FIFO                                                       |    <0.001 |
|                   I_SRL_FIFO_RBU_F                                                             |    <0.001 |
|                     CNTR_INCR_DECR_ADDN_F_I                                                    |    <0.001 |
|                     DYNSHREG_F_I                                                               |    <0.001 |
|         I_RST_MODULE                                                                           |    <0.001 |
|           GEN_RESET_FOR_S2MM.RESET_I                                                           |    <0.001 |
|             GEN_ASYNC_RESET.GEN_PRMRY_GRTR_EQL_SCNDRY.HALT_PROCESS                             |    <0.001 |
|             GEN_ASYNC_RESET.REG_HALT_CMPLT_IN                                                  |    <0.001 |
|             GEN_ASYNC_RESET.REG_RESET_OUT                                                      |    <0.001 |
|           REG_HRD_RST                                                                          |    <0.001 |
|           REG_HRD_RST_OUT                                                                      |    <0.001 |
|     axi_dynclk_0                                                                               |     0.109 |
|       U0                                                                                       |     0.109 |
|         Inst_mmcme2_drp                                                                        |     0.108 |
|         axi_dynclk_S00_AXI_inst                                                                |     0.001 |
|     axi_interconnect_0                                                                         |     0.005 |
|       m00_couplers                                                                             |     0.002 |
|         auto_pc                                                                                |     0.002 |
|           inst                                                                                 |     0.002 |
|             gen_axi4_axi3.axi3_conv_inst                                                       |     0.002 |
|               USE_READ.USE_SPLIT_R.read_addr_inst                                              |    <0.001 |
|                 USE_R_CHANNEL.cmd_queue                                                        |    <0.001 |
|                   inst                                                                         |    <0.001 |
|                     fifo_gen_inst                                                              |    <0.001 |
|                       inst_fifo_gen                                                            |    <0.001 |
|                         gconvfifo.rf                                                           |    <0.001 |
|                           grf.rf                                                               |    <0.001 |
|                             gntv_or_sync_fifo.gl0.rd                                           |    <0.001 |
|                               gr1.gr1_int.rfwft                                                |    <0.001 |
|                               grss.rsts                                                        |    <0.001 |
|                               rpntr                                                            |    <0.001 |
|                             gntv_or_sync_fifo.gl0.wr                                           |    <0.001 |
|                               gwss.wsts                                                        |    <0.001 |
|                               wpntr                                                            |    <0.001 |
|                             gntv_or_sync_fifo.mem                                              |    <0.001 |
|                               gdm.dm_gen.dm                                                    |    <0.001 |
|                                 RAM_reg_0_31_0_0                                               |    <0.001 |
|                             rstblk                                                             |    <0.001 |
|                               ngwrdrst.grst.g7serrst.gnsckt_wrst.rst_wr_reg2_inst              |    <0.001 |
|               USE_WRITE.USE_SPLIT_W.write_resp_inst                                            |    <0.001 |
|               USE_WRITE.write_addr_inst                                                        |     0.001 |
|                 USE_BURSTS.cmd_queue                                                           |    <0.001 |
|                   inst                                                                         |    <0.001 |
|                     fifo_gen_inst                                                              |    <0.001 |
|                       inst_fifo_gen                                                            |    <0.001 |
|                         gconvfifo.rf                                                           |    <0.001 |
|                           grf.rf                                                               |    <0.001 |
|                             gntv_or_sync_fifo.gl0.rd                                           |    <0.001 |
|                               gr1.gr1_int.rfwft                                                |    <0.001 |
|                               grss.rsts                                                        |    <0.001 |
|                               rpntr                                                            |    <0.001 |
|                             gntv_or_sync_fifo.gl0.wr                                           |    <0.001 |
|                               gwss.wsts                                                        |    <0.001 |
|                               wpntr                                                            |    <0.001 |
|                             gntv_or_sync_fifo.mem                                              |    <0.001 |
|                               gdm.dm_gen.dm                                                    |    <0.001 |
|                                 RAM_reg_0_31_0_4                                               |    <0.001 |
|                             rstblk                                                             |    <0.001 |
|                               ngwrdrst.grst.g7serrst.gnsckt_wrst.rst_wr_reg2_inst              |    <0.001 |
|                 USE_B_CHANNEL.cmd_b_queue                                                      |    <0.001 |
|                   inst                                                                         |    <0.001 |
|                     fifo_gen_inst                                                              |    <0.001 |
|                       inst_fifo_gen                                                            |    <0.001 |
|                         gconvfifo.rf                                                           |    <0.001 |
|                           grf.rf                                                               |    <0.001 |
|                             gntv_or_sync_fifo.gl0.rd                                           |    <0.001 |
|                               gr1.gr1_int.rfwft                                                |    <0.001 |
|                               grss.rsts                                                        |    <0.001 |
|                               rpntr                                                            |    <0.001 |
|                             gntv_or_sync_fifo.gl0.wr                                           |    <0.001 |
|                               gwss.wsts                                                        |    <0.001 |
|                               wpntr                                                            |    <0.001 |
|                             gntv_or_sync_fifo.mem                                              |    <0.001 |
|                               gdm.dm_gen.dm                                                    |    <0.001 |
|                                 RAM_reg_0_31_0_4                                               |    <0.001 |
|                             rstblk                                                             |    <0.001 |
|                               ngwrdrst.grst.g7serrst.gnsckt_wrst.rst_wr_reg2_inst              |    <0.001 |
|               USE_WRITE.write_data_inst                                                        |    <0.001 |
|       s01_couplers                                                                             |     0.001 |
|         auto_us                                                                                |     0.001 |
|           inst                                                                                 |     0.001 |
|             gen_upsizer.gen_full_upsizer.axi_upsizer_inst                                      |     0.001 |
|               USE_WRITE.gen_non_fifo_w_upsizer.write_data_inst                                 |    <0.001 |
|               USE_WRITE.write_addr_inst                                                        |    <0.001 |
|                 GEN_CMD_QUEUE.cmd_queue                                                        |    <0.001 |
|               si_register_slice_inst                                                           |    <0.001 |
|                 aw.aw_pipe                                                                     |    <0.001 |
|       xbar                                                                                     |     0.002 |
|         inst                                                                                   |     0.002 |
|           gen_samd.crossbar_samd                                                               |     0.002 |
|             addr_arbiter_ar                                                                    |    <0.001 |
|             addr_arbiter_aw                                                                    |    <0.001 |
|             gen_decerr_slave.decerr_slave_inst                                                 |    <0.001 |
|             gen_master_slots[0].gen_mi_write.wdata_mux_w                                       |    <0.001 |
|               gen_wmux.wmux_aw_fifo                                                            |    <0.001 |
|                 gen_srls[0].gen_rep[0].srl_nx1                                                 |    <0.001 |
|             gen_master_slots[0].reg_slice_mi                                                   |    <0.001 |
|               b.b_pipe                                                                         |    <0.001 |
|               r.r_pipe                                                                         |    <0.001 |
|             gen_master_slots[1].gen_mi_write.wdata_mux_w                                       |    <0.001 |
|               gen_wmux.wmux_aw_fifo                                                            |    <0.001 |
|                 gen_srls[0].gen_rep[0].srl_nx1                                                 |    <0.001 |
|             gen_master_slots[1].reg_slice_mi                                                   |    <0.001 |
|               b.b_pipe                                                                         |    <0.001 |
|               r.r_pipe                                                                         |    <0.001 |
|             gen_slave_slots[0].gen_si_read.si_transactor_ar                                    |    <0.001 |
|             gen_slave_slots[1].gen_si_write.si_transactor_aw                                   |    <0.001 |
|             gen_slave_slots[1].gen_si_write.splitter_aw_si                                     |    <0.001 |
|             gen_slave_slots[1].gen_si_write.wdata_router_w                                     |    <0.001 |
|               wrouter_aw_fifo                                                                  |    <0.001 |
|                 gen_srls[0].gen_rep[0].srl_nx1                                                 |    <0.001 |
|             splitter_aw_mi                                                                     |    <0.001 |
|     axi_vdma_0                                                                                 |     0.010 |
|       U0                                                                                       |     0.010 |
|         AXI_LITE_REG_INTERFACE_I                                                               |     0.001 |
|           GEN_AXI_LITE_IF.AXI_LITE_IF_I                                                        |     0.001 |
|             GEN_LITE_IS_ASYNC.GEN_MM2S_ONLY_ASYNC_LITE_ACCESS.LITE_WVALID_MM2S_CDC_I           |    <0.001 |
|           GEN_MM2S_LITE_CROSSINGS.GEN_MM2S_CROSSINGS_ASYNC.MM2S_INTRPT_CROSSING_I              |    <0.001 |
|         GEN_SPRT_FOR_MM2S.ADDR32.I_MM2S_DMA_MNGR                                               |     0.002 |
|           I_CMDSTS                                                                             |    <0.001 |
|           I_SM                                                                                 |    <0.001 |
|           I_STS_MNGR                                                                           |    <0.001 |
|           VIDEO_GENLOCK_I                                                                      |     0.000 |
|           VIDEO_REG_I                                                                          |    <0.001 |
|             GEN_REGISTER_DIRECT.GEN_REGDIRECT_DRES.VIDREGISTER_I                               |    <0.001 |
|         GEN_SPRT_FOR_MM2S.GEN_AXIS_MM2S_DWIDTH_CONV.AXIS_MM2S_DWIDTH_CONVERTER_I               |     0.002 |
|           GEN_DWIDTH_NO_SOF.MM2S_AXIS_DWIDTH_CONVERTER_I                                       |     0.001 |
|             gen_downsizer_conversion.axisc_downsizer_0                                         |    <0.001 |
|             gen_upsizer_conversion.axisc_upsizer_0                                             |    <0.001 |
|         GEN_SPRT_FOR_MM2S.MM2S_FSYNC_I                                                         |    <0.001 |
|         GEN_SPRT_FOR_MM2S.MM2S_LINEBUFFER_I                                                    |    <0.001 |
|           GEN_LINEBUF_NO_SOF.GEN_FOR_ASYNC.ALL_LINES_XFRED_P_S_CDC_I                           |    <0.001 |
|           GEN_LINEBUF_NO_SOF.GEN_FOR_ASYNC.HALT_CDC_I                                          |    <0.001 |
|           GEN_LINEBUF_NO_SOF.GEN_FOR_ASYNC.SHUTDOWN_RST_CDC_I                                  |    <0.001 |
|           GEN_LINEBUF_NO_SOF.GEN_LINEBUFFER.GEN_ASYNC_FIFO.LB_BUILT_IN.I_LINEBUFFER_FIFO       |    <0.001 |
|             fg_builtin_fifo_inst                                                               |    <0.001 |
|               inst_fifo_gen                                                                    |    <0.001 |
|                 gconvfifo.rf                                                                   |    <0.001 |
|                   gbi.bi                                                                       |    <0.001 |
|                     g7ser_birst.rstbt                                                          |    <0.001 |
|                     v7_bi_fifo.fblk                                                            |    <0.001 |
|                       gextw[1].gnll_fifo.inst_extd                                             |    <0.001 |
|                         gonep.inst_prim                                                        |    <0.001 |
|                       gextw[2].gnll_fifo.inst_extd                                             |    <0.001 |
|                         gonep.inst_prim                                                        |    <0.001 |
|                       gextw[3].gnll_fifo.inst_extd                                             |    <0.001 |
|                         gonep.inst_prim                                                        |    <0.001 |
|                       gextw[4].gnll_fifo.inst_extd                                             |    <0.001 |
|                         gonep.inst_prim                                                        |    <0.001 |
|                       gextw[5].gnll_fifo.inst_extd                                             |    <0.001 |
|                         gonep.inst_prim                                                        |    <0.001 |
|           GEN_LINEBUF_NO_SOF.GEN_LINEBUFFER.I_MSTR_SKID                                        |    <0.001 |
|         GEN_SPRT_FOR_MM2S.MM2S_REGISTER_MODULE_I                                               |    <0.001 |
|           GEN_REG_DIRECT_MODE.REGDIRECT_I                                                      |    <0.001 |
|           I_DMA_REGISTER                                                                       |    <0.001 |
|           LITE_READ_MUX_I                                                                      |     0.000 |
|         GEN_SPRT_FOR_MM2S.MM2S_SOF_I                                                           |    <0.001 |
|         GEN_SPRT_FOR_MM2S.MM2S_VID_CDC_I                                                       |    <0.001 |
|           GEN_CDC_FOR_ASYNC.FSYNC_OUT_CDC_I                                                    |    <0.001 |
|           GEN_CDC_FOR_ASYNC.SOF_CDC_I                                                          |    <0.001 |
|         I_AXI_DMA_INTRPT                                                                       |    <0.001 |
|         I_PRMRY_DATAMOVER                                                                      |     0.003 |
|           GEN_MM2S_FULL.I_MM2S_FULL_WRAPPER                                                    |     0.003 |
|             GEN_INCLUDE_MM2S_DRE.I_DRE_16_to_64                                                |    <0.001 |
|             GEN_INCLUDE_MM2S_SF.I_RD_SF                                                        |    <0.001 |
|               INCLUDE_DRE_CNTL.I_DRE_CNTL_FIFO                                                 |    <0.001 |
|                 USE_SRL_FIFO.I_SYNC_FIFO                                                       |    <0.001 |
|                   I_SRL_FIFO_RBU_F                                                             |    <0.001 |
|                     CNTR_INCR_DECR_ADDN_F_I                                                    |    <0.001 |
|                     DYNSHREG_F_I                                                               |    <0.001 |
|               I_DATA_FIFO                                                                      |    <0.001 |
|                 BLK_MEM.I_SYNC_FIFOGEN_FIFO                                                    |    <0.001 |
|                   xpm_fifo_instance.xpm_fifo_sync_inst                                         |    <0.001 |
|                     xpm_fifo_base_inst                                                         |    <0.001 |
|                       gen_fwft.rdpp1_inst                                                      |    <0.001 |
|                       gen_sdpram.xpm_memory_base_inst                                          |    <0.001 |
|                       rdp_inst                                                                 |    <0.001 |
|                       rdpp1_inst                                                               |    <0.001 |
|                       wrp_inst                                                                 |    <0.001 |
|                       wrpp1_inst                                                               |    <0.001 |
|                       xpm_fifo_rst_inst                                                        |    <0.001 |
|             I_ADDR_CNTL                                                                        |    <0.001 |
|               GEN_ADDR_FIFO.I_ADDR_QUAL_FIFO                                                   |    <0.001 |
|                 USE_SRL_FIFO.I_SYNC_FIFO                                                       |    <0.001 |
|                   I_SRL_FIFO_RBU_F                                                             |    <0.001 |
|                     CNTR_INCR_DECR_ADDN_F_I                                                    |    <0.001 |
|                     DYNSHREG_F_I                                                               |    <0.001 |
|             I_CMD_STATUS                                                                       |    <0.001 |
|               GEN_INCLUDE_STATUS_FIFO.I_STS_FIFO                                               |    <0.001 |
|                 USE_SRL_FIFO.I_SYNC_FIFO                                                       |    <0.001 |
|                   I_SRL_FIFO_RBU_F                                                             |    <0.001 |
|                     CNTR_INCR_DECR_ADDN_F_I                                                    |    <0.001 |
|                     DYNSHREG_F_I                                                               |    <0.001 |
|               I_CMD_FIFO                                                                       |    <0.001 |
|                 USE_SRL_FIFO.I_SYNC_FIFO                                                       |    <0.001 |
|                   I_SRL_FIFO_RBU_F                                                             |    <0.001 |
|                     CNTR_INCR_DECR_ADDN_F_I                                                    |    <0.001 |
|                     DYNSHREG_F_I                                                               |    <0.001 |
|             I_MSTR_PCC                                                                         |     0.001 |
|             I_RD_DATA_CNTL                                                                     |    <0.001 |
|               GEN_DATA_CNTL_FIFO.I_DATA_CNTL_FIFO                                              |    <0.001 |
|                 USE_SRL_FIFO.I_SYNC_FIFO                                                       |    <0.001 |
|                   I_SRL_FIFO_RBU_F                                                             |    <0.001 |
|                     CNTR_INCR_DECR_ADDN_F_I                                                    |    <0.001 |
|                     DYNSHREG_F_I                                                               |    <0.001 |
|             I_RD_STATUS_CNTLR                                                                  |    <0.001 |
|             I_RESET                                                                            |    <0.001 |
|         I_RST_MODULE                                                                           |    <0.001 |
|           GEN_RESET_FOR_MM2S.RESET_I                                                           |    <0.001 |
|             GEN_MIN_FOR_ASYNC.AXIS_CLR_CDC_I                                                   |    <0.001 |
|             GEN_MIN_FOR_ASYNC.AXIS_IDLE_CDC_I                                                  |    <0.001 |
|             GEN_MIN_FOR_ASYNC.AXIS_MIN_CDC_I                                                   |    <0.001 |
|             GEN_MIN_FOR_ASYNC.AXIS_RESET_CDC_I                                                 |    <0.001 |
|             GEN_MIN_FOR_ASYNC.LITE_CLR_CDC_I                                                   |    <0.001 |
|             GEN_MIN_FOR_ASYNC.LITE_IDLE_CDC_I                                                  |    <0.001 |
|             GEN_MIN_FOR_ASYNC.LITE_MIN_CDC_I                                                   |    <0.001 |
|             GEN_MIN_FOR_ASYNC.LITE_RESET_CDC_I                                                 |    <0.001 |
|             GEN_RESET_FOR_ASYNC.AXIS_RESET_CDC_I                                               |    <0.001 |
|             GEN_RESET_FOR_ASYNC.HARD_RESET_CDC_I                                               |    <0.001 |
|     axis_register_slice_0                                                                      |    <0.001 |
|       inst                                                                                     |    <0.001 |
|         axisc_register_slice_0                                                                 |    <0.001 |
|     processing_system7_0                                                                       |     1.582 |
|       inst                                                                                     |     1.582 |
|     ps7_0_axi_periph                                                                           |     0.005 |
|       s00_couplers                                                                             |     0.004 |
|         auto_pc                                                                                |     0.004 |
|           inst                                                                                 |     0.004 |
|             gen_axilite.gen_b2s_conv.axilite_b2s                                               |     0.004 |
|               RD.ar_channel_0                                                                  |    <0.001 |
|                 ar_cmd_fsm_0                                                                   |    <0.001 |
|                 cmd_translator_0                                                               |    <0.001 |
|                   incr_cmd_0                                                                   |    <0.001 |
|                   wrap_cmd_0                                                                   |    <0.001 |
|               RD.r_channel_0                                                                   |    <0.001 |
|                 rd_data_fifo_0                                                                 |    <0.001 |
|                 transaction_fifo_0                                                             |    <0.001 |
|               SI_REG                                                                           |     0.002 |
|                 ar.ar_pipe                                                                     |    <0.001 |
|                 aw.aw_pipe                                                                     |    <0.001 |
|                 b.b_pipe                                                                       |    <0.001 |
|                 r.r_pipe                                                                       |    <0.001 |
|               WR.aw_channel_0                                                                  |    <0.001 |
|                 aw_cmd_fsm_0                                                                   |    <0.001 |
|                 cmd_translator_0                                                               |    <0.001 |
|                   incr_cmd_0                                                                   |    <0.001 |
|                   wrap_cmd_0                                                                   |    <0.001 |
|               WR.b_channel_0                                                                   |    <0.001 |
|                 bid_fifo_0                                                                     |    <0.001 |
|                 bresp_fifo_0                                                                   |    <0.001 |
|       xbar                                                                                     |    <0.001 |
|         inst                                                                                   |    <0.001 |
|           gen_sasd.crossbar_sasd_0                                                             |    <0.001 |
|             addr_arbiter_inst                                                                  |    <0.001 |
|             gen_decerr.decerr_slave_inst                                                       |    <0.001 |
|             reg_slice_r                                                                        |    <0.001 |
|             splitter_ar                                                                        |    <0.001 |
|             splitter_aw                                                                        |    <0.001 |
|     rgb2dvi_0                                                                                  |     0.004 |
|       U0                                                                                       |     0.004 |
|         ClockSerializer                                                                        |    <0.001 |
|         DataEncoders[0].DataEncoder                                                            |    <0.001 |
|         DataEncoders[0].DataSerializer                                                         |    <0.001 |
|         DataEncoders[1].DataEncoder                                                            |    <0.001 |
|         DataEncoders[1].DataSerializer                                                         |    <0.001 |
|         DataEncoders[2].DataEncoder                                                            |    <0.001 |
|         DataEncoders[2].DataSerializer                                                         |    <0.001 |
|         LockLostReset                                                                          |    <0.001 |
|           SyncAsyncx                                                                           |    <0.001 |
|     rst_clk_32M_0                                                                              |    <0.001 |
|       U0                                                                                       |    <0.001 |
|         EXT_LPF                                                                                |    <0.001 |
|           ACTIVE_LOW_AUX.ACT_LO_AUX                                                            |    <0.001 |
|           ACTIVE_LOW_EXT.ACT_LO_EXT                                                            |    <0.001 |
|         SEQ                                                                                    |    <0.001 |
|           SEQ_COUNTER                                                                          |    <0.001 |
|     rst_ps7_0_100M                                                                             |    <0.001 |
|       U0                                                                                       |    <0.001 |
|         EXT_LPF                                                                                |    <0.001 |
|           ACTIVE_LOW_AUX.ACT_LO_AUX                                                            |    <0.001 |
|           ACTIVE_LOW_EXT.ACT_LO_EXT                                                            |    <0.001 |
|         SEQ                                                                                    |    <0.001 |
|           SEQ_COUNTER                                                                          |    <0.001 |
|     rst_ps7_0_142M                                                                             |    <0.001 |
|       U0                                                                                       |    <0.001 |
|         EXT_LPF                                                                                |    <0.001 |
|           ACTIVE_LOW_AUX.ACT_LO_AUX                                                            |    <0.001 |
|           ACTIVE_LOW_EXT.ACT_LO_EXT                                                            |    <0.001 |
|         SEQ                                                                                    |    <0.001 |
|           SEQ_COUNTER                                                                          |    <0.001 |
|     v_axi4s_vid_out_0                                                                          |     0.005 |
|       inst                                                                                     |     0.005 |
|         COUPLER_INST                                                                           |     0.004 |
|           generate_async_fifo.FIFO_INST                                                        |     0.004 |
|             XPM_FIFO_ASYNC_INST                                                                |     0.004 |
|               gnuram_async_fifo.xpm_fifo_base_inst                                             |     0.004 |
|                 gen_cdc_pntr.rd_pntr_cdc_inst                                                  |    <0.001 |
|                 gen_cdc_pntr.rpw_gray_reg                                                      |    <0.001 |
|                 gen_cdc_pntr.wpr_gray_reg                                                      |    <0.001 |
|                 gen_cdc_pntr.wpr_gray_reg_dc                                                   |    <0.001 |
|                 gen_cdc_pntr.wr_pntr_cdc_dc_inst                                               |    <0.001 |
|                 gen_cdc_pntr.wr_pntr_cdc_inst                                                  |    <0.001 |
|                 gen_fwft.rdpp1_inst                                                            |    <0.001 |
|                 gen_sdpram.xpm_memory_base_inst                                                |     0.002 |
|                 rdp_inst                                                                       |    <0.001 |
|                 rdpp1_inst                                                                     |    <0.001 |
|                 rst_d1_inst                                                                    |    <0.001 |
|                 wrp_inst                                                                       |    <0.001 |
|                 wrpp1_inst                                                                     |    <0.001 |
|                 wrpp2_inst                                                                     |    <0.001 |
|                 xpm_fifo_rst_inst                                                              |    <0.001 |
|                   gen_rst_ic.rrst_rd_inst                                                      |    <0.001 |
|                     gen_pipe_bit[1].pipe_bit_inst                                              |    <0.001 |
|                     gen_pipe_bit[2].pipe_bit_inst                                              |    <0.001 |
|                   gen_rst_ic.rrst_wr_inst                                                      |    <0.001 |
|                   gen_rst_ic.wrst_rd_inst                                                      |    <0.001 |
|                   gen_rst_ic.wrst_wr_inst                                                      |    <0.001 |
|                     gen_pipe_bit[0].pipe_bit_inst                                              |    <0.001 |
|                     gen_pipe_bit[1].pipe_bit_inst                                              |    <0.001 |
|         FORMATTER_INST                                                                         |    <0.001 |
|         SYNC_INST                                                                              |    <0.001 |
|     v_tc_0                                                                                     |     0.012 |
|       U0                                                                                       |     0.012 |
|         U_TC_TOP                                                                               |     0.001 |
|           GEN_GENERATOR.U_TC_GEN                                                               |     0.001 |
|         U_VIDEO_CTRL                                                                           |     0.011 |
|           AXI4_LITE_INTERFACE.AXI_LITE_IPIF_I                                                  |    <0.001 |
|             I_SLAVE_ATTACHMENT                                                                 |    <0.001 |
|               I_DECODER                                                                        |    <0.001 |
|           AXI4_LITE_INTERFACE.CORE_MUX0                                                        |    <0.001 |
|           AXI4_LITE_INTERFACE.GENR_MUX0                                                        |     0.003 |
|           AXI4_LITE_INTERFACE.SYNC2PROCCLK_I                                                   |    <0.001 |
|           AXI4_LITE_INTERFACE.SYNC2VIDCLK_I                                                    |     0.002 |
|     xlconcat_0                                                                                 |     0.000 |
+------------------------------------------------------------------------------------------------+-----------+


