09:29:40 INFO  : Registering command handlers for SDK TCF services
09:29:40 INFO  : Launching XSCT server: xsct.bat -interactive F:\intel_project\AX7010\06_bram_test\bram_test.sdk\temp_xsdb_launch_script.tcl
09:29:42 INFO  : XSCT server has started successfully.
09:29:42 INFO  : Successfully done setting XSCT server connection channel  
09:29:43 INFO  : Successfully done setting SDK workspace  
09:29:43 INFO  : Processing command line option -hwspec F:/intel_project/AX7010/06_bram_test/bram_test.sdk/top_wrapper.hdf.
09:34:36 INFO  : Connected to target on host '127.0.0.1' and port '3121'.
09:34:36 INFO  : Jtag cable 'Digilent JTAG-HS1 210512180081' is selected.
09:34:36 INFO  : 'jtag frequency' command is executed.
09:34:36 INFO  : Sourcing of 'F:/intel_project/AX7010/06_bram_test/bram_test.sdk/top_wrapper_hw_platform_0/ps7_init.tcl' is done.
09:34:36 INFO  : Context for 'APU' is selected.
09:34:36 INFO  : System reset is completed.
09:34:39 INFO  : 'after 3000' command is executed.
09:34:40 INFO  : 'targets -set -filter {jtag_cable_name =~ "Digilent JTAG-HS1 210512180081" && level==0} -index 1' command is executed.
09:34:41 INFO  : FPGA configured successfully with bitstream "F:/intel_project/AX7010/06_bram_test/bram_test.sdk/top_wrapper_hw_platform_0/top_wrapper.bit"
09:34:41 INFO  : Context for 'APU' is selected.
09:34:41 INFO  : Hardware design information is loaded from 'F:/intel_project/AX7010/06_bram_test/bram_test.sdk/top_wrapper_hw_platform_0/system.hdf'.
09:34:41 INFO  : 'configparams force-mem-access 1' command is executed.
09:34:41 INFO  : Context for 'APU' is selected.
09:34:42 INFO  : 'ps7_init' command is executed.
09:34:42 INFO  : 'ps7_post_config' command is executed.
09:34:42 INFO  : Context for processor 'ps7_cortexa9_0' is selected.
09:34:42 INFO  : The application 'F:/intel_project/AX7010/06_bram_test/bram_test.sdk/bram_intr_test/Debug/bram_intr_test.elf' is downloaded to processor 'ps7_cortexa9_0'.
09:34:42 INFO  : 'configparams force-mem-access 0' command is executed.
09:34:42 INFO  : ----------------XSDB Script----------------
connect -url tcp:127.0.0.1:3121
source F:/intel_project/AX7010/06_bram_test/bram_test.sdk/top_wrapper_hw_platform_0/ps7_init.tcl
targets -set -nocase -filter {name =~"APU*" && jtag_cable_name =~ "Digilent JTAG-HS1 210512180081"} -index 0
rst -system
after 3000
targets -set -filter {jtag_cable_name =~ "Digilent JTAG-HS1 210512180081" && level==0} -index 1
fpga -file F:/intel_project/AX7010/06_bram_test/bram_test.sdk/top_wrapper_hw_platform_0/top_wrapper.bit
targets -set -nocase -filter {name =~"APU*" && jtag_cable_name =~ "Digilent JTAG-HS1 210512180081"} -index 0
loadhw -hw F:/intel_project/AX7010/06_bram_test/bram_test.sdk/top_wrapper_hw_platform_0/system.hdf -mem-ranges [list {0x40000000 0xbfffffff}]
configparams force-mem-access 1
targets -set -nocase -filter {name =~"APU*" && jtag_cable_name =~ "Digilent JTAG-HS1 210512180081"} -index 0
ps7_init
ps7_post_config
targets -set -nocase -filter {name =~ "ARM*#0" && jtag_cable_name =~ "Digilent JTAG-HS1 210512180081"} -index 0
dow F:/intel_project/AX7010/06_bram_test/bram_test.sdk/bram_intr_test/Debug/bram_intr_test.elf
configparams force-mem-access 0
----------------End of Script----------------

09:34:42 INFO  : Memory regions updated for context APU
09:34:42 INFO  : Context for processor 'ps7_cortexa9_0' is selected.
09:34:43 INFO  : 'con' command is executed.
09:34:43 INFO  : ----------------XSDB Script (After Launch)----------------
targets -set -nocase -filter {name =~ "ARM*#0" && jtag_cable_name =~ "Digilent JTAG-HS1 210512180081"} -index 0
con
----------------End of Script----------------

09:34:43 INFO  : Launch script is exported to file 'F:\intel_project\AX7010\06_bram_test\bram_test.sdk\.sdk\launch_scripts\xilinx_c-c++_application_(system_debugger)\system_debugger_using_debug_bram_intr_test.elf_on_local.tcl'
09:37:46 INFO  : Invoking Bootgen: bootgen -image bram_intr_test.bif -arch zynq -o F:\intel_project\AX7010\06_bram_test\bootimage\BOOT.bin -w on
09:37:46 INFO  : Overwriting existing bif file F:\intel_project\AX7010\06_bram_test\bootimage\bram_intr_test.bif
09:37:47 INFO  : Bootgen command execution is done.
09:44:33 INFO  : Disconnected from the channel tcfchan#1.
01:15:45 INFO  : Launching XSCT server: xsct.bat -interactive D:\FPGA_board_running\Materials\course_s2\no_changed_material_source\course_s2_sdk\06_bram_test\bram_test.sdk\temp_xsdb_launch_script.tcl
01:15:51 INFO  : XSCT server has started successfully.
01:15:58 INFO  : Successfully done setting XSCT server connection channel  
01:15:58 INFO  : Successfully done setting SDK workspace  
01:16:10 INFO  : Registering command handlers for SDK TCF services
01:16:10 INFO  : Processing command line option -hwspec D:/FPGA_board_running/Materials/course_s2/no_changed_material_source/course_s2_sdk/06_bram_test/bram_test.sdk/top_wrapper.hdf.
14:08:43 INFO  : Registering command handlers for SDK TCF services
14:08:44 INFO  : Launching XSCT server: xsct.bat -interactive D:\FPGA_board_running\Materials\course_s2\no_changed_material_source\course_s2_sdk\06_bram_test\bram_test.sdk\temp_xsdb_launch_script.tcl
14:08:50 INFO  : XSCT server has started successfully.
14:08:54 INFO  : Successfully done setting XSCT server connection channel  
14:08:54 INFO  : Successfully done setting SDK workspace  
14:08:54 INFO  : Processing command line option -hwspec D:/FPGA_board_running/Materials/course_s2/no_changed_material_source/course_s2_sdk/06_bram_test/bram_test.sdk/top_wrapper.hdf.
14:08:55 INFO  : Checking for hwspec changes in the project top_wrapper_hw_platform_1.
14:10:18 INFO  : Connected to target on host '127.0.0.1' and port '3121'.
14:10:28 INFO  : ----------------XSDB Script----------------
connect -url tcp:127.0.0.1:3121
----------------End of Script----------------

14:11:29 INFO  : Connected to target on host '127.0.0.1' and port '3121'.
14:11:29 INFO  : Jtag cable 'Digilent JTAG-HS1 210512180081' is selected.
14:11:29 INFO  : 'jtag frequency' command is executed.
14:11:29 INFO  : Sourcing of 'D:/FPGA_board_running/Materials/course_s2/no_changed_material_source/course_s2_sdk/06_bram_test/bram_test.sdk/top_wrapper_hw_platform_0/ps7_init.tcl' is done.
14:11:29 INFO  : Context for 'APU' is selected.
14:11:30 INFO  : System reset is completed.
14:11:33 INFO  : 'after 3000' command is executed.
14:11:33 INFO  : 'targets -set -filter {jtag_cable_name =~ "Digilent JTAG-HS1 210512180081" && level==0} -index 1' command is executed.
14:11:35 INFO  : FPGA configured successfully with bitstream "D:/FPGA_board_running/Materials/course_s2/no_changed_material_source/course_s2_sdk/06_bram_test/bram_test.sdk/top_wrapper_hw_platform_0/top_wrapper.bit"
14:11:35 INFO  : Context for 'APU' is selected.
14:11:35 INFO  : Hardware design information is loaded from 'D:/FPGA_board_running/Materials/course_s2/no_changed_material_source/course_s2_sdk/06_bram_test/bram_test.sdk/top_wrapper_hw_platform_0/system.hdf'.
14:11:35 INFO  : 'configparams force-mem-access 1' command is executed.
14:11:35 INFO  : Context for 'APU' is selected.
14:11:35 INFO  : 'ps7_init' command is executed.
14:11:35 INFO  : 'ps7_post_config' command is executed.
14:11:35 INFO  : Context for processor 'ps7_cortexa9_0' is selected.
14:11:36 INFO  : The application 'D:/FPGA_board_running/Materials/course_s2/no_changed_material_source/course_s2_sdk/06_bram_test/bram_test.sdk/bram_intr_test/Debug/bram_intr_test.elf' is downloaded to processor 'ps7_cortexa9_0'.
14:11:36 INFO  : 'configparams force-mem-access 0' command is executed.
14:11:36 INFO  : ----------------XSDB Script----------------
connect -url tcp:127.0.0.1:3121
source D:/FPGA_board_running/Materials/course_s2/no_changed_material_source/course_s2_sdk/06_bram_test/bram_test.sdk/top_wrapper_hw_platform_0/ps7_init.tcl
targets -set -nocase -filter {name =~"APU*" && jtag_cable_name =~ "Digilent JTAG-HS1 210512180081"} -index 0
rst -system
after 3000
targets -set -filter {jtag_cable_name =~ "Digilent JTAG-HS1 210512180081" && level==0} -index 1
fpga -file D:/FPGA_board_running/Materials/course_s2/no_changed_material_source/course_s2_sdk/06_bram_test/bram_test.sdk/top_wrapper_hw_platform_0/top_wrapper.bit
targets -set -nocase -filter {name =~"APU*" && jtag_cable_name =~ "Digilent JTAG-HS1 210512180081"} -index 0
loadhw -hw D:/FPGA_board_running/Materials/course_s2/no_changed_material_source/course_s2_sdk/06_bram_test/bram_test.sdk/top_wrapper_hw_platform_0/system.hdf -mem-ranges [list {0x40000000 0xbfffffff}]
configparams force-mem-access 1
targets -set -nocase -filter {name =~"APU*" && jtag_cable_name =~ "Digilent JTAG-HS1 210512180081"} -index 0
ps7_init
ps7_post_config
targets -set -nocase -filter {name =~ "ARM*#0" && jtag_cable_name =~ "Digilent JTAG-HS1 210512180081"} -index 0
dow D:/FPGA_board_running/Materials/course_s2/no_changed_material_source/course_s2_sdk/06_bram_test/bram_test.sdk/bram_intr_test/Debug/bram_intr_test.elf
configparams force-mem-access 0
----------------End of Script----------------

14:11:36 INFO  : Memory regions updated for context APU
14:11:36 INFO  : Context for processor 'ps7_cortexa9_0' is selected.
14:11:36 INFO  : 'con' command is executed.
14:11:36 INFO  : ----------------XSDB Script (After Launch)----------------
targets -set -nocase -filter {name =~ "ARM*#0" && jtag_cable_name =~ "Digilent JTAG-HS1 210512180081"} -index 0
con
----------------End of Script----------------

14:11:36 INFO  : Launch script is exported to file 'D:\FPGA_board_running\Materials\course_s2\no_changed_material_source\course_s2_sdk\06_bram_test\bram_test.sdk\.sdk\launch_scripts\xilinx_c-c++_application_(system_debugger)\system_debugger_using_debug_bram_intr_test.elf_on_local.tcl'
14:17:22 INFO  : Disconnected from the channel tcfchan#1.
14:17:23 INFO  : Connected to target on host '127.0.0.1' and port '3121'.
14:17:23 INFO  : Jtag cable 'Digilent JTAG-HS1 210512180081' is selected.
14:17:23 INFO  : 'jtag frequency' command is executed.
14:17:23 INFO  : Sourcing of 'D:/FPGA_board_running/Materials/course_s2/no_changed_material_source/course_s2_sdk/06_bram_test/bram_test.sdk/top_wrapper_hw_platform_0/ps7_init.tcl' is done.
14:17:23 INFO  : Context for 'APU' is selected.
14:17:23 INFO  : System reset is completed.
14:17:26 INFO  : 'after 3000' command is executed.
14:17:26 INFO  : 'targets -set -filter {jtag_cable_name =~ "Digilent JTAG-HS1 210512180081" && level==0} -index 1' command is executed.
14:17:28 INFO  : FPGA configured successfully with bitstream "D:/FPGA_board_running/Materials/course_s2/no_changed_material_source/course_s2_sdk/06_bram_test/bram_test.sdk/top_wrapper_hw_platform_0/top_wrapper.bit"
14:17:28 INFO  : Context for 'APU' is selected.
14:17:30 INFO  : Hardware design information is loaded from 'D:/FPGA_board_running/Materials/course_s2/no_changed_material_source/course_s2_sdk/06_bram_test/bram_test.sdk/top_wrapper_hw_platform_0/system.hdf'.
14:17:30 INFO  : 'configparams force-mem-access 1' command is executed.
14:17:30 INFO  : Context for 'APU' is selected.
14:17:31 INFO  : 'ps7_init' command is executed.
14:17:31 INFO  : 'ps7_post_config' command is executed.
14:17:31 INFO  : Context for processor 'ps7_cortexa9_0' is selected.
14:17:31 INFO  : The application 'D:/FPGA_board_running/Materials/course_s2/no_changed_material_source/course_s2_sdk/06_bram_test/bram_test.sdk/bram_intr_test/Debug/bram_intr_test.elf' is downloaded to processor 'ps7_cortexa9_0'.
14:17:31 INFO  : 'configparams force-mem-access 0' command is executed.
14:17:31 INFO  : ----------------XSDB Script----------------
connect -url tcp:127.0.0.1:3121
source D:/FPGA_board_running/Materials/course_s2/no_changed_material_source/course_s2_sdk/06_bram_test/bram_test.sdk/top_wrapper_hw_platform_0/ps7_init.tcl
targets -set -nocase -filter {name =~"APU*" && jtag_cable_name =~ "Digilent JTAG-HS1 210512180081"} -index 0
rst -system
after 3000
targets -set -filter {jtag_cable_name =~ "Digilent JTAG-HS1 210512180081" && level==0} -index 1
fpga -file D:/FPGA_board_running/Materials/course_s2/no_changed_material_source/course_s2_sdk/06_bram_test/bram_test.sdk/top_wrapper_hw_platform_0/top_wrapper.bit
targets -set -nocase -filter {name =~"APU*" && jtag_cable_name =~ "Digilent JTAG-HS1 210512180081"} -index 0
loadhw -hw D:/FPGA_board_running/Materials/course_s2/no_changed_material_source/course_s2_sdk/06_bram_test/bram_test.sdk/top_wrapper_hw_platform_0/system.hdf -mem-ranges [list {0x40000000 0xbfffffff}]
configparams force-mem-access 1
targets -set -nocase -filter {name =~"APU*" && jtag_cable_name =~ "Digilent JTAG-HS1 210512180081"} -index 0
ps7_init
ps7_post_config
targets -set -nocase -filter {name =~ "ARM*#0" && jtag_cable_name =~ "Digilent JTAG-HS1 210512180081"} -index 0
dow D:/FPGA_board_running/Materials/course_s2/no_changed_material_source/course_s2_sdk/06_bram_test/bram_test.sdk/bram_intr_test/Debug/bram_intr_test.elf
configparams force-mem-access 0
----------------End of Script----------------

14:17:31 INFO  : Memory regions updated for context APU
14:17:31 INFO  : Context for processor 'ps7_cortexa9_0' is selected.
14:17:31 INFO  : 'con' command is executed.
14:17:31 INFO  : ----------------XSDB Script (After Launch)----------------
targets -set -nocase -filter {name =~ "ARM*#0" && jtag_cable_name =~ "Digilent JTAG-HS1 210512180081"} -index 0
con
----------------End of Script----------------

14:17:31 INFO  : Launch script is exported to file 'D:\FPGA_board_running\Materials\course_s2\no_changed_material_source\course_s2_sdk\06_bram_test\bram_test.sdk\.sdk\launch_scripts\xilinx_c-c++_application_(system_debugger)\system_debugger_using_debug_bram_intr_test.elf_on_local.tcl'
14:21:19 INFO  : Disconnected from the channel tcfchan#2.
14:21:20 INFO  : Connected to target on host '127.0.0.1' and port '3121'.
14:21:20 INFO  : Jtag cable 'Digilent JTAG-HS1 210512180081' is selected.
14:21:20 INFO  : 'jtag frequency' command is executed.
14:21:20 INFO  : Sourcing of 'D:/FPGA_board_running/Materials/course_s2/no_changed_material_source/course_s2_sdk/06_bram_test/bram_test.sdk/top_wrapper_hw_platform_0/ps7_init.tcl' is done.
14:21:20 INFO  : Context for 'APU' is selected.
14:21:20 INFO  : System reset is completed.
14:21:23 INFO  : 'after 3000' command is executed.
14:21:23 INFO  : 'targets -set -filter {jtag_cable_name =~ "Digilent JTAG-HS1 210512180081" && level==0} -index 1' command is executed.
14:21:25 INFO  : FPGA configured successfully with bitstream "D:/FPGA_board_running/Materials/course_s2/no_changed_material_source/course_s2_sdk/06_bram_test/bram_test.sdk/top_wrapper_hw_platform_0/top_wrapper.bit"
14:21:25 INFO  : Context for 'APU' is selected.
14:21:25 INFO  : Hardware design information is loaded from 'D:/FPGA_board_running/Materials/course_s2/no_changed_material_source/course_s2_sdk/06_bram_test/bram_test.sdk/top_wrapper_hw_platform_0/system.hdf'.
14:21:25 INFO  : 'configparams force-mem-access 1' command is executed.
14:21:25 INFO  : Context for 'APU' is selected.
14:21:26 INFO  : 'ps7_init' command is executed.
14:21:26 INFO  : 'ps7_post_config' command is executed.
14:21:26 INFO  : Context for processor 'ps7_cortexa9_0' is selected.
14:21:26 INFO  : The application 'D:/FPGA_board_running/Materials/course_s2/no_changed_material_source/course_s2_sdk/06_bram_test/bram_test.sdk/bram_intr_test/Debug/bram_intr_test.elf' is downloaded to processor 'ps7_cortexa9_0'.
14:21:26 INFO  : 'configparams force-mem-access 0' command is executed.
14:21:26 INFO  : ----------------XSDB Script----------------
connect -url tcp:127.0.0.1:3121
source D:/FPGA_board_running/Materials/course_s2/no_changed_material_source/course_s2_sdk/06_bram_test/bram_test.sdk/top_wrapper_hw_platform_0/ps7_init.tcl
targets -set -nocase -filter {name =~"APU*" && jtag_cable_name =~ "Digilent JTAG-HS1 210512180081"} -index 0
rst -system
after 3000
targets -set -filter {jtag_cable_name =~ "Digilent JTAG-HS1 210512180081" && level==0} -index 1
fpga -file D:/FPGA_board_running/Materials/course_s2/no_changed_material_source/course_s2_sdk/06_bram_test/bram_test.sdk/top_wrapper_hw_platform_0/top_wrapper.bit
targets -set -nocase -filter {name =~"APU*" && jtag_cable_name =~ "Digilent JTAG-HS1 210512180081"} -index 0
loadhw -hw D:/FPGA_board_running/Materials/course_s2/no_changed_material_source/course_s2_sdk/06_bram_test/bram_test.sdk/top_wrapper_hw_platform_0/system.hdf -mem-ranges [list {0x40000000 0xbfffffff}]
configparams force-mem-access 1
targets -set -nocase -filter {name =~"APU*" && jtag_cable_name =~ "Digilent JTAG-HS1 210512180081"} -index 0
ps7_init
ps7_post_config
targets -set -nocase -filter {name =~ "ARM*#0" && jtag_cable_name =~ "Digilent JTAG-HS1 210512180081"} -index 0
dow D:/FPGA_board_running/Materials/course_s2/no_changed_material_source/course_s2_sdk/06_bram_test/bram_test.sdk/bram_intr_test/Debug/bram_intr_test.elf
configparams force-mem-access 0
----------------End of Script----------------

14:21:26 INFO  : Memory regions updated for context APU
14:21:27 INFO  : Context for processor 'ps7_cortexa9_0' is selected.
14:21:27 INFO  : 'con' command is executed.
14:21:27 INFO  : ----------------XSDB Script (After Launch)----------------
targets -set -nocase -filter {name =~ "ARM*#0" && jtag_cable_name =~ "Digilent JTAG-HS1 210512180081"} -index 0
con
----------------End of Script----------------

14:21:27 INFO  : Launch script is exported to file 'D:\FPGA_board_running\Materials\course_s2\no_changed_material_source\course_s2_sdk\06_bram_test\bram_test.sdk\.sdk\launch_scripts\xilinx_c-c++_application_(system_debugger)\system_debugger_using_debug_bram_intr_test.elf_on_local.tcl'
14:48:38 INFO  : Disconnected from the channel tcfchan#3.
14:51:35 INFO  : Registering command handlers for SDK TCF services
14:51:36 INFO  : Launching XSCT server: xsct.bat -interactive D:\FPGA_board_running\Materials\course_s2\no_changed_material_source\course_s2_sdk\06_bram_test\bram_test.sdk\temp_xsdb_launch_script.tcl
14:51:38 INFO  : XSCT server has started successfully.
14:51:38 INFO  : Successfully done setting XSCT server connection channel  
14:51:38 INFO  : Successfully done setting SDK workspace  
14:51:38 INFO  : Processing command line option -hwspec D:/FPGA_board_running/Materials/course_s2/no_changed_material_source/course_s2_sdk/06_bram_test/bram_test.sdk/top_wrapper.hdf.
14:51:38 INFO  : Checking for hwspec changes in the project top_wrapper_hw_platform_1.
14:54:16 INFO  : Connected to target on host '127.0.0.1' and port '3121'.
14:54:16 INFO  : Jtag cable 'Digilent JTAG-HS1 210512180081' is selected.
14:54:16 INFO  : 'jtag frequency' command is executed.
14:54:16 INFO  : Sourcing of 'D:/FPGA_board_running/Materials/course_s2/no_changed_material_source/course_s2_sdk/06_bram_test/bram_test.sdk/top_wrapper_hw_platform_0/ps7_init.tcl' is done.
14:54:16 INFO  : Context for 'APU' is selected.
14:54:17 INFO  : System reset is completed.
14:54:20 INFO  : 'after 3000' command is executed.
14:54:20 INFO  : 'targets -set -filter {jtag_cable_name =~ "Digilent JTAG-HS1 210512180081" && level==0} -index 1' command is executed.
14:54:22 INFO  : FPGA configured successfully with bitstream "D:/FPGA_board_running/Materials/course_s2/no_changed_material_source/course_s2_sdk/06_bram_test/bram_test.sdk/top_wrapper_hw_platform_0/top_wrapper.bit"
14:54:22 INFO  : Context for 'APU' is selected.
14:54:22 INFO  : Hardware design information is loaded from 'D:/FPGA_board_running/Materials/course_s2/no_changed_material_source/course_s2_sdk/06_bram_test/bram_test.sdk/top_wrapper_hw_platform_0/system.hdf'.
14:54:22 INFO  : 'configparams force-mem-access 1' command is executed.
14:54:22 INFO  : Context for 'APU' is selected.
14:54:22 INFO  : 'ps7_init' command is executed.
14:54:22 INFO  : 'ps7_post_config' command is executed.
14:54:22 INFO  : Context for processor 'ps7_cortexa9_0' is selected.
14:54:23 INFO  : The application 'D:/FPGA_board_running/Materials/course_s2/no_changed_material_source/course_s2_sdk/06_bram_test/bram_test.sdk/bram_intr_test/Debug/bram_intr_test.elf' is downloaded to processor 'ps7_cortexa9_0'.
14:54:23 INFO  : 'configparams force-mem-access 0' command is executed.
14:54:23 INFO  : ----------------XSDB Script----------------
connect -url tcp:127.0.0.1:3121
source D:/FPGA_board_running/Materials/course_s2/no_changed_material_source/course_s2_sdk/06_bram_test/bram_test.sdk/top_wrapper_hw_platform_0/ps7_init.tcl
targets -set -nocase -filter {name =~"APU*" && jtag_cable_name =~ "Digilent JTAG-HS1 210512180081"} -index 0
rst -system
after 3000
targets -set -filter {jtag_cable_name =~ "Digilent JTAG-HS1 210512180081" && level==0} -index 1
fpga -file D:/FPGA_board_running/Materials/course_s2/no_changed_material_source/course_s2_sdk/06_bram_test/bram_test.sdk/top_wrapper_hw_platform_0/top_wrapper.bit
targets -set -nocase -filter {name =~"APU*" && jtag_cable_name =~ "Digilent JTAG-HS1 210512180081"} -index 0
loadhw -hw D:/FPGA_board_running/Materials/course_s2/no_changed_material_source/course_s2_sdk/06_bram_test/bram_test.sdk/top_wrapper_hw_platform_0/system.hdf -mem-ranges [list {0x40000000 0xbfffffff}]
configparams force-mem-access 1
targets -set -nocase -filter {name =~"APU*" && jtag_cable_name =~ "Digilent JTAG-HS1 210512180081"} -index 0
ps7_init
ps7_post_config
targets -set -nocase -filter {name =~ "ARM*#0" && jtag_cable_name =~ "Digilent JTAG-HS1 210512180081"} -index 0
dow D:/FPGA_board_running/Materials/course_s2/no_changed_material_source/course_s2_sdk/06_bram_test/bram_test.sdk/bram_intr_test/Debug/bram_intr_test.elf
configparams force-mem-access 0
----------------End of Script----------------

14:54:23 INFO  : Memory regions updated for context APU
14:54:23 INFO  : Context for processor 'ps7_cortexa9_0' is selected.
14:54:23 INFO  : 'con' command is executed.
14:54:23 INFO  : ----------------XSDB Script (After Launch)----------------
targets -set -nocase -filter {name =~ "ARM*#0" && jtag_cable_name =~ "Digilent JTAG-HS1 210512180081"} -index 0
con
----------------End of Script----------------

14:54:23 INFO  : Launch script is exported to file 'D:\FPGA_board_running\Materials\course_s2\no_changed_material_source\course_s2_sdk\06_bram_test\bram_test.sdk\.sdk\launch_scripts\xilinx_c-c++_application_(system_debugger)\system_debugger_using_debug_bram_intr_test.elf_on_local.tcl'
14:26:13 INFO  : Disconnected from the channel tcfchan#1.
14:48:49 INFO  : Registering command handlers for SDK TCF services
14:48:49 INFO  : Launching XSCT server: xsct.bat -interactive D:\FPGA_board_running\Materials\course_s2\no_changed_material_source\course_s2_sdk\06_bram_test\bram_test.sdk\temp_xsdb_launch_script.tcl
14:48:51 INFO  : XSCT server has started successfully.
14:48:51 INFO  : Successfully done setting XSCT server connection channel  
14:48:51 INFO  : Successfully done setting SDK workspace  
14:48:52 INFO  : Processing command line option -hwspec D:/FPGA_board_running/Materials/course_s2/no_changed_material_source/course_s2_sdk/06_bram_test/bram_test.sdk/top_wrapper.hdf.
14:48:52 INFO  : Checking for hwspec changes in the project top_wrapper_hw_platform_1.
01:13:31 INFO  : Registering command handlers for SDK TCF services
01:13:32 INFO  : Launching XSCT server: xsct.bat -interactive D:\FPGA_board_running\Materials\course_s2\no_changed_material_source\course_s2_sdk\06_bram_test\bram_test.sdk\temp_xsdb_launch_script.tcl
01:13:39 INFO  : XSCT server has started successfully.
01:13:39 INFO  : Successfully done setting XSCT server connection channel  
01:13:46 INFO  : Successfully done setting SDK workspace  
01:13:46 INFO  : Processing command line option -hwspec D:/FPGA_board_running/Materials/course_s2/no_changed_material_source/course_s2_sdk/06_bram_test/bram_test.sdk/top_wrapper.hdf.
01:13:46 INFO  : Checking for hwspec changes in the project top_wrapper_hw_platform_1.
16:00:35 INFO  : Registering command handlers for SDK TCF services
16:00:36 INFO  : Launching XSCT server: xsct.bat -interactive D:\FPGA_board_running\Materials\course_s2\no_changed_material_source\course_s2_sdk\06_bram_test\bram_test.sdk\temp_xsdb_launch_script.tcl
16:00:42 INFO  : XSCT server has started successfully.
16:00:42 INFO  : Successfully done setting XSCT server connection channel  
16:00:50 INFO  : Successfully done setting SDK workspace  
16:00:50 INFO  : Processing command line option -hwspec D:/FPGA_board_running/Materials/course_s2/no_changed_material_source/course_s2_sdk/06_bram_test/bram_test.sdk/top_wrapper.hdf.
16:00:50 INFO  : Checking for hwspec changes in the project top_wrapper_hw_platform_1.
14:01:35 INFO  : Registering command handlers for SDK TCF services
14:01:35 INFO  : Launching XSCT server: xsct.bat -interactive C:\Users\sadra\Desktop\BRAM2\bram_test.sdk\temp_xsdb_launch_script.tcl
14:01:37 INFO  : XSCT server has started successfully.
14:01:39 INFO  : Successfully done setting XSCT server connection channel  
14:01:39 INFO  : Successfully done setting SDK workspace  
14:01:39 INFO  : Processing command line option -hwspec C:/Users/sadra/Desktop/BRAM2/bram_test.sdk/top_wrapper.hdf.
14:07:34 INFO  : Registering command handlers for SDK TCF services
14:07:34 INFO  : Launching XSCT server: xsct.bat -interactive C:\Users\sadra\Desktop\BRAM2\bram_test.sdk\temp_xsdb_launch_script.tcl
14:07:36 INFO  : XSCT server has started successfully.
14:07:36 INFO  : Successfully done setting XSCT server connection channel  
14:07:37 INFO  : Successfully done setting SDK workspace  
14:07:37 INFO  : Processing command line option -hwspec C:/Users/sadra/Desktop/BRAM2/bram_test.sdk/top_wrapper.hdf.
14:07:37 INFO  : Checking for hwspec changes in the project top_wrapper_hw_platform_0.
14:12:01 INFO  : Registering command handlers for SDK TCF services
14:12:01 INFO  : Launching XSCT server: xsct.bat -interactive C:\Users\sadra\Desktop\BRAM2\bram_test.sdk\temp_xsdb_launch_script.tcl
14:12:04 INFO  : XSCT server has started successfully.
14:12:04 INFO  : Successfully done setting XSCT server connection channel  
14:12:04 INFO  : Successfully done setting SDK workspace  
14:12:04 INFO  : Processing command line option -hwspec C:/Users/sadra/Desktop/BRAM2/bram_test.sdk/top_wrapper.hdf.
14:12:04 INFO  : Checking for hwspec changes in the project top_wrapper_hw_platform_0.
14:12:05 INFO  : SDK has detected change in the last modified timestamps for source hardware specification file Source:1714905632139,  Project:1714905040480
14:12:05 INFO  : The hardware specification for project 'top_wrapper_hw_platform_0' is different from C:/Users/sadra/Desktop/BRAM2/bram_test.sdk/top_wrapper.hdf.
14:12:05 INFO  : Copied contents of C:/Users/sadra/Desktop/BRAM2/bram_test.sdk/top_wrapper.hdf into \top_wrapper_hw_platform_0\system.hdf.
14:12:07 INFO  : Synchronizing projects in the workspace with the hardware platform specification changes.
14:12:08 INFO  : Clearing existing target manager status.
14:12:08 WARN  : Given IPC port value is invalid. Using default port 2350
14:12:08 WARN  : Given XMD timeout value is invalid. Using default value of 50000
14:12:09 WARN  : Given XMD transaction timeout value is invalid. Using default value of 60000 milli seconds
14:12:09 INFO  : Workspace synchronized with the new hardware specification file. Cleaning dependent projects...
14:12:09 WARN  : Linker script will not be updated automatically. Users need to update it manually.
14:18:20 INFO  : Attempting to launch Hardware server...
14:18:21 INFO  : Hardware server is launched successfully.
14:25:26 INFO  : Connected to target on host '127.0.0.1' and port '3121'.
14:25:27 INFO  : Jtag cable 'Digilent JTAG-HS1 210512180081' is selected.
14:25:27 INFO  : 'jtag frequency' command is executed.
14:25:27 INFO  : Sourcing of 'C:/Users/sadra/Desktop/BRAM2/bram_test.sdk/top_wrapper_hw_platform_0/ps7_init.tcl' is done.
14:25:27 INFO  : Context for 'APU' is selected.
14:25:27 INFO  : System reset is completed.
14:25:30 INFO  : 'after 3000' command is executed.
14:25:30 INFO  : 'targets -set -filter {jtag_cable_name =~ "Digilent JTAG-HS1 210512180081" && level==0} -index 1' command is executed.
14:25:32 INFO  : FPGA configured successfully with bitstream "C:/Users/sadra/Desktop/BRAM2/bram_test.sdk/top_wrapper_hw_platform_0/top_wrapper.bit"
14:25:32 INFO  : Context for 'APU' is selected.
14:25:32 INFO  : Hardware design information is loaded from 'C:/Users/sadra/Desktop/BRAM2/bram_test.sdk/top_wrapper_hw_platform_0/system.hdf'.
14:25:32 INFO  : 'configparams force-mem-access 1' command is executed.
14:25:32 INFO  : Context for 'APU' is selected.
14:25:32 INFO  : 'ps7_init' command is executed.
14:25:32 INFO  : 'ps7_post_config' command is executed.
14:25:32 INFO  : Context for processor 'ps7_cortexa9_0' is selected.
14:25:32 INFO  : The application 'C:/Users/sadra/Desktop/BRAM2/bram_test.sdk/b/Debug/b.elf' is downloaded to processor 'ps7_cortexa9_0'.
14:25:32 INFO  : 'configparams force-mem-access 0' command is executed.
14:25:32 INFO  : ----------------XSDB Script----------------
connect -url tcp:127.0.0.1:3121
source C:/Users/sadra/Desktop/BRAM2/bram_test.sdk/top_wrapper_hw_platform_0/ps7_init.tcl
targets -set -nocase -filter {name =~"APU*" && jtag_cable_name =~ "Digilent JTAG-HS1 210512180081"} -index 0
rst -system
after 3000
targets -set -filter {jtag_cable_name =~ "Digilent JTAG-HS1 210512180081" && level==0} -index 1
fpga -file C:/Users/sadra/Desktop/BRAM2/bram_test.sdk/top_wrapper_hw_platform_0/top_wrapper.bit
targets -set -nocase -filter {name =~"APU*" && jtag_cable_name =~ "Digilent JTAG-HS1 210512180081"} -index 0
loadhw -hw C:/Users/sadra/Desktop/BRAM2/bram_test.sdk/top_wrapper_hw_platform_0/system.hdf -mem-ranges [list {0x40000000 0xbfffffff}]
configparams force-mem-access 1
targets -set -nocase -filter {name =~"APU*" && jtag_cable_name =~ "Digilent JTAG-HS1 210512180081"} -index 0
ps7_init
ps7_post_config
targets -set -nocase -filter {name =~ "ARM*#0" && jtag_cable_name =~ "Digilent JTAG-HS1 210512180081"} -index 0
dow C:/Users/sadra/Desktop/BRAM2/bram_test.sdk/b/Debug/b.elf
configparams force-mem-access 0
----------------End of Script----------------

14:25:32 INFO  : Memory regions updated for context APU
14:25:33 INFO  : Context for processor 'ps7_cortexa9_0' is selected.
14:25:33 INFO  : 'con' command is executed.
14:25:33 INFO  : ----------------XSDB Script (After Launch)----------------
targets -set -nocase -filter {name =~ "ARM*#0" && jtag_cable_name =~ "Digilent JTAG-HS1 210512180081"} -index 0
con
----------------End of Script----------------

14:25:33 INFO  : Launch script is exported to file 'C:\Users\sadra\Desktop\BRAM2\bram_test.sdk\.sdk\launch_scripts\xilinx_c-c++_application_(system_debugger)\system_debugger_on_local.tcl'
14:26:19 INFO  : Disconnected from the channel tcfchan#1.
14:26:20 INFO  : Connected to target on host '127.0.0.1' and port '3121'.
14:26:21 INFO  : Jtag cable 'Digilent JTAG-HS1 210512180081' is selected.
14:26:21 INFO  : 'jtag frequency' command is executed.
14:26:21 INFO  : Sourcing of 'C:/Users/sadra/Desktop/BRAM2/bram_test.sdk/top_wrapper_hw_platform_0/ps7_init.tcl' is done.
14:26:21 INFO  : Context for 'APU' is selected.
14:26:21 INFO  : System reset is completed.
14:26:24 INFO  : 'after 3000' command is executed.
14:26:24 INFO  : 'targets -set -filter {jtag_cable_name =~ "Digilent JTAG-HS1 210512180081" && level==0} -index 1' command is executed.
14:26:25 INFO  : FPGA configured successfully with bitstream "C:/Users/sadra/Desktop/BRAM2/bram_test.sdk/top_wrapper_hw_platform_0/top_wrapper.bit"
14:26:25 INFO  : Context for 'APU' is selected.
14:26:26 INFO  : Hardware design information is loaded from 'C:/Users/sadra/Desktop/BRAM2/bram_test.sdk/top_wrapper_hw_platform_0/system.hdf'.
14:26:26 INFO  : 'configparams force-mem-access 1' command is executed.
14:26:26 INFO  : Context for 'APU' is selected.
14:26:27 INFO  : 'ps7_init' command is executed.
14:26:27 INFO  : 'ps7_post_config' command is executed.
14:26:27 INFO  : Context for processor 'ps7_cortexa9_0' is selected.
14:26:27 INFO  : The application 'C:/Users/sadra/Desktop/BRAM2/bram_test.sdk/b/Debug/b.elf' is downloaded to processor 'ps7_cortexa9_0'.
14:26:27 INFO  : 'configparams force-mem-access 0' command is executed.
14:26:27 INFO  : ----------------XSDB Script----------------
connect -url tcp:127.0.0.1:3121
source C:/Users/sadra/Desktop/BRAM2/bram_test.sdk/top_wrapper_hw_platform_0/ps7_init.tcl
targets -set -nocase -filter {name =~"APU*" && jtag_cable_name =~ "Digilent JTAG-HS1 210512180081"} -index 0
rst -system
after 3000
targets -set -filter {jtag_cable_name =~ "Digilent JTAG-HS1 210512180081" && level==0} -index 1
fpga -file C:/Users/sadra/Desktop/BRAM2/bram_test.sdk/top_wrapper_hw_platform_0/top_wrapper.bit
targets -set -nocase -filter {name =~"APU*" && jtag_cable_name =~ "Digilent JTAG-HS1 210512180081"} -index 0
loadhw -hw C:/Users/sadra/Desktop/BRAM2/bram_test.sdk/top_wrapper_hw_platform_0/system.hdf -mem-ranges [list {0x40000000 0xbfffffff}]
configparams force-mem-access 1
targets -set -nocase -filter {name =~"APU*" && jtag_cable_name =~ "Digilent JTAG-HS1 210512180081"} -index 0
ps7_init
ps7_post_config
targets -set -nocase -filter {name =~ "ARM*#0" && jtag_cable_name =~ "Digilent JTAG-HS1 210512180081"} -index 0
dow C:/Users/sadra/Desktop/BRAM2/bram_test.sdk/b/Debug/b.elf
configparams force-mem-access 0
----------------End of Script----------------

14:26:27 INFO  : Memory regions updated for context APU
14:26:27 INFO  : Context for processor 'ps7_cortexa9_0' is selected.
14:26:27 INFO  : 'con' command is executed.
14:26:27 INFO  : ----------------XSDB Script (After Launch)----------------
targets -set -nocase -filter {name =~ "ARM*#0" && jtag_cable_name =~ "Digilent JTAG-HS1 210512180081"} -index 0
con
----------------End of Script----------------

14:26:27 INFO  : Launch script is exported to file 'C:\Users\sadra\Desktop\BRAM2\bram_test.sdk\.sdk\launch_scripts\xilinx_c-c++_application_(system_debugger)\system_debugger_on_local.tcl'
14:28:23 INFO  : Disconnected from the channel tcfchan#2.
14:28:24 INFO  : Connected to target on host '127.0.0.1' and port '3121'.
14:28:24 INFO  : Jtag cable 'Digilent JTAG-HS1 210512180081' is selected.
14:28:24 INFO  : 'jtag frequency' command is executed.
14:28:24 INFO  : Sourcing of 'C:/Users/sadra/Desktop/BRAM2/bram_test.sdk/top_wrapper_hw_platform_0/ps7_init.tcl' is done.
14:28:24 INFO  : Context for 'APU' is selected.
14:28:24 INFO  : System reset is completed.
14:28:27 INFO  : 'after 3000' command is executed.
14:28:27 INFO  : 'targets -set -filter {jtag_cable_name =~ "Digilent JTAG-HS1 210512180081" && level==0} -index 1' command is executed.
14:28:29 INFO  : FPGA configured successfully with bitstream "C:/Users/sadra/Desktop/BRAM2/bram_test.sdk/top_wrapper_hw_platform_0/top_wrapper.bit"
14:28:29 INFO  : Context for 'APU' is selected.
14:28:29 INFO  : Hardware design information is loaded from 'C:/Users/sadra/Desktop/BRAM2/bram_test.sdk/top_wrapper_hw_platform_0/system.hdf'.
14:28:29 INFO  : 'configparams force-mem-access 1' command is executed.
14:28:29 INFO  : Context for 'APU' is selected.
14:28:29 INFO  : 'ps7_init' command is executed.
14:28:29 INFO  : 'ps7_post_config' command is executed.
14:28:29 INFO  : Context for processor 'ps7_cortexa9_0' is selected.
14:28:30 INFO  : The application 'C:/Users/sadra/Desktop/BRAM2/bram_test.sdk/b/Debug/b.elf' is downloaded to processor 'ps7_cortexa9_0'.
14:28:30 INFO  : 'configparams force-mem-access 0' command is executed.
14:28:30 INFO  : ----------------XSDB Script----------------
connect -url tcp:127.0.0.1:3121
source C:/Users/sadra/Desktop/BRAM2/bram_test.sdk/top_wrapper_hw_platform_0/ps7_init.tcl
targets -set -nocase -filter {name =~"APU*" && jtag_cable_name =~ "Digilent JTAG-HS1 210512180081"} -index 0
rst -system
after 3000
targets -set -filter {jtag_cable_name =~ "Digilent JTAG-HS1 210512180081" && level==0} -index 1
fpga -file C:/Users/sadra/Desktop/BRAM2/bram_test.sdk/top_wrapper_hw_platform_0/top_wrapper.bit
targets -set -nocase -filter {name =~"APU*" && jtag_cable_name =~ "Digilent JTAG-HS1 210512180081"} -index 0
loadhw -hw C:/Users/sadra/Desktop/BRAM2/bram_test.sdk/top_wrapper_hw_platform_0/system.hdf -mem-ranges [list {0x40000000 0xbfffffff}]
configparams force-mem-access 1
targets -set -nocase -filter {name =~"APU*" && jtag_cable_name =~ "Digilent JTAG-HS1 210512180081"} -index 0
ps7_init
ps7_post_config
targets -set -nocase -filter {name =~ "ARM*#0" && jtag_cable_name =~ "Digilent JTAG-HS1 210512180081"} -index 0
dow C:/Users/sadra/Desktop/BRAM2/bram_test.sdk/b/Debug/b.elf
configparams force-mem-access 0
----------------End of Script----------------

14:28:30 INFO  : Memory regions updated for context APU
14:28:30 INFO  : Context for processor 'ps7_cortexa9_0' is selected.
14:28:30 INFO  : 'con' command is executed.
14:28:30 INFO  : ----------------XSDB Script (After Launch)----------------
targets -set -nocase -filter {name =~ "ARM*#0" && jtag_cable_name =~ "Digilent JTAG-HS1 210512180081"} -index 0
con
----------------End of Script----------------

14:28:30 INFO  : Launch script is exported to file 'C:\Users\sadra\Desktop\BRAM2\bram_test.sdk\.sdk\launch_scripts\xilinx_c-c++_application_(system_debugger)\system_debugger_on_local.tcl'
14:29:38 INFO  : Disconnected from the channel tcfchan#3.
14:29:39 INFO  : Connected to target on host '127.0.0.1' and port '3121'.
14:29:39 INFO  : Jtag cable 'Digilent JTAG-HS1 210512180081' is selected.
14:29:39 INFO  : 'jtag frequency' command is executed.
14:29:39 INFO  : Sourcing of 'C:/Users/sadra/Desktop/BRAM2/bram_test.sdk/top_wrapper_hw_platform_0/ps7_init.tcl' is done.
14:29:39 INFO  : Context for 'APU' is selected.
14:29:40 INFO  : System reset is completed.
14:29:43 INFO  : 'after 3000' command is executed.
14:29:43 INFO  : 'targets -set -filter {jtag_cable_name =~ "Digilent JTAG-HS1 210512180081" && level==0} -index 1' command is executed.
14:29:44 INFO  : FPGA configured successfully with bitstream "C:/Users/sadra/Desktop/BRAM2/bram_test.sdk/top_wrapper_hw_platform_0/top_wrapper.bit"
14:29:44 INFO  : Context for 'APU' is selected.
14:29:44 INFO  : Hardware design information is loaded from 'C:/Users/sadra/Desktop/BRAM2/bram_test.sdk/top_wrapper_hw_platform_0/system.hdf'.
14:29:44 INFO  : 'configparams force-mem-access 1' command is executed.
14:29:44 INFO  : Context for 'APU' is selected.
14:29:45 INFO  : 'ps7_init' command is executed.
14:29:45 INFO  : 'ps7_post_config' command is executed.
14:29:45 INFO  : Context for processor 'ps7_cortexa9_0' is selected.
14:29:45 INFO  : The application 'C:/Users/sadra/Desktop/BRAM2/bram_test.sdk/b/Debug/b.elf' is downloaded to processor 'ps7_cortexa9_0'.
14:29:45 INFO  : 'configparams force-mem-access 0' command is executed.
14:29:45 INFO  : ----------------XSDB Script----------------
connect -url tcp:127.0.0.1:3121
source C:/Users/sadra/Desktop/BRAM2/bram_test.sdk/top_wrapper_hw_platform_0/ps7_init.tcl
targets -set -nocase -filter {name =~"APU*" && jtag_cable_name =~ "Digilent JTAG-HS1 210512180081"} -index 0
rst -system
after 3000
targets -set -filter {jtag_cable_name =~ "Digilent JTAG-HS1 210512180081" && level==0} -index 1
fpga -file C:/Users/sadra/Desktop/BRAM2/bram_test.sdk/top_wrapper_hw_platform_0/top_wrapper.bit
targets -set -nocase -filter {name =~"APU*" && jtag_cable_name =~ "Digilent JTAG-HS1 210512180081"} -index 0
loadhw -hw C:/Users/sadra/Desktop/BRAM2/bram_test.sdk/top_wrapper_hw_platform_0/system.hdf -mem-ranges [list {0x40000000 0xbfffffff}]
configparams force-mem-access 1
targets -set -nocase -filter {name =~"APU*" && jtag_cable_name =~ "Digilent JTAG-HS1 210512180081"} -index 0
ps7_init
ps7_post_config
targets -set -nocase -filter {name =~ "ARM*#0" && jtag_cable_name =~ "Digilent JTAG-HS1 210512180081"} -index 0
dow C:/Users/sadra/Desktop/BRAM2/bram_test.sdk/b/Debug/b.elf
configparams force-mem-access 0
----------------End of Script----------------

14:29:45 INFO  : Memory regions updated for context APU
14:29:45 INFO  : Context for processor 'ps7_cortexa9_0' is selected.
14:29:45 INFO  : 'con' command is executed.
14:29:45 INFO  : ----------------XSDB Script (After Launch)----------------
targets -set -nocase -filter {name =~ "ARM*#0" && jtag_cable_name =~ "Digilent JTAG-HS1 210512180081"} -index 0
con
----------------End of Script----------------

14:29:45 INFO  : Launch script is exported to file 'C:\Users\sadra\Desktop\BRAM2\bram_test.sdk\.sdk\launch_scripts\xilinx_c-c++_application_(system_debugger)\system_debugger_on_local.tcl'
15:01:34 INFO  : Disconnected from the channel tcfchan#4.
15:01:38 ERROR : Unexpected error while parsing XMD response ?: com.google.gson.JsonSyntaxException: com.google.gson.stream.MalformedJsonException: invalid number or unquoted string near 
17:23:02 INFO  : Registering command handlers for SDK TCF services
17:23:02 INFO  : Launching XSCT server: xsct.bat -interactive C:\Users\sadra\Desktop\Bram3\bram_test.sdk\temp_xsdb_launch_script.tcl
17:23:04 INFO  : XSCT server has started successfully.
17:23:05 INFO  : Successfully done setting XSCT server connection channel  
17:23:05 INFO  : Successfully done setting SDK workspace  
17:23:05 INFO  : Processing command line option -hwspec C:/Users/sadra/Desktop/Bram3/bram_test.sdk/top_wrapper.hdf.
17:23:10 INFO  : SDK has detected change in the last modified timestamps for source hardware specification file Source:1716125008113,  Project:1714905632139
17:23:10 INFO  : Project top_wrapper_hw_platform_0's source hardware specification located at C:/Users/sadra/Desktop/BRAM2/bram_test.sdk/top_wrapper.hdf is now different from the local copy.
		 The local copy will be replaced with the source specification and your workspace will be updated.
17:37:32 INFO  : Copied contents of C:/Users/sadra/Desktop/BRAM2/bram_test.sdk/top_wrapper.hdf into \top_wrapper_hw_platform_0\system.hdf.
17:37:34 INFO  : Synchronizing projects in the workspace with the hardware platform specification changes.
17:37:36 INFO  : 
17:37:36 INFO  : Clearing existing target manager status.
17:37:36 WARN  : Given IPC port value is invalid. Using default port 2350
17:37:36 WARN  : Given XMD timeout value is invalid. Using default value of 50000
17:37:37 WARN  : Given XMD transaction timeout value is invalid. Using default value of 60000 milli seconds
17:38:10 INFO  : Connected to target on host '127.0.0.1' and port '3121'.
17:38:10 INFO  : Jtag cable 'Digilent JTAG-HS1 210512180081' is selected.
17:38:10 INFO  : 'jtag frequency' command is executed.
17:38:10 INFO  : Sourcing of 'C:/Users/sadra/Desktop/Bram3/bram_test.sdk/top_wrapper_hw_platform_0/ps7_init.tcl' is done.
17:38:10 INFO  : Context for 'APU' is selected.
17:38:10 INFO  : System reset is completed.
17:38:13 INFO  : 'after 3000' command is executed.
17:38:13 INFO  : 'targets -set -filter {jtag_cable_name =~ "Digilent JTAG-HS1 210512180081" && level==0} -index 1' command is executed.
17:38:15 INFO  : FPGA configured successfully with bitstream "C:/Users/sadra/Desktop/Bram3/bram_test.sdk/top_wrapper_hw_platform_0/top_wrapper.bit"
17:38:15 INFO  : Context for 'APU' is selected.
17:38:15 INFO  : Hardware design information is loaded from 'C:/Users/sadra/Desktop/Bram3/bram_test.sdk/top_wrapper_hw_platform_0/system.hdf'.
17:38:15 INFO  : 'configparams force-mem-access 1' command is executed.
17:38:15 INFO  : Context for 'APU' is selected.
17:38:15 INFO  : 'ps7_init' command is executed.
17:38:15 INFO  : 'ps7_post_config' command is executed.
17:38:15 INFO  : Context for processor 'ps7_cortexa9_0' is selected.
17:38:16 INFO  : The application 'C:/Users/sadra/Desktop/BRAM2/bram_test.sdk/b/Debug/b.elf' is downloaded to processor 'ps7_cortexa9_0'.
17:38:16 INFO  : 'configparams force-mem-access 0' command is executed.
17:38:16 INFO  : ----------------XSDB Script----------------
connect -url tcp:127.0.0.1:3121
source C:/Users/sadra/Desktop/Bram3/bram_test.sdk/top_wrapper_hw_platform_0/ps7_init.tcl
targets -set -nocase -filter {name =~"APU*" && jtag_cable_name =~ "Digilent JTAG-HS1 210512180081"} -index 0
rst -system
after 3000
targets -set -filter {jtag_cable_name =~ "Digilent JTAG-HS1 210512180081" && level==0} -index 1
fpga -file C:/Users/sadra/Desktop/Bram3/bram_test.sdk/top_wrapper_hw_platform_0/top_wrapper.bit
targets -set -nocase -filter {name =~"APU*" && jtag_cable_name =~ "Digilent JTAG-HS1 210512180081"} -index 0
loadhw -hw C:/Users/sadra/Desktop/Bram3/bram_test.sdk/top_wrapper_hw_platform_0/system.hdf -mem-ranges [list {0x40000000 0xbfffffff}]
configparams force-mem-access 1
targets -set -nocase -filter {name =~"APU*" && jtag_cable_name =~ "Digilent JTAG-HS1 210512180081"} -index 0
ps7_init
ps7_post_config
targets -set -nocase -filter {name =~ "ARM*#0" && jtag_cable_name =~ "Digilent JTAG-HS1 210512180081"} -index 0
dow C:/Users/sadra/Desktop/BRAM2/bram_test.sdk/b/Debug/b.elf
configparams force-mem-access 0
----------------End of Script----------------

17:38:16 INFO  : Memory regions updated for context APU
17:38:16 INFO  : Context for processor 'ps7_cortexa9_0' is selected.
17:38:16 INFO  : 'con' command is executed.
17:38:16 INFO  : ----------------XSDB Script (After Launch)----------------
targets -set -nocase -filter {name =~ "ARM*#0" && jtag_cable_name =~ "Digilent JTAG-HS1 210512180081"} -index 0
con
----------------End of Script----------------

17:38:16 INFO  : Launch script is exported to file 'C:\Users\sadra\Desktop\Bram3\bram_test.sdk\.sdk\launch_scripts\xilinx_c-c++_application_(system_debugger)\system_debugger_on_local.tcl'
17:38:49 INFO  : Disconnected from the channel tcfchan#1.
17:38:50 INFO  : Connected to target on host '127.0.0.1' and port '3121'.
17:38:50 INFO  : Jtag cable 'Digilent JTAG-HS1 210512180081' is selected.
17:38:50 INFO  : 'jtag frequency' command is executed.
17:38:50 INFO  : Sourcing of 'C:/Users/sadra/Desktop/Bram3/bram_test.sdk/top_wrapper_hw_platform_0/ps7_init.tcl' is done.
17:38:51 INFO  : Context for 'APU' is selected.
17:38:51 INFO  : System reset is completed.
17:38:54 INFO  : 'after 3000' command is executed.
17:38:54 INFO  : 'targets -set -filter {jtag_cable_name =~ "Digilent JTAG-HS1 210512180081" && level==0} -index 1' command is executed.
17:38:55 INFO  : FPGA configured successfully with bitstream "C:/Users/sadra/Desktop/Bram3/bram_test.sdk/top_wrapper_hw_platform_0/top_wrapper.bit"
17:38:55 INFO  : Context for 'APU' is selected.
17:38:55 INFO  : Hardware design information is loaded from 'C:/Users/sadra/Desktop/Bram3/bram_test.sdk/top_wrapper_hw_platform_0/system.hdf'.
17:38:55 INFO  : 'configparams force-mem-access 1' command is executed.
17:38:55 INFO  : Context for 'APU' is selected.
17:38:56 INFO  : 'ps7_init' command is executed.
17:38:56 INFO  : 'ps7_post_config' command is executed.
17:38:56 INFO  : Context for processor 'ps7_cortexa9_0' is selected.
17:38:56 INFO  : The application 'C:/Users/sadra/Desktop/BRAM2/bram_test.sdk/b/Debug/b.elf' is downloaded to processor 'ps7_cortexa9_0'.
17:38:56 INFO  : 'configparams force-mem-access 0' command is executed.
17:38:56 INFO  : ----------------XSDB Script----------------
connect -url tcp:127.0.0.1:3121
source C:/Users/sadra/Desktop/Bram3/bram_test.sdk/top_wrapper_hw_platform_0/ps7_init.tcl
targets -set -nocase -filter {name =~"APU*" && jtag_cable_name =~ "Digilent JTAG-HS1 210512180081"} -index 0
rst -system
after 3000
targets -set -filter {jtag_cable_name =~ "Digilent JTAG-HS1 210512180081" && level==0} -index 1
fpga -file C:/Users/sadra/Desktop/Bram3/bram_test.sdk/top_wrapper_hw_platform_0/top_wrapper.bit
targets -set -nocase -filter {name =~"APU*" && jtag_cable_name =~ "Digilent JTAG-HS1 210512180081"} -index 0
loadhw -hw C:/Users/sadra/Desktop/Bram3/bram_test.sdk/top_wrapper_hw_platform_0/system.hdf -mem-ranges [list {0x40000000 0xbfffffff}]
configparams force-mem-access 1
targets -set -nocase -filter {name =~"APU*" && jtag_cable_name =~ "Digilent JTAG-HS1 210512180081"} -index 0
ps7_init
ps7_post_config
targets -set -nocase -filter {name =~ "ARM*#0" && jtag_cable_name =~ "Digilent JTAG-HS1 210512180081"} -index 0
dow C:/Users/sadra/Desktop/BRAM2/bram_test.sdk/b/Debug/b.elf
configparams force-mem-access 0
----------------End of Script----------------

17:38:56 INFO  : Memory regions updated for context APU
17:38:56 INFO  : Context for processor 'ps7_cortexa9_0' is selected.
17:38:56 INFO  : 'con' command is executed.
17:38:56 INFO  : ----------------XSDB Script (After Launch)----------------
targets -set -nocase -filter {name =~ "ARM*#0" && jtag_cable_name =~ "Digilent JTAG-HS1 210512180081"} -index 0
con
----------------End of Script----------------

17:38:56 INFO  : Launch script is exported to file 'C:\Users\sadra\Desktop\Bram3\bram_test.sdk\.sdk\launch_scripts\xilinx_c-c++_application_(system_debugger)\system_debugger_on_local.tcl'
17:39:14 INFO  : Disconnected from the channel tcfchan#2.
17:39:15 INFO  : Connected to target on host '127.0.0.1' and port '3121'.
17:39:15 INFO  : Jtag cable 'Digilent JTAG-HS1 210512180081' is selected.
17:39:15 INFO  : 'jtag frequency' command is executed.
17:39:15 INFO  : Sourcing of 'C:/Users/sadra/Desktop/Bram3/bram_test.sdk/top_wrapper_hw_platform_0/ps7_init.tcl' is done.
17:39:15 INFO  : Context for 'APU' is selected.
17:39:15 INFO  : System reset is completed.
17:39:18 INFO  : 'after 3000' command is executed.
17:39:18 INFO  : 'targets -set -filter {jtag_cable_name =~ "Digilent JTAG-HS1 210512180081" && level==0} -index 1' command is executed.
17:39:20 INFO  : FPGA configured successfully with bitstream "C:/Users/sadra/Desktop/Bram3/bram_test.sdk/top_wrapper_hw_platform_0/top_wrapper.bit"
17:39:20 INFO  : Context for 'APU' is selected.
17:39:20 INFO  : Hardware design information is loaded from 'C:/Users/sadra/Desktop/Bram3/bram_test.sdk/top_wrapper_hw_platform_0/system.hdf'.
17:39:20 INFO  : 'configparams force-mem-access 1' command is executed.
17:39:20 INFO  : Context for 'APU' is selected.
17:39:20 INFO  : 'ps7_init' command is executed.
17:39:20 INFO  : 'ps7_post_config' command is executed.
17:39:20 INFO  : Context for processor 'ps7_cortexa9_0' is selected.
17:39:21 INFO  : The application 'C:/Users/sadra/Desktop/BRAM2/bram_test.sdk/b/Debug/b.elf' is downloaded to processor 'ps7_cortexa9_0'.
17:39:21 INFO  : 'configparams force-mem-access 0' command is executed.
17:39:21 INFO  : ----------------XSDB Script----------------
connect -url tcp:127.0.0.1:3121
source C:/Users/sadra/Desktop/Bram3/bram_test.sdk/top_wrapper_hw_platform_0/ps7_init.tcl
targets -set -nocase -filter {name =~"APU*" && jtag_cable_name =~ "Digilent JTAG-HS1 210512180081"} -index 0
rst -system
after 3000
targets -set -filter {jtag_cable_name =~ "Digilent JTAG-HS1 210512180081" && level==0} -index 1
fpga -file C:/Users/sadra/Desktop/Bram3/bram_test.sdk/top_wrapper_hw_platform_0/top_wrapper.bit
targets -set -nocase -filter {name =~"APU*" && jtag_cable_name =~ "Digilent JTAG-HS1 210512180081"} -index 0
loadhw -hw C:/Users/sadra/Desktop/Bram3/bram_test.sdk/top_wrapper_hw_platform_0/system.hdf -mem-ranges [list {0x40000000 0xbfffffff}]
configparams force-mem-access 1
targets -set -nocase -filter {name =~"APU*" && jtag_cable_name =~ "Digilent JTAG-HS1 210512180081"} -index 0
ps7_init
ps7_post_config
targets -set -nocase -filter {name =~ "ARM*#0" && jtag_cable_name =~ "Digilent JTAG-HS1 210512180081"} -index 0
dow C:/Users/sadra/Desktop/BRAM2/bram_test.sdk/b/Debug/b.elf
configparams force-mem-access 0
----------------End of Script----------------

17:39:21 INFO  : Memory regions updated for context APU
17:39:21 INFO  : Context for processor 'ps7_cortexa9_0' is selected.
17:39:21 INFO  : 'con' command is executed.
17:39:21 INFO  : ----------------XSDB Script (After Launch)----------------
targets -set -nocase -filter {name =~ "ARM*#0" && jtag_cable_name =~ "Digilent JTAG-HS1 210512180081"} -index 0
con
----------------End of Script----------------

17:39:21 INFO  : Launch script is exported to file 'C:\Users\sadra\Desktop\Bram3\bram_test.sdk\.sdk\launch_scripts\xilinx_c-c++_application_(system_debugger)\system_debugger_on_local.tcl'
17:43:24 INFO  : Disconnected from the channel tcfchan#3.
17:43:25 INFO  : Connected to target on host '127.0.0.1' and port '3121'.
17:43:25 INFO  : Jtag cable 'Digilent JTAG-HS1 210512180081' is selected.
17:43:25 INFO  : 'jtag frequency' command is executed.
17:43:25 INFO  : Sourcing of 'C:/Users/sadra/Desktop/Bram3/bram_test.sdk/top_wrapper_hw_platform_0/ps7_init.tcl' is done.
17:43:25 INFO  : Context for 'APU' is selected.
17:43:25 INFO  : System reset is completed.
17:43:28 INFO  : 'after 3000' command is executed.
17:43:28 INFO  : 'targets -set -filter {jtag_cable_name =~ "Digilent JTAG-HS1 210512180081" && level==0} -index 1' command is executed.
17:43:30 INFO  : FPGA configured successfully with bitstream "C:/Users/sadra/Desktop/Bram3/bram_test.sdk/top_wrapper_hw_platform_0/top_wrapper.bit"
17:43:30 INFO  : Context for 'APU' is selected.
17:43:30 INFO  : Hardware design information is loaded from 'C:/Users/sadra/Desktop/Bram3/bram_test.sdk/top_wrapper_hw_platform_0/system.hdf'.
17:43:30 INFO  : 'configparams force-mem-access 1' command is executed.
17:43:30 INFO  : Context for 'APU' is selected.
17:43:30 INFO  : 'ps7_init' command is executed.
17:43:30 INFO  : 'ps7_post_config' command is executed.
17:43:30 INFO  : Context for processor 'ps7_cortexa9_0' is selected.
17:43:31 INFO  : The application 'C:/Users/sadra/Desktop/BRAM2/bram_test.sdk/b/Debug/b.elf' is downloaded to processor 'ps7_cortexa9_0'.
17:43:31 INFO  : 'configparams force-mem-access 0' command is executed.
17:43:31 INFO  : ----------------XSDB Script----------------
connect -url tcp:127.0.0.1:3121
source C:/Users/sadra/Desktop/Bram3/bram_test.sdk/top_wrapper_hw_platform_0/ps7_init.tcl
targets -set -nocase -filter {name =~"APU*" && jtag_cable_name =~ "Digilent JTAG-HS1 210512180081"} -index 0
rst -system
after 3000
targets -set -filter {jtag_cable_name =~ "Digilent JTAG-HS1 210512180081" && level==0} -index 1
fpga -file C:/Users/sadra/Desktop/Bram3/bram_test.sdk/top_wrapper_hw_platform_0/top_wrapper.bit
targets -set -nocase -filter {name =~"APU*" && jtag_cable_name =~ "Digilent JTAG-HS1 210512180081"} -index 0
loadhw -hw C:/Users/sadra/Desktop/Bram3/bram_test.sdk/top_wrapper_hw_platform_0/system.hdf -mem-ranges [list {0x40000000 0xbfffffff}]
configparams force-mem-access 1
targets -set -nocase -filter {name =~"APU*" && jtag_cable_name =~ "Digilent JTAG-HS1 210512180081"} -index 0
ps7_init
ps7_post_config
targets -set -nocase -filter {name =~ "ARM*#0" && jtag_cable_name =~ "Digilent JTAG-HS1 210512180081"} -index 0
dow C:/Users/sadra/Desktop/BRAM2/bram_test.sdk/b/Debug/b.elf
configparams force-mem-access 0
----------------End of Script----------------

17:43:31 INFO  : Memory regions updated for context APU
17:43:31 INFO  : Context for processor 'ps7_cortexa9_0' is selected.
17:43:31 INFO  : 'con' command is executed.
17:43:31 INFO  : ----------------XSDB Script (After Launch)----------------
targets -set -nocase -filter {name =~ "ARM*#0" && jtag_cable_name =~ "Digilent JTAG-HS1 210512180081"} -index 0
con
----------------End of Script----------------

17:43:31 INFO  : Launch script is exported to file 'C:\Users\sadra\Desktop\Bram3\bram_test.sdk\.sdk\launch_scripts\xilinx_c-c++_application_(system_debugger)\system_debugger_on_local.tcl'
17:44:44 INFO  : Disconnected from the channel tcfchan#4.
17:44:45 INFO  : Connected to target on host '127.0.0.1' and port '3121'.
17:44:45 INFO  : Jtag cable 'Digilent JTAG-HS1 210512180081' is selected.
17:44:45 INFO  : 'jtag frequency' command is executed.
17:44:45 INFO  : Sourcing of 'C:/Users/sadra/Desktop/Bram3/bram_test.sdk/top_wrapper_hw_platform_0/ps7_init.tcl' is done.
17:44:45 INFO  : Context for 'APU' is selected.
17:44:45 INFO  : System reset is completed.
17:44:48 INFO  : 'after 3000' command is executed.
17:44:48 INFO  : 'targets -set -filter {jtag_cable_name =~ "Digilent JTAG-HS1 210512180081" && level==0} -index 1' command is executed.
17:44:50 INFO  : FPGA configured successfully with bitstream "C:/Users/sadra/Desktop/Bram3/bram_test.sdk/top_wrapper_hw_platform_0/top_wrapper.bit"
17:44:50 INFO  : Context for 'APU' is selected.
17:44:50 INFO  : Hardware design information is loaded from 'C:/Users/sadra/Desktop/Bram3/bram_test.sdk/top_wrapper_hw_platform_0/system.hdf'.
17:44:50 INFO  : 'configparams force-mem-access 1' command is executed.
17:44:50 INFO  : Context for 'APU' is selected.
17:44:50 INFO  : 'ps7_init' command is executed.
17:44:50 INFO  : 'ps7_post_config' command is executed.
17:44:50 INFO  : Context for processor 'ps7_cortexa9_0' is selected.
17:44:51 INFO  : The application 'C:/Users/sadra/Desktop/BRAM2/bram_test.sdk/b/Debug/b.elf' is downloaded to processor 'ps7_cortexa9_0'.
17:44:51 INFO  : 'configparams force-mem-access 0' command is executed.
17:44:51 INFO  : ----------------XSDB Script----------------
connect -url tcp:127.0.0.1:3121
source C:/Users/sadra/Desktop/Bram3/bram_test.sdk/top_wrapper_hw_platform_0/ps7_init.tcl
targets -set -nocase -filter {name =~"APU*" && jtag_cable_name =~ "Digilent JTAG-HS1 210512180081"} -index 0
rst -system
after 3000
targets -set -filter {jtag_cable_name =~ "Digilent JTAG-HS1 210512180081" && level==0} -index 1
fpga -file C:/Users/sadra/Desktop/Bram3/bram_test.sdk/top_wrapper_hw_platform_0/top_wrapper.bit
targets -set -nocase -filter {name =~"APU*" && jtag_cable_name =~ "Digilent JTAG-HS1 210512180081"} -index 0
loadhw -hw C:/Users/sadra/Desktop/Bram3/bram_test.sdk/top_wrapper_hw_platform_0/system.hdf -mem-ranges [list {0x40000000 0xbfffffff}]
configparams force-mem-access 1
targets -set -nocase -filter {name =~"APU*" && jtag_cable_name =~ "Digilent JTAG-HS1 210512180081"} -index 0
ps7_init
ps7_post_config
targets -set -nocase -filter {name =~ "ARM*#0" && jtag_cable_name =~ "Digilent JTAG-HS1 210512180081"} -index 0
dow C:/Users/sadra/Desktop/BRAM2/bram_test.sdk/b/Debug/b.elf
configparams force-mem-access 0
----------------End of Script----------------

17:44:51 INFO  : Memory regions updated for context APU
17:44:51 INFO  : Context for processor 'ps7_cortexa9_0' is selected.
17:44:51 INFO  : 'con' command is executed.
17:44:51 INFO  : ----------------XSDB Script (After Launch)----------------
targets -set -nocase -filter {name =~ "ARM*#0" && jtag_cable_name =~ "Digilent JTAG-HS1 210512180081"} -index 0
con
----------------End of Script----------------

17:44:51 INFO  : Launch script is exported to file 'C:\Users\sadra\Desktop\Bram3\bram_test.sdk\.sdk\launch_scripts\xilinx_c-c++_application_(system_debugger)\system_debugger_on_local.tcl'
17:47:57 INFO  : Disconnected from the channel tcfchan#5.
17:47:58 INFO  : Connected to target on host '127.0.0.1' and port '3121'.
17:47:58 INFO  : Jtag cable 'Digilent JTAG-HS1 210512180081' is selected.
17:47:58 INFO  : 'jtag frequency' command is executed.
17:47:58 INFO  : Sourcing of 'C:/Users/sadra/Desktop/Bram3/bram_test.sdk/top_wrapper_hw_platform_0/ps7_init.tcl' is done.
17:47:58 INFO  : Context for 'APU' is selected.
17:47:58 INFO  : System reset is completed.
17:48:01 INFO  : 'after 3000' command is executed.
17:48:01 INFO  : 'targets -set -filter {jtag_cable_name =~ "Digilent JTAG-HS1 210512180081" && level==0} -index 1' command is executed.
17:48:03 INFO  : FPGA configured successfully with bitstream "C:/Users/sadra/Desktop/Bram3/bram_test.sdk/top_wrapper_hw_platform_0/top_wrapper.bit"
17:48:03 INFO  : Context for 'APU' is selected.
17:48:03 INFO  : Hardware design information is loaded from 'C:/Users/sadra/Desktop/Bram3/bram_test.sdk/top_wrapper_hw_platform_0/system.hdf'.
17:48:03 INFO  : 'configparams force-mem-access 1' command is executed.
17:48:03 INFO  : Context for 'APU' is selected.
17:48:03 INFO  : 'ps7_init' command is executed.
17:48:03 INFO  : 'ps7_post_config' command is executed.
17:48:03 INFO  : Context for processor 'ps7_cortexa9_0' is selected.
17:48:04 INFO  : The application 'C:/Users/sadra/Desktop/BRAM2/bram_test.sdk/b/Debug/b.elf' is downloaded to processor 'ps7_cortexa9_0'.
17:48:04 INFO  : 'configparams force-mem-access 0' command is executed.
17:48:04 INFO  : ----------------XSDB Script----------------
connect -url tcp:127.0.0.1:3121
source C:/Users/sadra/Desktop/Bram3/bram_test.sdk/top_wrapper_hw_platform_0/ps7_init.tcl
targets -set -nocase -filter {name =~"APU*" && jtag_cable_name =~ "Digilent JTAG-HS1 210512180081"} -index 0
rst -system
after 3000
targets -set -filter {jtag_cable_name =~ "Digilent JTAG-HS1 210512180081" && level==0} -index 1
fpga -file C:/Users/sadra/Desktop/Bram3/bram_test.sdk/top_wrapper_hw_platform_0/top_wrapper.bit
targets -set -nocase -filter {name =~"APU*" && jtag_cable_name =~ "Digilent JTAG-HS1 210512180081"} -index 0
loadhw -hw C:/Users/sadra/Desktop/Bram3/bram_test.sdk/top_wrapper_hw_platform_0/system.hdf -mem-ranges [list {0x40000000 0xbfffffff}]
configparams force-mem-access 1
targets -set -nocase -filter {name =~"APU*" && jtag_cable_name =~ "Digilent JTAG-HS1 210512180081"} -index 0
ps7_init
ps7_post_config
targets -set -nocase -filter {name =~ "ARM*#0" && jtag_cable_name =~ "Digilent JTAG-HS1 210512180081"} -index 0
dow C:/Users/sadra/Desktop/BRAM2/bram_test.sdk/b/Debug/b.elf
configparams force-mem-access 0
----------------End of Script----------------

17:48:04 INFO  : Memory regions updated for context APU
17:48:04 INFO  : Context for processor 'ps7_cortexa9_0' is selected.
17:48:04 INFO  : 'con' command is executed.
17:48:04 INFO  : ----------------XSDB Script (After Launch)----------------
targets -set -nocase -filter {name =~ "ARM*#0" && jtag_cable_name =~ "Digilent JTAG-HS1 210512180081"} -index 0
con
----------------End of Script----------------

17:48:04 INFO  : Launch script is exported to file 'C:\Users\sadra\Desktop\Bram3\bram_test.sdk\.sdk\launch_scripts\xilinx_c-c++_application_(system_debugger)\system_debugger_on_local.tcl'
17:50:29 INFO  : Disconnected from the channel tcfchan#6.
17:50:30 INFO  : 'targets -set -filter {jtag_cable_name =~ "Digilent JTAG-HS1 210512180081" && level==0} -index 1' command is executed.
17:50:30 INFO  : 'fpga -state' command is executed.
17:50:30 INFO  : Connected to target on host '127.0.0.1' and port '3121'.
17:50:30 INFO  : Jtag cable 'Digilent JTAG-HS1 210512180081' is selected.
17:50:30 INFO  : 'jtag frequency' command is executed.
17:50:30 INFO  : Sourcing of 'C:/Users/sadra/Desktop/Bram3/bram_test.sdk/top_wrapper_hw_platform_0/ps7_init.tcl' is done.
17:50:31 INFO  : Context for 'APU' is selected.
17:50:31 INFO  : Hardware design information is loaded from 'C:/Users/sadra/Desktop/Bram3/bram_test.sdk/top_wrapper_hw_platform_0/system.hdf'.
17:50:31 INFO  : 'configparams force-mem-access 1' command is executed.
17:50:31 INFO  : Context for 'APU' is selected.
17:50:31 INFO  : 'stop' command is executed.
17:50:31 INFO  : 'ps7_init' command is executed.
17:50:31 INFO  : 'ps7_post_config' command is executed.
17:50:31 INFO  : Context for processor 'ps7_cortexa9_0' is selected.
17:50:31 INFO  : Processor reset is completed for 'ps7_cortexa9_0'.
17:50:31 INFO  : Context for processor 'ps7_cortexa9_0' is selected.
17:50:31 INFO  : The application 'C:/Users/sadra/Desktop/BRAM2/bram_test.sdk/b/Debug/b.elf' is downloaded to processor 'ps7_cortexa9_0'.
17:50:31 INFO  : 'configparams force-mem-access 0' command is executed.
17:50:31 INFO  : ----------------XSDB Script----------------
connect -url tcp:127.0.0.1:3121
source C:/Users/sadra/Desktop/Bram3/bram_test.sdk/top_wrapper_hw_platform_0/ps7_init.tcl
targets -set -nocase -filter {name =~"APU*" && jtag_cable_name =~ "Digilent JTAG-HS1 210512180081"} -index 0
loadhw -hw C:/Users/sadra/Desktop/Bram3/bram_test.sdk/top_wrapper_hw_platform_0/system.hdf -mem-ranges [list {0x40000000 0xbfffffff}]
configparams force-mem-access 1
targets -set -nocase -filter {name =~"APU*" && jtag_cable_name =~ "Digilent JTAG-HS1 210512180081"} -index 0
stop
ps7_init
ps7_post_config
targets -set -nocase -filter {name =~ "ARM*#0" && jtag_cable_name =~ "Digilent JTAG-HS1 210512180081"} -index 0
rst -processor
targets -set -nocase -filter {name =~ "ARM*#0" && jtag_cable_name =~ "Digilent JTAG-HS1 210512180081"} -index 0
dow C:/Users/sadra/Desktop/BRAM2/bram_test.sdk/b/Debug/b.elf
configparams force-mem-access 0
----------------End of Script----------------

17:50:31 INFO  : Memory regions updated for context APU
17:50:32 INFO  : Context for processor 'ps7_cortexa9_0' is selected.
17:50:32 INFO  : 'con' command is executed.
17:50:32 INFO  : ----------------XSDB Script (After Launch)----------------
targets -set -nocase -filter {name =~ "ARM*#0" && jtag_cable_name =~ "Digilent JTAG-HS1 210512180081"} -index 0
con
----------------End of Script----------------

17:50:32 INFO  : Launch script is exported to file 'C:\Users\sadra\Desktop\Bram3\bram_test.sdk\.sdk\launch_scripts\xilinx_c-c++_application_(system_debugger)\system_debugger_on_local.tcl'
17:51:17 INFO  : Disconnected from the channel tcfchan#7.
17:51:19 INFO  : 'targets -set -filter {jtag_cable_name =~ "Digilent JTAG-HS1 210512180081" && level==0} -index 1' command is executed.
17:51:19 INFO  : 'fpga -state' command is executed.
17:51:19 INFO  : Connected to target on host '127.0.0.1' and port '3121'.
17:51:19 INFO  : Jtag cable 'Digilent JTAG-HS1 210512180081' is selected.
17:51:19 INFO  : 'jtag frequency' command is executed.
17:51:19 INFO  : Sourcing of 'C:/Users/sadra/Desktop/Bram3/bram_test.sdk/top_wrapper_hw_platform_0/ps7_init.tcl' is done.
17:51:19 INFO  : Context for 'APU' is selected.
17:51:19 INFO  : Hardware design information is loaded from 'C:/Users/sadra/Desktop/Bram3/bram_test.sdk/top_wrapper_hw_platform_0/system.hdf'.
17:51:19 INFO  : 'configparams force-mem-access 1' command is executed.
17:51:19 INFO  : Context for 'APU' is selected.
17:51:19 INFO  : 'stop' command is executed.
17:51:19 INFO  : 'ps7_init' command is executed.
17:51:19 INFO  : 'ps7_post_config' command is executed.
17:51:19 INFO  : Context for processor 'ps7_cortexa9_0' is selected.
17:51:19 INFO  : Processor reset is completed for 'ps7_cortexa9_0'.
17:51:19 INFO  : Context for processor 'ps7_cortexa9_0' is selected.
17:51:20 INFO  : The application 'C:/Users/sadra/Desktop/BRAM2/bram_test.sdk/b/Debug/b.elf' is downloaded to processor 'ps7_cortexa9_0'.
17:51:20 INFO  : 'configparams force-mem-access 0' command is executed.
17:51:20 INFO  : ----------------XSDB Script----------------
connect -url tcp:127.0.0.1:3121
source C:/Users/sadra/Desktop/Bram3/bram_test.sdk/top_wrapper_hw_platform_0/ps7_init.tcl
targets -set -nocase -filter {name =~"APU*" && jtag_cable_name =~ "Digilent JTAG-HS1 210512180081"} -index 0
loadhw -hw C:/Users/sadra/Desktop/Bram3/bram_test.sdk/top_wrapper_hw_platform_0/system.hdf -mem-ranges [list {0x40000000 0xbfffffff}]
configparams force-mem-access 1
targets -set -nocase -filter {name =~"APU*" && jtag_cable_name =~ "Digilent JTAG-HS1 210512180081"} -index 0
stop
ps7_init
ps7_post_config
targets -set -nocase -filter {name =~ "ARM*#0" && jtag_cable_name =~ "Digilent JTAG-HS1 210512180081"} -index 0
rst -processor
targets -set -nocase -filter {name =~ "ARM*#0" && jtag_cable_name =~ "Digilent JTAG-HS1 210512180081"} -index 0
dow C:/Users/sadra/Desktop/BRAM2/bram_test.sdk/b/Debug/b.elf
configparams force-mem-access 0
----------------End of Script----------------

17:51:20 INFO  : Memory regions updated for context APU
17:51:20 INFO  : Context for processor 'ps7_cortexa9_0' is selected.
17:51:20 INFO  : 'con' command is executed.
17:51:20 INFO  : ----------------XSDB Script (After Launch)----------------
targets -set -nocase -filter {name =~ "ARM*#0" && jtag_cable_name =~ "Digilent JTAG-HS1 210512180081"} -index 0
con
----------------End of Script----------------

17:51:20 INFO  : Launch script is exported to file 'C:\Users\sadra\Desktop\Bram3\bram_test.sdk\.sdk\launch_scripts\xilinx_c-c++_application_(system_debugger)\system_debugger_on_local.tcl'
17:57:50 INFO  : Disconnected from the channel tcfchan#8.
17:57:51 INFO  : 'targets -set -filter {jtag_cable_name =~ "Digilent JTAG-HS1 210512180081" && level==0} -index 1' command is executed.
17:57:51 INFO  : 'fpga -state' command is executed.
17:57:51 INFO  : Connected to target on host '127.0.0.1' and port '3121'.
17:57:51 INFO  : Jtag cable 'Digilent JTAG-HS1 210512180081' is selected.
17:57:51 INFO  : 'jtag frequency' command is executed.
17:57:51 INFO  : Sourcing of 'C:/Users/sadra/Desktop/Bram3/bram_test.sdk/top_wrapper_hw_platform_0/ps7_init.tcl' is done.
17:57:51 INFO  : Context for 'APU' is selected.
17:57:51 INFO  : Hardware design information is loaded from 'C:/Users/sadra/Desktop/Bram3/bram_test.sdk/top_wrapper_hw_platform_0/system.hdf'.
17:57:51 INFO  : 'configparams force-mem-access 1' command is executed.
17:57:51 INFO  : Context for 'APU' is selected.
17:57:51 INFO  : 'stop' command is executed.
17:57:51 INFO  : 'ps7_init' command is executed.
17:57:51 INFO  : 'ps7_post_config' command is executed.
17:57:51 INFO  : Context for processor 'ps7_cortexa9_0' is selected.
17:57:51 INFO  : Processor reset is completed for 'ps7_cortexa9_0'.
17:57:51 INFO  : Context for processor 'ps7_cortexa9_0' is selected.
17:57:52 INFO  : The application 'C:/Users/sadra/Desktop/BRAM2/bram_test.sdk/b/Debug/b.elf' is downloaded to processor 'ps7_cortexa9_0'.
17:57:52 INFO  : 'configparams force-mem-access 0' command is executed.
17:57:52 INFO  : ----------------XSDB Script----------------
connect -url tcp:127.0.0.1:3121
source C:/Users/sadra/Desktop/Bram3/bram_test.sdk/top_wrapper_hw_platform_0/ps7_init.tcl
targets -set -nocase -filter {name =~"APU*" && jtag_cable_name =~ "Digilent JTAG-HS1 210512180081"} -index 0
loadhw -hw C:/Users/sadra/Desktop/Bram3/bram_test.sdk/top_wrapper_hw_platform_0/system.hdf -mem-ranges [list {0x40000000 0xbfffffff}]
configparams force-mem-access 1
targets -set -nocase -filter {name =~"APU*" && jtag_cable_name =~ "Digilent JTAG-HS1 210512180081"} -index 0
stop
ps7_init
ps7_post_config
targets -set -nocase -filter {name =~ "ARM*#0" && jtag_cable_name =~ "Digilent JTAG-HS1 210512180081"} -index 0
rst -processor
targets -set -nocase -filter {name =~ "ARM*#0" && jtag_cable_name =~ "Digilent JTAG-HS1 210512180081"} -index 0
dow C:/Users/sadra/Desktop/BRAM2/bram_test.sdk/b/Debug/b.elf
configparams force-mem-access 0
----------------End of Script----------------

17:57:52 INFO  : Memory regions updated for context APU
17:57:52 INFO  : Context for processor 'ps7_cortexa9_0' is selected.
17:57:52 INFO  : 'con' command is executed.
17:57:52 INFO  : ----------------XSDB Script (After Launch)----------------
targets -set -nocase -filter {name =~ "ARM*#0" && jtag_cable_name =~ "Digilent JTAG-HS1 210512180081"} -index 0
con
----------------End of Script----------------

17:57:52 INFO  : Launch script is exported to file 'C:\Users\sadra\Desktop\Bram3\bram_test.sdk\.sdk\launch_scripts\xilinx_c-c++_application_(system_debugger)\system_debugger_on_local.tcl'
17:58:11 INFO  : Disconnected from the channel tcfchan#9.
17:58:12 INFO  : 'targets -set -filter {jtag_cable_name =~ "Digilent JTAG-HS1 210512180081" && level==0} -index 1' command is executed.
17:58:12 INFO  : 'fpga -state' command is executed.
17:58:12 INFO  : Connected to target on host '127.0.0.1' and port '3121'.
17:58:12 INFO  : Jtag cable 'Digilent JTAG-HS1 210512180081' is selected.
17:58:12 INFO  : 'jtag frequency' command is executed.
17:58:12 INFO  : Sourcing of 'C:/Users/sadra/Desktop/Bram3/bram_test.sdk/top_wrapper_hw_platform_0/ps7_init.tcl' is done.
17:58:12 INFO  : Context for 'APU' is selected.
17:58:12 INFO  : Hardware design information is loaded from 'C:/Users/sadra/Desktop/Bram3/bram_test.sdk/top_wrapper_hw_platform_0/system.hdf'.
17:58:12 INFO  : 'configparams force-mem-access 1' command is executed.
17:58:12 INFO  : Context for 'APU' is selected.
17:58:12 INFO  : 'stop' command is executed.
17:58:13 INFO  : 'ps7_init' command is executed.
17:58:13 INFO  : 'ps7_post_config' command is executed.
17:58:13 INFO  : Context for processor 'ps7_cortexa9_0' is selected.
17:58:13 INFO  : Processor reset is completed for 'ps7_cortexa9_0'.
17:58:13 INFO  : Context for processor 'ps7_cortexa9_0' is selected.
17:58:13 INFO  : The application 'C:/Users/sadra/Desktop/BRAM2/bram_test.sdk/b/Debug/b.elf' is downloaded to processor 'ps7_cortexa9_0'.
17:58:13 INFO  : 'configparams force-mem-access 0' command is executed.
17:58:13 INFO  : ----------------XSDB Script----------------
connect -url tcp:127.0.0.1:3121
source C:/Users/sadra/Desktop/Bram3/bram_test.sdk/top_wrapper_hw_platform_0/ps7_init.tcl
targets -set -nocase -filter {name =~"APU*" && jtag_cable_name =~ "Digilent JTAG-HS1 210512180081"} -index 0
loadhw -hw C:/Users/sadra/Desktop/Bram3/bram_test.sdk/top_wrapper_hw_platform_0/system.hdf -mem-ranges [list {0x40000000 0xbfffffff}]
configparams force-mem-access 1
targets -set -nocase -filter {name =~"APU*" && jtag_cable_name =~ "Digilent JTAG-HS1 210512180081"} -index 0
stop
ps7_init
ps7_post_config
targets -set -nocase -filter {name =~ "ARM*#0" && jtag_cable_name =~ "Digilent JTAG-HS1 210512180081"} -index 0
rst -processor
targets -set -nocase -filter {name =~ "ARM*#0" && jtag_cable_name =~ "Digilent JTAG-HS1 210512180081"} -index 0
dow C:/Users/sadra/Desktop/BRAM2/bram_test.sdk/b/Debug/b.elf
configparams force-mem-access 0
----------------End of Script----------------

17:58:13 INFO  : Memory regions updated for context APU
17:58:13 INFO  : Context for processor 'ps7_cortexa9_0' is selected.
17:58:13 INFO  : 'con' command is executed.
17:58:13 INFO  : ----------------XSDB Script (After Launch)----------------
targets -set -nocase -filter {name =~ "ARM*#0" && jtag_cable_name =~ "Digilent JTAG-HS1 210512180081"} -index 0
con
----------------End of Script----------------

17:58:13 INFO  : Launch script is exported to file 'C:\Users\sadra\Desktop\Bram3\bram_test.sdk\.sdk\launch_scripts\xilinx_c-c++_application_(system_debugger)\system_debugger_on_local.tcl'
17:58:32 INFO  : Disconnected from the channel tcfchan#10.
17:58:33 INFO  : 'targets -set -filter {jtag_cable_name =~ "Digilent JTAG-HS1 210512180081" && level==0} -index 1' command is executed.
17:58:33 INFO  : 'fpga -state' command is executed.
17:58:33 INFO  : Connected to target on host '127.0.0.1' and port '3121'.
17:58:33 INFO  : Jtag cable 'Digilent JTAG-HS1 210512180081' is selected.
17:58:33 INFO  : 'jtag frequency' command is executed.
17:58:33 INFO  : Sourcing of 'C:/Users/sadra/Desktop/Bram3/bram_test.sdk/top_wrapper_hw_platform_0/ps7_init.tcl' is done.
17:58:33 INFO  : Context for 'APU' is selected.
17:58:33 INFO  : Hardware design information is loaded from 'C:/Users/sadra/Desktop/Bram3/bram_test.sdk/top_wrapper_hw_platform_0/system.hdf'.
17:58:33 INFO  : 'configparams force-mem-access 1' command is executed.
17:58:33 INFO  : Context for 'APU' is selected.
17:58:33 INFO  : 'stop' command is executed.
17:58:34 INFO  : 'ps7_init' command is executed.
17:58:34 INFO  : 'ps7_post_config' command is executed.
17:58:34 INFO  : Context for processor 'ps7_cortexa9_0' is selected.
17:58:34 INFO  : Processor reset is completed for 'ps7_cortexa9_0'.
17:58:34 INFO  : Context for processor 'ps7_cortexa9_0' is selected.
17:58:34 INFO  : The application 'C:/Users/sadra/Desktop/BRAM2/bram_test.sdk/b/Debug/b.elf' is downloaded to processor 'ps7_cortexa9_0'.
17:58:34 INFO  : 'configparams force-mem-access 0' command is executed.
17:58:34 INFO  : ----------------XSDB Script----------------
connect -url tcp:127.0.0.1:3121
source C:/Users/sadra/Desktop/Bram3/bram_test.sdk/top_wrapper_hw_platform_0/ps7_init.tcl
targets -set -nocase -filter {name =~"APU*" && jtag_cable_name =~ "Digilent JTAG-HS1 210512180081"} -index 0
loadhw -hw C:/Users/sadra/Desktop/Bram3/bram_test.sdk/top_wrapper_hw_platform_0/system.hdf -mem-ranges [list {0x40000000 0xbfffffff}]
configparams force-mem-access 1
targets -set -nocase -filter {name =~"APU*" && jtag_cable_name =~ "Digilent JTAG-HS1 210512180081"} -index 0
stop
ps7_init
ps7_post_config
targets -set -nocase -filter {name =~ "ARM*#0" && jtag_cable_name =~ "Digilent JTAG-HS1 210512180081"} -index 0
rst -processor
targets -set -nocase -filter {name =~ "ARM*#0" && jtag_cable_name =~ "Digilent JTAG-HS1 210512180081"} -index 0
dow C:/Users/sadra/Desktop/BRAM2/bram_test.sdk/b/Debug/b.elf
configparams force-mem-access 0
----------------End of Script----------------

17:58:34 INFO  : Memory regions updated for context APU
17:58:34 INFO  : Context for processor 'ps7_cortexa9_0' is selected.
17:58:34 INFO  : 'con' command is executed.
17:58:34 INFO  : ----------------XSDB Script (After Launch)----------------
targets -set -nocase -filter {name =~ "ARM*#0" && jtag_cable_name =~ "Digilent JTAG-HS1 210512180081"} -index 0
con
----------------End of Script----------------

17:58:34 INFO  : Launch script is exported to file 'C:\Users\sadra\Desktop\Bram3\bram_test.sdk\.sdk\launch_scripts\xilinx_c-c++_application_(system_debugger)\system_debugger_on_local.tcl'
18:01:52 INFO  : Disconnected from the channel tcfchan#11.
18:01:53 INFO  : 'targets -set -filter {jtag_cable_name =~ "Digilent JTAG-HS1 210512180081" && level==0} -index 1' command is executed.
18:01:53 INFO  : 'fpga -state' command is executed.
18:01:53 INFO  : Connected to target on host '127.0.0.1' and port '3121'.
18:01:53 INFO  : Jtag cable 'Digilent JTAG-HS1 210512180081' is selected.
18:01:53 INFO  : 'jtag frequency' command is executed.
18:01:53 INFO  : Sourcing of 'C:/Users/sadra/Desktop/Bram3/bram_test.sdk/top_wrapper_hw_platform_0/ps7_init.tcl' is done.
18:01:54 INFO  : Context for 'APU' is selected.
18:01:54 INFO  : Hardware design information is loaded from 'C:/Users/sadra/Desktop/Bram3/bram_test.sdk/top_wrapper_hw_platform_0/system.hdf'.
18:01:54 INFO  : 'configparams force-mem-access 1' command is executed.
18:01:54 INFO  : Context for 'APU' is selected.
18:01:54 INFO  : 'stop' command is executed.
18:01:54 INFO  : 'ps7_init' command is executed.
18:01:54 INFO  : 'ps7_post_config' command is executed.
18:01:54 INFO  : Context for processor 'ps7_cortexa9_0' is selected.
18:01:54 INFO  : Processor reset is completed for 'ps7_cortexa9_0'.
18:01:54 INFO  : Context for processor 'ps7_cortexa9_0' is selected.
18:01:54 INFO  : The application 'C:/Users/sadra/Desktop/BRAM2/bram_test.sdk/b/Debug/b.elf' is downloaded to processor 'ps7_cortexa9_0'.
18:01:54 INFO  : 'configparams force-mem-access 0' command is executed.
18:01:54 INFO  : ----------------XSDB Script----------------
connect -url tcp:127.0.0.1:3121
source C:/Users/sadra/Desktop/Bram3/bram_test.sdk/top_wrapper_hw_platform_0/ps7_init.tcl
targets -set -nocase -filter {name =~"APU*" && jtag_cable_name =~ "Digilent JTAG-HS1 210512180081"} -index 0
loadhw -hw C:/Users/sadra/Desktop/Bram3/bram_test.sdk/top_wrapper_hw_platform_0/system.hdf -mem-ranges [list {0x40000000 0xbfffffff}]
configparams force-mem-access 1
targets -set -nocase -filter {name =~"APU*" && jtag_cable_name =~ "Digilent JTAG-HS1 210512180081"} -index 0
stop
ps7_init
ps7_post_config
targets -set -nocase -filter {name =~ "ARM*#0" && jtag_cable_name =~ "Digilent JTAG-HS1 210512180081"} -index 0
rst -processor
targets -set -nocase -filter {name =~ "ARM*#0" && jtag_cable_name =~ "Digilent JTAG-HS1 210512180081"} -index 0
dow C:/Users/sadra/Desktop/BRAM2/bram_test.sdk/b/Debug/b.elf
configparams force-mem-access 0
----------------End of Script----------------

18:01:54 INFO  : Memory regions updated for context APU
18:01:55 INFO  : Context for processor 'ps7_cortexa9_0' is selected.
18:01:55 INFO  : 'con' command is executed.
18:01:55 INFO  : ----------------XSDB Script (After Launch)----------------
targets -set -nocase -filter {name =~ "ARM*#0" && jtag_cable_name =~ "Digilent JTAG-HS1 210512180081"} -index 0
con
----------------End of Script----------------

18:01:55 INFO  : Launch script is exported to file 'C:\Users\sadra\Desktop\Bram3\bram_test.sdk\.sdk\launch_scripts\xilinx_c-c++_application_(system_debugger)\system_debugger_on_local.tcl'
18:02:31 INFO  : Disconnected from the channel tcfchan#12.
18:02:32 INFO  : 'targets -set -filter {jtag_cable_name =~ "Digilent JTAG-HS1 210512180081" && level==0} -index 1' command is executed.
18:02:32 INFO  : 'fpga -state' command is executed.
18:02:32 INFO  : Connected to target on host '127.0.0.1' and port '3121'.
18:02:32 INFO  : Jtag cable 'Digilent JTAG-HS1 210512180081' is selected.
18:02:32 INFO  : 'jtag frequency' command is executed.
18:02:32 INFO  : Sourcing of 'C:/Users/sadra/Desktop/Bram3/bram_test.sdk/top_wrapper_hw_platform_0/ps7_init.tcl' is done.
18:02:32 INFO  : Context for 'APU' is selected.
18:02:32 INFO  : Hardware design information is loaded from 'C:/Users/sadra/Desktop/Bram3/bram_test.sdk/top_wrapper_hw_platform_0/system.hdf'.
18:02:32 INFO  : 'configparams force-mem-access 1' command is executed.
18:02:32 INFO  : Context for 'APU' is selected.
18:02:32 INFO  : 'stop' command is executed.
18:02:32 INFO  : 'ps7_init' command is executed.
18:02:32 INFO  : 'ps7_post_config' command is executed.
18:02:32 INFO  : Context for processor 'ps7_cortexa9_0' is selected.
18:02:32 INFO  : Processor reset is completed for 'ps7_cortexa9_0'.
18:02:33 INFO  : Context for processor 'ps7_cortexa9_0' is selected.
18:02:33 INFO  : The application 'C:/Users/sadra/Desktop/BRAM2/bram_test.sdk/b/Debug/b.elf' is downloaded to processor 'ps7_cortexa9_0'.
18:02:33 INFO  : 'configparams force-mem-access 0' command is executed.
18:02:33 INFO  : ----------------XSDB Script----------------
connect -url tcp:127.0.0.1:3121
source C:/Users/sadra/Desktop/Bram3/bram_test.sdk/top_wrapper_hw_platform_0/ps7_init.tcl
targets -set -nocase -filter {name =~"APU*" && jtag_cable_name =~ "Digilent JTAG-HS1 210512180081"} -index 0
loadhw -hw C:/Users/sadra/Desktop/Bram3/bram_test.sdk/top_wrapper_hw_platform_0/system.hdf -mem-ranges [list {0x40000000 0xbfffffff}]
configparams force-mem-access 1
targets -set -nocase -filter {name =~"APU*" && jtag_cable_name =~ "Digilent JTAG-HS1 210512180081"} -index 0
stop
ps7_init
ps7_post_config
targets -set -nocase -filter {name =~ "ARM*#0" && jtag_cable_name =~ "Digilent JTAG-HS1 210512180081"} -index 0
rst -processor
targets -set -nocase -filter {name =~ "ARM*#0" && jtag_cable_name =~ "Digilent JTAG-HS1 210512180081"} -index 0
dow C:/Users/sadra/Desktop/BRAM2/bram_test.sdk/b/Debug/b.elf
configparams force-mem-access 0
----------------End of Script----------------

18:02:33 INFO  : Memory regions updated for context APU
18:02:33 INFO  : Context for processor 'ps7_cortexa9_0' is selected.
18:02:33 INFO  : 'con' command is executed.
18:02:33 INFO  : ----------------XSDB Script (After Launch)----------------
targets -set -nocase -filter {name =~ "ARM*#0" && jtag_cable_name =~ "Digilent JTAG-HS1 210512180081"} -index 0
con
----------------End of Script----------------

18:02:33 INFO  : Launch script is exported to file 'C:\Users\sadra\Desktop\Bram3\bram_test.sdk\.sdk\launch_scripts\xilinx_c-c++_application_(system_debugger)\system_debugger_on_local.tcl'
18:02:44 INFO  : Disconnected from the channel tcfchan#13.
18:02:45 INFO  : Connected to target on host '127.0.0.1' and port '3121'.
18:02:45 INFO  : Jtag cable 'Digilent JTAG-HS1 210512180081' is selected.
18:02:45 INFO  : 'jtag frequency' command is executed.
18:02:45 INFO  : Sourcing of 'C:/Users/sadra/Desktop/Bram3/bram_test.sdk/top_wrapper_hw_platform_0/ps7_init.tcl' is done.
18:02:45 INFO  : Context for 'APU' is selected.
18:02:45 INFO  : System reset is completed.
18:02:48 INFO  : 'after 3000' command is executed.
18:02:48 INFO  : 'targets -set -filter {jtag_cable_name =~ "Digilent JTAG-HS1 210512180081" && level==0} -index 1' command is executed.
18:02:50 INFO  : FPGA configured successfully with bitstream "C:/Users/sadra/Desktop/Bram3/bram_test.sdk/top_wrapper_hw_platform_0/top_wrapper.bit"
18:02:50 INFO  : Context for 'APU' is selected.
18:02:50 INFO  : Hardware design information is loaded from 'C:/Users/sadra/Desktop/Bram3/bram_test.sdk/top_wrapper_hw_platform_0/system.hdf'.
18:02:50 INFO  : 'configparams force-mem-access 1' command is executed.
18:02:50 INFO  : Context for 'APU' is selected.
18:02:50 INFO  : 'ps7_init' command is executed.
18:02:50 INFO  : 'ps7_post_config' command is executed.
18:02:50 INFO  : Context for processor 'ps7_cortexa9_0' is selected.
18:02:51 INFO  : The application 'C:/Users/sadra/Desktop/BRAM2/bram_test.sdk/b/Debug/b.elf' is downloaded to processor 'ps7_cortexa9_0'.
18:02:51 INFO  : 'configparams force-mem-access 0' command is executed.
18:02:51 INFO  : ----------------XSDB Script----------------
connect -url tcp:127.0.0.1:3121
source C:/Users/sadra/Desktop/Bram3/bram_test.sdk/top_wrapper_hw_platform_0/ps7_init.tcl
targets -set -nocase -filter {name =~"APU*" && jtag_cable_name =~ "Digilent JTAG-HS1 210512180081"} -index 0
rst -system
after 3000
targets -set -filter {jtag_cable_name =~ "Digilent JTAG-HS1 210512180081" && level==0} -index 1
fpga -file C:/Users/sadra/Desktop/Bram3/bram_test.sdk/top_wrapper_hw_platform_0/top_wrapper.bit
targets -set -nocase -filter {name =~"APU*" && jtag_cable_name =~ "Digilent JTAG-HS1 210512180081"} -index 0
loadhw -hw C:/Users/sadra/Desktop/Bram3/bram_test.sdk/top_wrapper_hw_platform_0/system.hdf -mem-ranges [list {0x40000000 0xbfffffff}]
configparams force-mem-access 1
targets -set -nocase -filter {name =~"APU*" && jtag_cable_name =~ "Digilent JTAG-HS1 210512180081"} -index 0
ps7_init
ps7_post_config
targets -set -nocase -filter {name =~ "ARM*#0" && jtag_cable_name =~ "Digilent JTAG-HS1 210512180081"} -index 0
dow C:/Users/sadra/Desktop/BRAM2/bram_test.sdk/b/Debug/b.elf
configparams force-mem-access 0
----------------End of Script----------------

18:02:51 INFO  : Memory regions updated for context APU
18:02:51 INFO  : Context for processor 'ps7_cortexa9_0' is selected.
18:02:51 INFO  : 'con' command is executed.
18:02:51 INFO  : ----------------XSDB Script (After Launch)----------------
targets -set -nocase -filter {name =~ "ARM*#0" && jtag_cable_name =~ "Digilent JTAG-HS1 210512180081"} -index 0
con
----------------End of Script----------------

18:02:51 INFO  : Launch script is exported to file 'C:\Users\sadra\Desktop\Bram3\bram_test.sdk\.sdk\launch_scripts\xilinx_c-c++_application_(system_debugger)\system_debugger_on_local.tcl'
18:03:25 INFO  : Disconnected from the channel tcfchan#14.
18:03:26 INFO  : Connected to target on host '127.0.0.1' and port '3121'.
18:03:27 INFO  : Jtag cable 'Digilent JTAG-HS1 210512180081' is selected.
18:03:27 INFO  : 'jtag frequency' command is executed.
18:03:27 INFO  : Sourcing of 'C:/Users/sadra/Desktop/Bram3/bram_test.sdk/top_wrapper_hw_platform_0/ps7_init.tcl' is done.
18:03:27 INFO  : Context for 'APU' is selected.
18:03:27 INFO  : System reset is completed.
18:03:30 INFO  : 'after 3000' command is executed.
18:03:30 INFO  : 'targets -set -filter {jtag_cable_name =~ "Digilent JTAG-HS1 210512180081" && level==0} -index 1' command is executed.
18:03:31 INFO  : FPGA configured successfully with bitstream "C:/Users/sadra/Desktop/Bram3/bram_test.sdk/top_wrapper_hw_platform_0/top_wrapper.bit"
18:03:31 INFO  : Context for 'APU' is selected.
18:03:32 INFO  : Hardware design information is loaded from 'C:/Users/sadra/Desktop/Bram3/bram_test.sdk/top_wrapper_hw_platform_0/system.hdf'.
18:03:32 INFO  : 'configparams force-mem-access 1' command is executed.
18:03:32 INFO  : Context for 'APU' is selected.
18:03:32 INFO  : 'ps7_init' command is executed.
18:03:32 INFO  : 'ps7_post_config' command is executed.
18:03:32 INFO  : Context for processor 'ps7_cortexa9_0' is selected.
18:03:32 INFO  : The application 'C:/Users/sadra/Desktop/BRAM2/bram_test.sdk/b/Debug/b.elf' is downloaded to processor 'ps7_cortexa9_0'.
18:03:32 INFO  : 'configparams force-mem-access 0' command is executed.
18:03:32 INFO  : ----------------XSDB Script----------------
connect -url tcp:127.0.0.1:3121
source C:/Users/sadra/Desktop/Bram3/bram_test.sdk/top_wrapper_hw_platform_0/ps7_init.tcl
targets -set -nocase -filter {name =~"APU*" && jtag_cable_name =~ "Digilent JTAG-HS1 210512180081"} -index 0
rst -system
after 3000
targets -set -filter {jtag_cable_name =~ "Digilent JTAG-HS1 210512180081" && level==0} -index 1
fpga -file C:/Users/sadra/Desktop/Bram3/bram_test.sdk/top_wrapper_hw_platform_0/top_wrapper.bit
targets -set -nocase -filter {name =~"APU*" && jtag_cable_name =~ "Digilent JTAG-HS1 210512180081"} -index 0
loadhw -hw C:/Users/sadra/Desktop/Bram3/bram_test.sdk/top_wrapper_hw_platform_0/system.hdf -mem-ranges [list {0x40000000 0xbfffffff}]
configparams force-mem-access 1
targets -set -nocase -filter {name =~"APU*" && jtag_cable_name =~ "Digilent JTAG-HS1 210512180081"} -index 0
ps7_init
ps7_post_config
targets -set -nocase -filter {name =~ "ARM*#0" && jtag_cable_name =~ "Digilent JTAG-HS1 210512180081"} -index 0
dow C:/Users/sadra/Desktop/BRAM2/bram_test.sdk/b/Debug/b.elf
configparams force-mem-access 0
----------------End of Script----------------

18:03:32 INFO  : Memory regions updated for context APU
18:03:32 INFO  : Context for processor 'ps7_cortexa9_0' is selected.
18:03:32 INFO  : 'con' command is executed.
18:03:32 INFO  : ----------------XSDB Script (After Launch)----------------
targets -set -nocase -filter {name =~ "ARM*#0" && jtag_cable_name =~ "Digilent JTAG-HS1 210512180081"} -index 0
con
----------------End of Script----------------

18:03:32 INFO  : Launch script is exported to file 'C:\Users\sadra\Desktop\Bram3\bram_test.sdk\.sdk\launch_scripts\xilinx_c-c++_application_(system_debugger)\system_debugger_on_local.tcl'
18:04:22 INFO  : Disconnected from the channel tcfchan#15.
18:04:23 INFO  : 'targets -set -filter {jtag_cable_name =~ "Digilent JTAG-HS1 210512180081" && level==0} -index 1' command is executed.
18:04:23 INFO  : 'fpga -state' command is executed.
18:04:23 INFO  : Connected to target on host '127.0.0.1' and port '3121'.
18:04:23 INFO  : Jtag cable 'Digilent JTAG-HS1 210512180081' is selected.
18:04:23 INFO  : 'jtag frequency' command is executed.
18:04:23 INFO  : Sourcing of 'C:/Users/sadra/Desktop/Bram3/bram_test.sdk/top_wrapper_hw_platform_0/ps7_init.tcl' is done.
18:04:23 INFO  : Context for 'APU' is selected.
18:04:23 INFO  : Hardware design information is loaded from 'C:/Users/sadra/Desktop/Bram3/bram_test.sdk/top_wrapper_hw_platform_0/system.hdf'.
18:04:23 INFO  : 'configparams force-mem-access 1' command is executed.
18:04:23 INFO  : Context for 'APU' is selected.
18:04:23 INFO  : 'stop' command is executed.
18:04:24 INFO  : 'ps7_init' command is executed.
18:04:24 INFO  : 'ps7_post_config' command is executed.
18:04:24 INFO  : Context for processor 'ps7_cortexa9_0' is selected.
18:04:24 INFO  : Processor reset is completed for 'ps7_cortexa9_0'.
18:04:24 INFO  : Context for processor 'ps7_cortexa9_0' is selected.
18:04:24 INFO  : The application 'C:/Users/sadra/Desktop/BRAM2/bram_test.sdk/b/Debug/b.elf' is downloaded to processor 'ps7_cortexa9_0'.
18:04:24 INFO  : 'configparams force-mem-access 0' command is executed.
18:04:24 INFO  : ----------------XSDB Script----------------
connect -url tcp:127.0.0.1:3121
source C:/Users/sadra/Desktop/Bram3/bram_test.sdk/top_wrapper_hw_platform_0/ps7_init.tcl
targets -set -nocase -filter {name =~"APU*" && jtag_cable_name =~ "Digilent JTAG-HS1 210512180081"} -index 0
loadhw -hw C:/Users/sadra/Desktop/Bram3/bram_test.sdk/top_wrapper_hw_platform_0/system.hdf -mem-ranges [list {0x40000000 0xbfffffff}]
configparams force-mem-access 1
targets -set -nocase -filter {name =~"APU*" && jtag_cable_name =~ "Digilent JTAG-HS1 210512180081"} -index 0
stop
ps7_init
ps7_post_config
targets -set -nocase -filter {name =~ "ARM*#0" && jtag_cable_name =~ "Digilent JTAG-HS1 210512180081"} -index 0
rst -processor
targets -set -nocase -filter {name =~ "ARM*#0" && jtag_cable_name =~ "Digilent JTAG-HS1 210512180081"} -index 0
dow C:/Users/sadra/Desktop/BRAM2/bram_test.sdk/b/Debug/b.elf
configparams force-mem-access 0
----------------End of Script----------------

18:04:24 INFO  : Memory regions updated for context APU
18:04:24 INFO  : Context for processor 'ps7_cortexa9_0' is selected.
18:04:24 INFO  : 'con' command is executed.
18:04:24 INFO  : ----------------XSDB Script (After Launch)----------------
targets -set -nocase -filter {name =~ "ARM*#0" && jtag_cable_name =~ "Digilent JTAG-HS1 210512180081"} -index 0
con
----------------End of Script----------------

18:04:24 INFO  : Launch script is exported to file 'C:\Users\sadra\Desktop\Bram3\bram_test.sdk\.sdk\launch_scripts\xilinx_c-c++_application_(system_debugger)\system_debugger_on_local.tcl'
18:06:44 INFO  : Disconnected from the channel tcfchan#16.
18:06:45 INFO  : 'targets -set -filter {jtag_cable_name =~ "Digilent JTAG-HS1 210512180081" && level==0} -index 1' command is executed.
18:06:45 INFO  : 'fpga -state' command is executed.
18:06:45 INFO  : Connected to target on host '127.0.0.1' and port '3121'.
18:06:45 INFO  : Jtag cable 'Digilent JTAG-HS1 210512180081' is selected.
18:06:45 INFO  : 'jtag frequency' command is executed.
18:06:45 INFO  : Sourcing of 'C:/Users/sadra/Desktop/Bram3/bram_test.sdk/top_wrapper_hw_platform_0/ps7_init.tcl' is done.
18:06:45 INFO  : Context for 'APU' is selected.
18:06:45 INFO  : Hardware design information is loaded from 'C:/Users/sadra/Desktop/Bram3/bram_test.sdk/top_wrapper_hw_platform_0/system.hdf'.
18:06:45 INFO  : 'configparams force-mem-access 1' command is executed.
18:06:45 INFO  : Context for 'APU' is selected.
18:06:45 INFO  : 'stop' command is executed.
18:06:46 INFO  : 'ps7_init' command is executed.
18:06:46 INFO  : 'ps7_post_config' command is executed.
18:06:46 INFO  : Context for processor 'ps7_cortexa9_0' is selected.
18:06:46 INFO  : Processor reset is completed for 'ps7_cortexa9_0'.
18:06:46 INFO  : Context for processor 'ps7_cortexa9_0' is selected.
18:06:46 INFO  : The application 'C:/Users/sadra/Desktop/BRAM2/bram_test.sdk/b/Debug/b.elf' is downloaded to processor 'ps7_cortexa9_0'.
18:06:46 INFO  : 'configparams force-mem-access 0' command is executed.
18:06:46 INFO  : ----------------XSDB Script----------------
connect -url tcp:127.0.0.1:3121
source C:/Users/sadra/Desktop/Bram3/bram_test.sdk/top_wrapper_hw_platform_0/ps7_init.tcl
targets -set -nocase -filter {name =~"APU*" && jtag_cable_name =~ "Digilent JTAG-HS1 210512180081"} -index 0
loadhw -hw C:/Users/sadra/Desktop/Bram3/bram_test.sdk/top_wrapper_hw_platform_0/system.hdf -mem-ranges [list {0x40000000 0xbfffffff}]
configparams force-mem-access 1
targets -set -nocase -filter {name =~"APU*" && jtag_cable_name =~ "Digilent JTAG-HS1 210512180081"} -index 0
stop
ps7_init
ps7_post_config
targets -set -nocase -filter {name =~ "ARM*#0" && jtag_cable_name =~ "Digilent JTAG-HS1 210512180081"} -index 0
rst -processor
targets -set -nocase -filter {name =~ "ARM*#0" && jtag_cable_name =~ "Digilent JTAG-HS1 210512180081"} -index 0
dow C:/Users/sadra/Desktop/BRAM2/bram_test.sdk/b/Debug/b.elf
configparams force-mem-access 0
----------------End of Script----------------

18:06:46 INFO  : Memory regions updated for context APU
18:06:46 INFO  : Context for processor 'ps7_cortexa9_0' is selected.
18:06:46 INFO  : 'con' command is executed.
18:06:46 INFO  : ----------------XSDB Script (After Launch)----------------
targets -set -nocase -filter {name =~ "ARM*#0" && jtag_cable_name =~ "Digilent JTAG-HS1 210512180081"} -index 0
con
----------------End of Script----------------

18:06:46 INFO  : Launch script is exported to file 'C:\Users\sadra\Desktop\Bram3\bram_test.sdk\.sdk\launch_scripts\xilinx_c-c++_application_(system_debugger)\system_debugger_on_local.tcl'
22:28:25 INFO  : Disconnected from the channel tcfchan#17.
22:28:28 ERROR : Unexpected error while parsing XMD response ?: com.google.gson.JsonSyntaxException: com.google.gson.stream.MalformedJsonException: invalid number or unquoted string near 
